File generated at 13:57:04.281
[13:57:04.281] MESSAGE 440874299574845470 by <@178165057102938112>/FrelonMCR2/FrelonMCR2 in channel "bot" : Salut mon bb, tu vas bien ?
[13:57:05.527] MESSAGE 440874304964395008 by <@178165057102938112>/FrelonMCR2/FrelonMCR2 in channel "bot" : !say Ouaip
[13:57:05.713] BOT MESSAGE : 440874305694466048
[13:57:05.714] DELETED MESSAGE 440874304964395008 by <@178165057102938112>/FrelonMCR2/FrelonMCR2 : !say Ouaip
[13:57:17.591] MESSAGE 440874354818023435 by <@178165057102938112>/FrelonMCR2/FrelonMCR2 in channel "bot" : !help
[13:57:17.754] DELETED MESSAGE 440874354818023435 by <@178165057102938112>/FrelonMCR2/FrelonMCR2 : !help
[13:57:37.660] MESSAGE 440874439488438283 by <@178165057102938112>/FrelonMCR2/FrelonMCR2 in channel "bot" : !report <@178165057102938112> Poulpe ?
[13:57:37.856] DELETED MESSAGE 440874439488438283 by <@178165057102938112>/FrelonMCR2/FrelonMCR2 : !report <@178165057102938112> Poulpe ?
[13:57:37.858] BOT MESSAGE : 440874440209989653
[13:57:37.975] MESSAGE UPDATE 440874440209989653 by <@399489474205319179>/Boaki Actu's bot/Boaki Actu's bot : <@&398874109930635297>
[13:57:49.272] MESSAGE 440874488079450115 by <@178165057102938112>/FrelonMCR2/FrelonMCR2 in channel "bot" : (Sorry pour la mention j'avais oublié)
[13:58:03.871] MESSAGE 440874549693775882 by <@178165057102938112>/FrelonMCR2/FrelonMCR2 in channel "bot" : !help admin
[13:58:04.049] BOT MESSAGE : 440874550452944907 mentioning 178165057102938112
[13:58:04.079] DELETED MESSAGE 440874549693775882 by <@178165057102938112>/FrelonMCR2/FrelonMCR2 : !help admin
[13:58:20.199] MESSAGE 440874618094354443 by <@178165057102938112>/FrelonMCR2/FrelonMCR2 in channel "bot" : !ping
[13:58:20.403] DELETED MESSAGE 440874618094354443 by <@178165057102938112>/FrelonMCR2/FrelonMCR2 : !ping
[13:58:20.419] BOT MESSAGE : 440874619088666634 mentioning 178165057102938112
[13:58:36.502] MESSAGE 440874686545526791 by <@178165057102938112>/FrelonMCR2/FrelonMCR2 in channel "bot" : !log
[13:58:36.699] DELETED MESSAGE 440874686545526791 by <@178165057102938112>/FrelonMCR2/FrelonMCR2 : !log
[13:58:36.756] BOT MESSAGE : 440874687367610369
[13:59:09.968] MESSAGE 440874826878418973 by <@178165057102938112>/FrelonMCR2/FrelonMCR2 in channel "bot" : !doc
[13:59:10.170] DELETED MESSAGE 440874826878418973 by <@178165057102938112>/FrelonMCR2/FrelonMCR2 : !doc
[13:59:11.115] BOT MESSAGE : 440874831311798284
[13:59:40.842] MESSAGE 440874956382011392 by <@178165057102938112>/FrelonMCR2/FrelonMCR2 in channel "bot" : Bon bah tu marches toujours aussi bien visiblement