File generated at 11:27:24.009
[11:27:24.009] MESSAGE 419093370984595456 by <@178165057102938112>/FrelonMCR2/FrelonMCR2 : Poulpe
[11:27:25.530] MESSAGE UPDATE 419093370984595456 by <@178165057102938112>/FrelonMCR2/FrelonMCR2 : Poulpe edit
[11:27:29.670] DELETED MESSAGE 419093370984595456 by <@178165057102938112>/FrelonMCR2/FrelonMCR2 : Poulpe edit
[11:27:37.367] MESSAGE 419093427033079818 by <@178165057102938112>/FrelonMCR2/FrelonMCR2 : !aide
[11:27:37.537] DELETED MESSAGE 419093427033079818 by <@178165057102938112>/FrelonMCR2/FrelonMCR2 : !aide
[11:27:37.543] BOT MESSAGE : 419093427771146240 mentioning @178165057102938112
[11:27:41.165] VOICE STATE UPDATE  by <@178165057102938112>/FrelonMCR2/FrelonMCR2 : muted in channel Vocal Admin
[11:27:43.225] VOICE STATE UPDATE  by <@178165057102938112>/FrelonMCR2/FrelonMCR2 : unmuted in channel Vocal Admin
[11:27:43.932] VOICE STATE UPDATE  by <@178165057102938112>/FrelonMCR2/FrelonMCR2 : muted in channel Vocal Admin
[11:27:45.893] VOICE STATE UPDATE  by <@178165057102938112>/FrelonMCR2/FrelonMCR2 : muted offline
[11:32:30.996] MESSAGE 419094649668501506 by <@288336619147231233>/Nowa/Nowa : Aujourd'hui j'ai rêvé de Boaki, je me suis réveillé, dépression en me souvenant que c'est fermé 😂
[11:51:22.524] MESSAGE 419099395909222410 by <@178165057102938112>/FrelonMCR2/FrelonMCR2 : Aie :/
[11:58:32.153] MESSAGE 419101197769768961 by <@178165057102938112>/FrelonMCR2/FrelonMCR2 : !log
[11:58:50.328] MESSAGE 419101274127073290 by <@178165057102938112>/FrelonMCR2/FrelonMCR2 : !log
[11:59:09.511] MESSAGE 419101354540269568 by <@178165057102938112>/FrelonMCR2/FrelonMCR2 : !log
[11:59:09.716] DELETED MESSAGE 419101354540269568 by <@178165057102938112>/FrelonMCR2/FrelonMCR2 : !log
[12:00:59.415] MESSAGE 419101815544610816 by <@178165057102938112>/FrelonMCR2/FrelonMCR2 : !log 2018-03-01
[12:00:59.569] DELETED MESSAGE 419101815544610816 by <@178165057102938112>/FrelonMCR2/FrelonMCR2 : !log 2018-03-01
[12:01:52.641] MESSAGE 419102038459416598 by <@178165057102938112>/FrelonMCR2/FrelonMCR2 : !log 2018-03-01
[12:01:52.804] DELETED MESSAGE 419102038459416598 by <@178165057102938112>/FrelonMCR2/FrelonMCR2 : !log 2018-03-01
[12:03:11.936] MESSAGE 419102371063398411 by <@178165057102938112>/FrelonMCR2/FrelonMCR2 : !log
[12:03:12.115] DELETED MESSAGE 419102371063398411 by <@178165057102938112>/FrelonMCR2/FrelonMCR2 : !log
[12:03:44.902] MESSAGE 419102509626425344 by <@178165057102938112>/FrelonMCR2/FrelonMCR2 : !log
[12:03:45.080] DELETED MESSAGE 419102509626425344 by <@178165057102938112>/FrelonMCR2/FrelonMCR2 : !log
[12:04:36.597] MESSAGE 419102726199181313 by <@178165057102938112>/FrelonMCR2/FrelonMCR2 : !log
[12:04:36.796] DELETED MESSAGE 419102726199181313 by <@178165057102938112>/FrelonMCR2/FrelonMCR2 : !log
[12:04:52.197] MESSAGE 419102791584448524 by <@178165057102938112>/FrelonMCR2/FrelonMCR2 : !log
[12:04:52.361] DELETED MESSAGE 419102791584448524 by <@178165057102938112>/FrelonMCR2/FrelonMCR2 : !log
[12:04:52.426] BOT MESSAGE : 419102792863711252
[12:05:26.790] MESSAGE 419102936589795332 by <@178165057102938112>/FrelonMCR2/FrelonMCR2 : !log
[12:05:26.984] DELETED MESSAGE 419102936589795332 by <@178165057102938112>/FrelonMCR2/FrelonMCR2 : !log
[12:05:27.030] BOT MESSAGE : 419102937789497345
[12:05:43.516] MESSAGE 419103006911365121 by <@178165057102938112>/FrelonMCR2/FrelonMCR2 : !log
[12:05:43.691] DELETED MESSAGE 419103006911365121 by <@178165057102938112>/FrelonMCR2/FrelonMCR2 : !log
[12:05:43.762] BOT MESSAGE : 419103007825723395
[12:05:47.384] MESSAGE 419103023378464768 by <@178165057102938112>/FrelonMCR2/FrelonMCR2 : !cmd
[12:05:47.561] BOT MESSAGE : 419103023768403969 mentioning @178165057102938112
[12:05:47.612] DELETED MESSAGE 419103023378464768 by <@178165057102938112>/FrelonMCR2/FrelonMCR2 : !cmd
[12:07:49.008] MESSAGE 419103533464289291 by <@178165057102938112>/FrelonMCR2/FrelonMCR2 : !cmd
[12:07:49.178] DELETED MESSAGE 419103533464289291 by <@178165057102938112>/FrelonMCR2/FrelonMCR2 : !cmd
[12:07:49.256] BOT MESSAGE : 419103534299086881 mentioning @178165057102938112
[12:07:51.822] MESSAGE 419103545103745024 by <@178165057102938112>/FrelonMCR2/FrelonMCR2 : !cmd admin
[12:07:51.987] BOT MESSAGE : 419103546017972224 mentioning @178165057102938112
[12:07:51.991] DELETED MESSAGE 419103545103745024 by <@178165057102938112>/FrelonMCR2/FrelonMCR2 : !cmd admin
[12:20:00.918] MESSAGE 419106603309203456 by <@178165057102938112>/FrelonMCR2/FrelonMCR2 : <@288336619147231233>  et <@!238969660765241355> , la nouvelle commande !log vous permet de download le fichier des logs de la journée désormais généré par le bot, il enregistre les messages, les modifications de message, les suppressions de message, les mouvements et mute/unmute dans les channels vocaux, les arrivées et les départs de nouveaux membres. Le contenu des messages de bot ne sont volontairement pas inscrits car inutiles. Vous pouvez accéder au log d'un autre jour en mettant la date en argument sous la forme YYYY-MM-DD. Ex : !log 2018-03-01
[12:21:21.721] MESSAGE 419106942053646336 by <@178165057102938112>/FrelonMCR2/FrelonMCR2 : Pour pas que vous vous perdiez dans les détails de toutes les commandes avec parfois des synthaxes un peu plus compliqués, la commande !documentation (alias !doc) vous renvoi le fichier de documentation du bot, vous en aurez besoin pour tout comprendre ahah... La commande !aide admin (ou !cmd admin, ou !help admin) ne renvoi maintenant plus que les synthaxes globales, la commande d'aide pour les utilisateurs normaux sera modifiée.
[12:21:28.002] MESSAGE UPDATE 419106942053646336 by <@178165057102938112>/FrelonMCR2/FrelonMCR2 : Pour pas que vous vous perdiez dans les détails de toutes les commandes avec parfois des synthaxes un peu plus compliqués, la nouvelle commande !documentation (alias !doc) vous renvoi le fichier de documentation du bot, vous en aurez besoin pour tout comprendre ahah... La commande !aide admin (ou !cmd admin, ou !help admin) ne renvoi maintenant plus que les synthaxes globales, la commande d'aide pour les utilisateurs normaux sera modifiée.
[12:21:42.619] MESSAGE 419107029894955028 by <@288336619147231233>/Nowa/Nowa : Ok merci !
[12:26:02.680] MESSAGE 419108120657395712 by <@178165057102938112>/FrelonMCR2/FrelonMCR2 : Pour naviguer dans les logs vous pouvez utiliser ce que vous voulez (SAUF le bloc-note ahah...), mais jvous conseil le petit logiciel Glogg plutôt pratique.
[12:26:51.952] MESSAGE 419108327331725312 by <@178165057102938112>/FrelonMCR2/FrelonMCR2 : Poulpe
[14:10:53.842] MESSAGE 419134507359272987 by <@178165057102938112>/FrelonMCR2/FrelonMCR2 : !file 4
[14:10:54.064] DELETED MESSAGE 419134507359272987 by <@178165057102938112>/FrelonMCR2/FrelonMCR2 : !file 4
[14:12:29.443] MESSAGE 419134908154249217 by <@178165057102938112>/FrelonMCR2/FrelonMCR2 : !file
[14:12:29.614] DELETED MESSAGE 419134908154249217 by <@178165057102938112>/FrelonMCR2/FrelonMCR2 : !file
[14:12:42.060] MESSAGE 419134961380229130 by <@178165057102938112>/FrelonMCR2/FrelonMCR2 : !file
[14:12:42.260] DELETED MESSAGE 419134961380229130 by <@178165057102938112>/FrelonMCR2/FrelonMCR2 : !file
[14:13:02.084] MESSAGE 419135045186617345 by <@178165057102938112>/FrelonMCR2/FrelonMCR2 : !file
[14:13:02.245] DELETED MESSAGE 419135045186617345 by <@178165057102938112>/FrelonMCR2/FrelonMCR2 : !file
[14:13:10.525] MESSAGE 419135080770961408 by <@178165057102938112>/FrelonMCR2/FrelonMCR2 : !file 4
[14:13:10.688] DELETED MESSAGE 419135080770961408 by <@178165057102938112>/FrelonMCR2/FrelonMCR2 : !file 4
[14:14:34.743] MESSAGE 419135433629368322 by <@178165057102938112>/FrelonMCR2/FrelonMCR2 : !file
[14:14:34.922] DELETED MESSAGE 419135433629368322 by <@178165057102938112>/FrelonMCR2/FrelonMCR2 : !file
[14:14:44.597] MESSAGE 419135474947588097 by <@178165057102938112>/FrelonMCR2/FrelonMCR2 : !file 4
[14:14:44.771] DELETED MESSAGE 419135474947588097 by <@178165057102938112>/FrelonMCR2/FrelonMCR2 : !file 4
[14:15:02.620] MESSAGE 419135550721753090 by <@178165057102938112>/FrelonMCR2/FrelonMCR2 : !file
[14:15:02.794] DELETED MESSAGE 419135550721753090 by <@178165057102938112>/FrelonMCR2/FrelonMCR2 : !file
[14:15:04.469] MESSAGE 419135558678216714 by <@178165057102938112>/FrelonMCR2/FrelonMCR2 : !file 4
[14:15:04.805] DELETED MESSAGE 419135558678216714 by <@178165057102938112>/FrelonMCR2/FrelonMCR2 : !file 4
[14:15:27.100] MESSAGE 419135653364891649 by <@178165057102938112>/FrelonMCR2/FrelonMCR2 : !file
[14:15:27.317] DELETED MESSAGE 419135653364891649 by <@178165057102938112>/FrelonMCR2/FrelonMCR2 : !file
[14:15:28.868] MESSAGE 419135660142624771 by <@178165057102938112>/FrelonMCR2/FrelonMCR2 : !file 4
[14:15:29.050] DELETED MESSAGE 419135660142624771 by <@178165057102938112>/FrelonMCR2/FrelonMCR2 : !file 4
[14:16:06.932] MESSAGE 419135820256247809 by <@178165057102938112>/FrelonMCR2/FrelonMCR2 : !file
[14:16:07.119] DELETED MESSAGE 419135820256247809 by <@178165057102938112>/FrelonMCR2/FrelonMCR2 : !file
[14:18:17.419] MESSAGE 419136367721709570 by <@178165057102938112>/FrelonMCR2/FrelonMCR2 : !log
[14:18:17.603] DELETED MESSAGE 419136367721709570 by <@178165057102938112>/FrelonMCR2/FrelonMCR2 : !log
[14:18:17.695] BOT MESSAGE : 419136369022205953
[14:18:20.021] MESSAGE 419136378786283520 by <@178165057102938112>/FrelonMCR2/FrelonMCR2 : !log 4
[14:18:20.241] DELETED MESSAGE 419136378786283520 by <@178165057102938112>/FrelonMCR2/FrelonMCR2 : !log 4
[14:18:20.285] BOT MESSAGE : 419136379910356993 mentioning @178165057102938112
[14:18:29.209] MESSAGE 419136417394982922 by <@178165057102938112>/FrelonMCR2/FrelonMCR2 : !log 2018-03-01
[14:18:29.405] DELETED MESSAGE 419136417394982922 by <@178165057102938112>/FrelonMCR2/FrelonMCR2 : !log 2018-03-01
[14:18:29.483] BOT MESSAGE : 419136418238038018
[14:20:40.257] MESSAGE 419136966932824065 by <@178165057102938112>/FrelonMCR2/FrelonMCR2 : !file
[14:20:40.453] DELETED MESSAGE 419136966932824065 by <@178165057102938112>/FrelonMCR2/FrelonMCR2 : !file
[14:20:43.810] MESSAGE 419136981994438656 by <@178165057102938112>/FrelonMCR2/FrelonMCR2 : !file 4
[14:20:44.007] DELETED MESSAGE 419136981994438656 by <@178165057102938112>/FrelonMCR2/FrelonMCR2 : !file 4
[14:20:56.768] MESSAGE 419137036201754635 by <@178165057102938112>/FrelonMCR2/FrelonMCR2 : !file http://www.boakiactu.fr/photo/11627966
[14:20:56.928] DELETED MESSAGE 419137036201754635 by <@178165057102938112>/FrelonMCR2/FrelonMCR2 : !file http://www.boakiactu.fr/photo/11627966
[14:21:06.180] MESSAGE 419137075539869697 by <@178165057102938112>/FrelonMCR2/FrelonMCR2 : !file https://static.blog4ever.com/2010/07/424747/big_photo_424747_11627966_201508134605623.jpg
[14:21:06.372] DELETED MESSAGE 419137075539869697 by <@178165057102938112>/FrelonMCR2/FrelonMCR2 : !file https://static.blog4ever.com/2010/07/424747/big_photo_424747_11627966_201508134605623.jpg
[14:21:26.328] MESSAGE 419137160294170634 by <@178165057102938112>/FrelonMCR2/FrelonMCR2 : !file https://static.blog4ever.com/2010/07/424747/big_photo_424747_11627966_201508134605623.jpg
[14:21:26.494] DELETED MESSAGE 419137160294170634 by <@178165057102938112>/FrelonMCR2/FrelonMCR2 : !file https://static.blog4ever.com/2010/07/424747/big_photo_424747_11627966_201508134605623.jpg
[14:21:49.341] MESSAGE 419137256700510209 by <@178165057102938112>/FrelonMCR2/FrelonMCR2 : !file https://static.blog4ever.com/2010/07/424747/big_photo_424747_11627966_201508134605623.jpg
[14:21:49.504] DELETED MESSAGE 419137256700510209 by <@178165057102938112>/FrelonMCR2/FrelonMCR2 : !file https://static.blog4ever.com/2010/07/424747/big_photo_424747_11627966_201508134605623.jpg
[14:22:20.986] MESSAGE 419137389559152640 by <@178165057102938112>/FrelonMCR2/FrelonMCR2 : !file
[14:22:21.150] DELETED MESSAGE 419137389559152640 by <@178165057102938112>/FrelonMCR2/FrelonMCR2 : !file
[14:22:22.287] MESSAGE 419137395020136468 by <@178165057102938112>/FrelonMCR2/FrelonMCR2 : !file 4
[14:22:22.487] DELETED MESSAGE 419137395020136468 by <@178165057102938112>/FrelonMCR2/FrelonMCR2 : !file 4
[14:22:23.787] MESSAGE 419137401051545602 by <@178165057102938112>/FrelonMCR2/FrelonMCR2 : !file https://static.blog4ever.com/2010/07/424747/big_photo_424747_11627966_201508134605623.jpg
[14:22:23.966] DELETED MESSAGE 419137401051545602 by <@178165057102938112>/FrelonMCR2/FrelonMCR2 : !file https://static.blog4ever.com/2010/07/424747/big_photo_424747_11627966_201508134605623.jpg
[14:22:24.318] BOT MESSAGE : 419137403488305163
[14:22:28.416] MESSAGE 419137420739477515 by <@178165057102938112>/FrelonMCR2/FrelonMCR2 : !log
[14:22:28.582] DELETED MESSAGE 419137420739477515 by <@178165057102938112>/FrelonMCR2/FrelonMCR2 : !log
[14:22:28.785] BOT MESSAGE : 419137422081785863