File generated at 11:38:06.046
[11:38:06.046] MESSAGE 421632769916141589 by <@178165057102938112>/FrelonMCR2/FrelonMCR2 in channel "dev_bot" : Petit bot, tu peux m'expliquer comment coder l'envoi du msg d'invitation a la fin du ban temp ?
[11:38:56.063] MESSAGE 421632980058898432 by <@178165057102938112>/FrelonMCR2/FrelonMCR2 in channel "dev_bot" : !say Tu dois vérifier au moment de la génération du fichier de log si des bans se terminent aujourd'hui, et si oui tu leurs envoi un mp leur disant que leur bannissement se termine aujourd'hui avec un lien d'invitation
[11:38:56.243] BOT MESSAGE : 421632980780318739
[11:38:56.270] DELETED MESSAGE 421632980058898432 by <@178165057102938112>/FrelonMCR2/FrelonMCR2 : !say Tu dois vérifier au moment de la génération du fichier de log si des bans se terminent aujourd'hui, et si oui tu leurs envoi un mp leur disant que leur bannissement se termine aujourd'hui avec un lien d'invitation
[11:39:06.975] MESSAGE 421633025563033611 by <@238969660765241355>/minecraft89/minecraft89 in channel "discussion" : XDD
[11:39:19.409] MESSAGE 421633077626798094 by <@238969660765241355>/minecraft89/minecraft89 in channel "discussion" : tu fais carrément une mise en scene
[11:39:22.753] MESSAGE 421633091958734848 by <@178165057102938112>/FrelonMCR2/FrelonMCR2 in channel "dev_bot" : Ok merci <3, mais si personne se connecte ou parle dans le chat de la journée, il y a pas de génération de fichier de log et donc il recevra pas de messages ?
[11:39:22.779] MESSAGE 421633091958865951 by <@238969660765241355>/minecraft89/minecraft89 in channel "discussion" : c'est trop bien
[11:40:02.461] MESSAGE 421633258241916929 by <@178165057102938112>/FrelonMCR2/FrelonMCR2 in channel "dev_bot" : !say Il y aura surement au moins 1 truc a log par jour, ou au pire il se démerdera il fallait pas qu'il se fasse ban mwahahaha
[11:40:02.629] DELETED MESSAGE 421633258241916929 by <@178165057102938112>/FrelonMCR2/FrelonMCR2 : !say Il y aura surement au moins 1 truc a log par jour, ou au pire il se démerdera il fallait pas qu'il se fasse ban mwahahaha
[11:40:02.653] BOT MESSAGE : 421633259303206914
[11:40:06.039] MESSAGE 421633273429491713 by <@178165057102938112>/FrelonMCR2/FrelonMCR2 in channel "dev_bot" : Oki ❤
[11:40:20.255] MESSAGE 421633332594475008 by <@238969660765241355>/minecraft89/minecraft89 in channel "discussion" : si personne parle, le bot log quand meme un truc au pire
[11:40:35.513] MESSAGE 421633396788428812 by <@178165057102938112>/FrelonMCR2/FrelonMCR2 in channel "discussion" : Me faut un événement a log
[11:40:47.898] MESSAGE 421633449124954112 by <@238969660765241355>/minecraft89/minecraft89 in channel "discussion" : tu mes le bot envoi un message dans dev bot tut les jours
[11:41:01.613] MESSAGE 421633506586656769 by <@178165057102938112>/FrelonMCR2/FrelonMCR2 in channel "discussion" : Le truc c'est que je peux pas faire un timer de 24h xD, c'est mal ce genre de choses
[11:41:04.718] MESSAGE 421633519593324564 by <@238969660765241355>/minecraft89/minecraft89 in channel "discussion" : xd
[11:41:10.876] MESSAGE 421633545191161858 by <@178165057102938112>/FrelonMCR2/FrelonMCR2 in channel "discussion" : Et il y a pas d'événement "a 4h du math"
[11:41:16.816] MESSAGE UPDATE 421633545191161858 by <@178165057102938112>/FrelonMCR2/FrelonMCR2 : Et il y a pas d'événement "a 4h du mat"
[11:41:46.763] MESSAGE 421633695959482368 by <@178165057102938112>/FrelonMCR2/FrelonMCR2 in channel "discussion" : Donc les événements actuels c'est : modif du statut vocal (change de channel ou mute/unmute en étant co), nouveau message, delete de message, edit de message
[11:41:53.717] MESSAGE 421633725189586954 by <@238969660765241355>/minecraft89/minecraft89 in channel "discussion" : hum
[11:41:58.347] MESSAGE 421633744424927233 by <@178165057102938112>/FrelonMCR2/FrelonMCR2 in channel "discussion" : Sauf que si il y a rien de tout ça dans la journée, pas de fichier de log
[11:42:11.737] MESSAGE 421633800326479894 by <@238969660765241355>/minecraft89/minecraft89 in channel "discussion" : bah euuuh
[11:42:21.507] MESSAGE 421633841556619266 by <@238969660765241355>/minecraft89/minecraft89 in channel "discussion" : on parlera tout les jours
[11:42:28.054] MESSAGE 421633869184368640 by <@178165057102938112>/FrelonMCR2/FrelonMCR2 in channel "discussion" : Probablement ahah
[11:42:50.443] MESSAGE 421633962692182018 by <@178165057102938112>/FrelonMCR2/FrelonMCR2 in channel "discussion" : Ou au pire on pensera peut être (ou non mdr) a celui qui se fait deban donc on dira un truc pour que ce soit la
[11:42:52.253] MESSAGE UPDATE 421633962692182018 by <@178165057102938112>/FrelonMCR2/FrelonMCR2 : Ou au pire on pensera peut être (ou non mdr) a celui qui se fait deban donc on dira un truc pour que ce soit log
[11:43:00.645] MESSAGE 421634005864022036 by <@238969660765241355>/minecraft89/minecraft89 in channel "discussion" : ok xd
[11:43:24.850] MESSAGE 421634107387412530 by <@178165057102938112>/FrelonMCR2/FrelonMCR2 in channel "discussion" : Il y a l'événement ready qui dit "quand le bot est prêt a taff" sauf que le VPS sera pas restart tout les jours, c'est utile pour des jeux vidéos pour un bot discord aussi c'est mal ce genre de choses x)
[11:43:37.875] MESSAGE UPDATE 421634107387412530 by <@178165057102938112>/FrelonMCR2/FrelonMCR2 : Il y a l'événement ready qui dit "quand le bot est prêt a taff" sauf que le VPS sera pas restart tout les jours, c'est utile pour des jeux vidéos mais pour un bot discord aussi c'est mal ce genre de choses x)
[11:43:55.016] MESSAGE 421634233979895808 by <@238969660765241355>/minecraft89/minecraft89 in channel "discussion" : xd
[11:44:54.677] MESSAGE 421634483935248385 by <@178165057102938112>/FrelonMCR2/FrelonMCR2 in channel "discussion" : Bon du coup je ferais comme mon petit bot m'a conseillé
[11:45:27.912] MESSAGE 421634623546589194 by <@238969660765241355>/minecraft89/minecraft89 in channel "discussion" : sur le serveur de ced ya beaucoup de gens, ça serais bien qu'ils viennent sur ce serveur quand il sera terminé
[11:45:41.349] MESSAGE 421634679578296321 by <@238969660765241355>/minecraft89/minecraft89 in channel "discussion" : 
[11:46:22.630] MESSAGE 421634852945788929 by <@178165057102938112>/FrelonMCR2/FrelonMCR2 in channel "discussion" : Houla ca me rappel de mauvais souvenirs tout ça
[11:46:28.298] MESSAGE 421634876706652161 by <@238969660765241355>/minecraft89/minecraft89 in channel "discussion" : pourquoi ?
[11:46:41.282] MESSAGE 421634931102580747 by <@178165057102938112>/FrelonMCR2/FrelonMCR2 in channel "discussion" : L'époque des vols de sujets d'articles et de visiteurs entre Boaki Actu et Gobadu ahah
[11:46:53.052] MESSAGE 421634980465213451 by <@238969660765241355>/minecraft89/minecraft89 in channel "discussion" : xDD
[11:46:54.270] MESSAGE 421634985779265546 by <@178165057102938112>/FrelonMCR2/FrelonMCR2 in channel "discussion" : Ils m'ont même volé du code HTML une fois ahah
[11:47:16.873] MESSAGE 421635080579186688 by <@178165057102938112>/FrelonMCR2/FrelonMCR2 in channel "discussion" : J'avais un bandeau défilant en haut de ma page d'accueil ils me l'ont volé pour l'implémanter sur Gobadu x)
[11:47:49.745] MESSAGE 421635218513068042 by <@178165057102938112>/FrelonMCR2/FrelonMCR2 in channel "discussion" : Heureusement après Yanis a rejoint Gobadu donc leur qualité d'article à profondément baissé mdr
[11:47:50.640] MESSAGE 421635222191472660 by <@238969660765241355>/minecraft89/minecraft89 in channel "discussion" : xDD
[11:48:27.894] MESSAGE 421635378424840193 by <@178165057102938112>/FrelonMCR2/FrelonMCR2 in channel "discussion" : Bon du coup tu pourras essayer de les faire venir si tu veux, mais en tout cas rajoute pas plus d'activité sur leur discord :p
[11:49:16.763] MESSAGE 421635583123652609 by <@178165057102938112>/FrelonMCR2/FrelonMCR2 in channel "discussion" : (J'ai dit pourra, au futur)
[11:49:26.677] MESSAGE 421635624735342603 by <@238969660765241355>/minecraft89/minecraft89 in channel "discussion" : ok
[11:51:18.337] MESSAGE 421636093155344385 by <@178165057102938112>/FrelonMCR2/FrelonMCR2 in channel "discussion" : Rajoute le fait que la pub pour un discord au sujet partiellement similaire est interdit x)
[11:51:55.340] MESSAGE 421636247463919617 by <@238969660765241355>/minecraft89/minecraft89 in channel "discussion" : tkt jbannirais instant
[11:51:57.584] MESSAGE 421636257949417482 by <@238969660765241355>/minecraft89/minecraft89 in channel "discussion" : si ça dois arrivé
[11:52:01.097] MESSAGE 421636272671424522 by <@178165057102938112>/FrelonMCR2/FrelonMCR2 in channel "discussion" : Ou juste un "  La pub, quelle que soit sa forme (youtube, discord) est strictement interdite."
[11:52:02.300] MESSAGE 421636277410988033 by <@178165057102938112>/FrelonMCR2/FrelonMCR2 in channel "discussion" : Oki
[11:52:15.567] MESSAGE 421636333371654154 by <@178165057102938112>/FrelonMCR2/FrelonMCR2 in channel "discussion" : Encore youtube ça peut passer jpense ça dépend
[11:52:19.053] MESSAGE 421636347888140289 by <@178165057102938112>/FrelonMCR2/FrelonMCR2 in channel "discussion" : Jte laisse faire x)
[11:52:30.449] MESSAGE 421636395807932416 by <@238969660765241355>/minecraft89/minecraft89 in channel "discussion" : on adaptera les regles suivant les cas
[11:52:34.363] MESSAGE 421636412195209226 by <@178165057102938112>/FrelonMCR2/FrelonMCR2 in channel "discussion" : Ouai
[11:53:12.868] MESSAGE 421636573239574528 by <@178165057102938112>/FrelonMCR2/FrelonMCR2 in channel "dev_bot" : Jrepasse tout a l'heure pour te coder ça mon bébé ❤
[11:54:07.650] MESSAGE 421636803410264065 by <@238969660765241355>/minecraft89/minecraft89 in channel "discussion" : bon déjà boakinews est pas fermé
[11:54:16.347] MESSAGE 421636839959691264 by <@178165057102938112>/FrelonMCR2/FrelonMCR2 in channel "discussion" : Car pas sur les serveurs des manimaks ahah
[11:54:24.641] MESSAGE 421636874763763721 by <@178165057102938112>/FrelonMCR2/FrelonMCR2 in channel "discussion" : Sinon il le serait surement avec la fermeture du site
[11:54:28.494] MESSAGE 421636890639466497 by <@178165057102938112>/FrelonMCR2/FrelonMCR2 in channel "discussion" : Mais ouai c'est cool
[11:55:15.969] MESSAGE 421637090019901450 by <@238969660765241355>/minecraft89/minecraft89 in channel "discussion" : 
[11:55:50.731] MESSAGE 421637235708788736 by <@178165057102938112>/FrelonMCR2/FrelonMCR2 in channel "discussion" : Un petit chateau des manimaks
[11:56:02.754] MESSAGE 421637286229180436 by <@238969660765241355>/minecraft89/minecraft89 in channel "discussion" : oui
[11:56:23.107] MESSAGE 421637371638054912 by <@178165057102938112>/FrelonMCR2/FrelonMCR2 in channel "discussion" : L'image est dispo en grand sur la page facebook de Boaki de mémoire
[11:59:51.353] MESSAGE 421638245072502784 by <@178165057102938112>/FrelonMCR2/FrelonMCR2 in channel "discussion" : Les serveurs sont off donc ça marche plus ça, dommage
[11:59:51.916] MESSAGE 421638247186169857 by <@178165057102938112>/FrelonMCR2/FrelonMCR2 in channel "discussion" : https://boakinewsfr.wordpress.com/2012/03/05/resultats-des-championnats/
[11:59:52.638] MESSAGE UPDATE 421638247186169857 by <@178165057102938112>/FrelonMCR2/FrelonMCR2 : https://boakinewsfr.wordpress.com/2012/03/05/resultats-des-championnats/
[13:45:25.478] MESSAGE 421664812133646336 by <@178165057102938112>/FrelonMCR2/FrelonMCR2 in channel "reglement" : !say !say <:star5:419819467799920640>  Nous tenons à une ambiance de paix au sein de cette communauté. Pour cela, il est interdit de critiquer ou d'insulter une personne pour sa nationalité, ses origines, sa religion, son orientation sexuelle, son genre, ses choix de vie, sa classe sociale, ses opinions politiques, ses goûts personnels, son poids, sa taille ou sa santé (physique ou mentale). Les provocations, diffamations, moqueries et harcèlements sont interdits.


<:star1:419819468961742848>  Le respect est l'une des valeurs principales de cette communautée. Veuillez donc respecter autruis, que ce soit membre ou staff.



<:star1:419819468961742848>  Pas de spam, pas d'abus de majuscules. Essayez d'écrire sans faire trop de fautes d'orthographe.



<:star1:419819468961742848>  Les images pornographiques et violentes sont interdites.



⭐  Rôle de la modération :

1⃣  Accueillir les nouvelles et les nouveaux à l'arrivée.

2⃣  Sanctionner les personnes qui ne respectent pas le règlement

3⃣  Transmettre à <@178165057102938112> (alias Pokebal) les suggestions des membres.

4⃣  Assister <@178165057102938112> dans certaines décisions.

➡  D'autres responsabilités qu'il n'est pas nécessaire de citer.



<:star1:419819468961742848>   Merci d'éviter de couper la parole aux autres dans les salons vocaux. Mis à part les salons <#398881248564740096> et Salon du fun (Vocal), le sujet des autres salons doit être basé autour des différents univers développés par Gibcom Multimedia.

<:star4:419819468143722507>  Evidemment, le non-respect des règles entrainera des sanctions.
[13:45:25.729] DELETED MESSAGE 421664812133646336 by <@178165057102938112>/FrelonMCR2/FrelonMCR2 : !say !say <:star5:419819467799920640>  Nous tenons à une ambiance de paix au sein de cette communauté. Pour cela, il est interdit de critiquer ou d'insulter une personne pour sa nationalité, ses origines, sa religion, son orientation sexuelle, son genre, ses choix de vie, sa classe sociale, ses opinions politiques, ses goûts personnels, son poids, sa taille ou sa santé (physique ou mentale). Les provocations, diffamations, moqueries et harcèlements sont interdits.


<:star1:419819468961742848>  Le respect est l'une des valeurs principales de cette communautée. Veuillez donc respecter autruis, que ce soit membre ou staff.



<:star1:419819468961742848>  Pas de spam, pas d'abus de majuscules. Essayez d'écrire sans faire trop de fautes d'orthographe.



<:star1:419819468961742848>  Les images pornographiques et violentes sont interdites.



⭐  Rôle de la modération :

1⃣  Accueillir les nouvelles et les nouveaux à l'arrivée.

2⃣  Sanctionner les personnes qui ne respectent pas le règlement

3⃣  Transmettre à <@178165057102938112> (alias Pokebal) les suggestions des membres.

4⃣  Assister <@178165057102938112> dans certaines décisions.

➡  D'autres responsabilités qu'il n'est pas nécessaire de citer.



<:star1:419819468961742848>   Merci d'éviter de couper la parole aux autres dans les salons vocaux. Mis à part les salons <#398881248564740096> et Salon du fun (Vocal), le sujet des autres salons doit être basé autour des différents univers développés par Gibcom Multimedia.

<:star4:419819468143722507>  Evidemment, le non-respect des règles entrainera des sanctions.
[13:45:25.730] BOT MESSAGE : 421664813027164161 mentioning 178165057102938112
[13:45:31.217] MESSAGE 421664836129128448 by <@178165057102938112>/FrelonMCR2/FrelonMCR2 in channel "reglement" : !say <:star5:419819467799920640>  Nous tenons à une ambiance de paix au sein de cette communauté. Pour cela, il est interdit de critiquer ou d'insulter une personne pour sa nationalité, ses origines, sa religion, son orientation sexuelle, son genre, ses choix de vie, sa classe sociale, ses opinions politiques, ses goûts personnels, son poids, sa taille ou sa santé (physique ou mentale). Les provocations, diffamations, moqueries et harcèlements sont interdits.


<:star1:419819468961742848>  Le respect est l'une des valeurs principales de cette communautée. Veuillez donc respecter autruis, que ce soit membre ou staff.



<:star1:419819468961742848>  Pas de spam, pas d'abus de majuscules. Essayez d'écrire sans faire trop de fautes d'orthographe.



<:star1:419819468961742848>  Les images pornographiques et violentes sont interdites.



⭐  Rôle de la modération :

1⃣  Accueillir les nouvelles et les nouveaux à l'arrivée.

2⃣  Sanctionner les personnes qui ne respectent pas le règlement

3⃣  Transmettre à <@178165057102938112> (alias Pokebal) les suggestions des membres.

4⃣  Assister <@178165057102938112> dans certaines décisions.

➡  D'autres responsabilités qu'il n'est pas nécessaire de citer.



<:star1:419819468961742848>   Merci d'éviter de couper la parole aux autres dans les salons vocaux. Mis à part les salons <#398881248564740096> et Salon du fun (Vocal), le sujet des autres salons doit être basé autour des différents univers développés par Gibcom Multimedia.

<:star4:419819468143722507>  Evidemment, le non-respect des règles entrainera des sanctions.
[13:45:31.398] DELETED MESSAGE 421664836129128448 by <@178165057102938112>/FrelonMCR2/FrelonMCR2 : !say <:star5:419819467799920640>  Nous tenons à une ambiance de paix au sein de cette communauté. Pour cela, il est interdit de critiquer ou d'insulter une personne pour sa nationalité, ses origines, sa religion, son orientation sexuelle, son genre, ses choix de vie, sa classe sociale, ses opinions politiques, ses goûts personnels, son poids, sa taille ou sa santé (physique ou mentale). Les provocations, diffamations, moqueries et harcèlements sont interdits.


<:star1:419819468961742848>  Le respect est l'une des valeurs principales de cette communautée. Veuillez donc respecter autruis, que ce soit membre ou staff.



<:star1:419819468961742848>  Pas de spam, pas d'abus de majuscules. Essayez d'écrire sans faire trop de fautes d'orthographe.



<:star1:419819468961742848>  Les images pornographiques et violentes sont interdites.



⭐  Rôle de la modération :

1⃣  Accueillir les nouvelles et les nouveaux à l'arrivée.

2⃣  Sanctionner les personnes qui ne respectent pas le règlement

3⃣  Transmettre à <@178165057102938112> (alias Pokebal) les suggestions des membres.

4⃣  Assister <@178165057102938112> dans certaines décisions.

➡  D'autres responsabilités qu'il n'est pas nécessaire de citer.



<:star1:419819468961742848>   Merci d'éviter de couper la parole aux autres dans les salons vocaux. Mis à part les salons <#398881248564740096> et Salon du fun (Vocal), le sujet des autres salons doit être basé autour des différents univers développés par Gibcom Multimedia.

<:star4:419819468143722507>  Evidemment, le non-respect des règles entrainera des sanctions.
[13:45:31.399] BOT MESSAGE : 421664836993417216 mentioning 178165057102938112
[13:45:35.848] DELETED MESSAGE 421664813027164161 by <@399489474205319179>/Boaki Actu's bot/Boaki Actu's bot : !say <:star5:419819467799920640>  Nous tenons à une ambiance de paix au sein de cette communauté. Pour cela, il est interdit de critiquer ou d'insulter une personne pour sa nationalité, ses origines, sa religion, son orientation sexuelle, son genre, ses choix de vie, sa classe sociale, ses opinions politiques, ses goûts personnels, son poids, sa taille ou sa santé (physique ou mentale). Les provocations, diffamations, moqueries et harcèlements sont interdits.


<:star1:419819468961742848>  Le respect est l'une des valeurs principales de cette communautée. Veuillez donc respecter autruis, que ce soit membre ou staff.



<:star1:419819468961742848>  Pas de spam, pas d'abus de majuscules. Essayez d'écrire sans faire trop de fautes d'orthographe.



<:star1:419819468961742848>  Les images pornographiques et violentes sont interdites.



⭐  Rôle de la modération :

1⃣  Accueillir les nouvelles et les nouveaux à l'arrivée.

2⃣  Sanctionner les personnes qui ne respectent pas le règlement

3⃣  Transmettre à <@178165057102938112> (alias Pokebal) les suggestions des membres.

4⃣  Assister <@178165057102938112> dans certaines décisions.

➡  D'autres responsabilités qu'il n'est pas nécessaire de citer.



<:star1:419819468961742848>   Merci d'éviter de couper la parole aux autres dans les salons vocaux. Mis à part les salons <#398881248564740096> et Salon du fun (Vocal), le sujet des autres salons doit être basé autour des différents univers développés par Gibcom Multimedia.

<:star4:419819468143722507>  Evidemment, le non-respect des règles entrainera des sanctions.
[13:45:57.027] DELETED MESSAGE 421664836993417216 by <@399489474205319179>/Boaki Actu's bot/Boaki Actu's bot : <:star5:419819467799920640>  Nous tenons à une ambiance de paix au sein de cette communauté. Pour cela, il est interdit de critiquer ou d'insulter une personne pour sa nationalité, ses origines, sa religion, son orientation sexuelle, son genre, ses choix de vie, sa classe sociale, ses opinions politiques, ses goûts personnels, son poids, sa taille ou sa santé (physique ou mentale). Les provocations, diffamations, moqueries et harcèlements sont interdits.


<:star1:419819468961742848>  Le respect est l'une des valeurs principales de cette communautée. Veuillez donc respecter autruis, que ce soit membre ou staff.



<:star1:419819468961742848>  Pas de spam, pas d'abus de majuscules. Essayez d'écrire sans faire trop de fautes d'orthographe.



<:star1:419819468961742848>  Les images pornographiques et violentes sont interdites.



⭐  Rôle de la modération :

1⃣  Accueillir les nouvelles et les nouveaux à l'arrivée.

2⃣  Sanctionner les personnes qui ne respectent pas le règlement

3⃣  Transmettre à <@178165057102938112> (alias Pokebal) les suggestions des membres.

4⃣  Assister <@178165057102938112> dans certaines décisions.

➡  D'autres responsabilités qu'il n'est pas nécessaire de citer.



<:star1:419819468961742848>   Merci d'éviter de couper la parole aux autres dans les salons vocaux. Mis à part les salons <#398881248564740096> et Salon du fun (Vocal), le sujet des autres salons doit être basé autour des différents univers développés par Gibcom Multimedia.

<:star4:419819468143722507>  Evidemment, le non-respect des règles entrainera des sanctions.
[13:46:00.884] MESSAGE 421664960423133186 by <@178165057102938112>/FrelonMCR2/FrelonMCR2 in channel "reglement" : !file https://cdn.discordapp.com/attachments/398877931587239936/419841628434333696/regles.png
[13:46:01.068] DELETED MESSAGE 421664960423133186 by <@178165057102938112>/FrelonMCR2/FrelonMCR2 : !file https://cdn.discordapp.com/attachments/398877931587239936/419841628434333696/regles.png
[13:46:01.738] BOT MESSAGE : 421664963904667650
[13:46:07.275] MESSAGE 421664987442970635 by <@178165057102938112>/FrelonMCR2/FrelonMCR2 in channel "reglement" : !say <:star5:419819467799920640>  Nous tenons à une ambiance de paix au sein de cette communauté. Pour cela, il est interdit de critiquer ou d'insulter une personne pour sa nationalité, ses origines, sa religion, son orientation sexuelle, son genre, ses choix de vie, sa classe sociale, ses opinions politiques, ses goûts personnels, son poids, sa taille ou sa santé (physique ou mentale). Les provocations, diffamations, moqueries et harcèlements sont interdits.


<:star1:419819468961742848>  Le respect est l'une des valeurs principales de cette communautée. Veuillez donc respecter autruis, que ce soit membre ou staff.



<:star1:419819468961742848>  Pas de spam, pas d'abus de majuscules. Essayez d'écrire sans faire trop de fautes d'orthographe.



<:star1:419819468961742848>  Les images pornographiques et violentes sont interdites.



⭐  Rôle de la modération :

1⃣  Accueillir les nouvelles et les nouveaux à l'arrivée.

2⃣  Sanctionner les personnes qui ne respectent pas le règlement

3⃣  Transmettre à <@178165057102938112> (alias Pokebal) les suggestions des membres.

4⃣  Assister <@178165057102938112> dans certaines décisions.

➡  D'autres responsabilités qu'il n'est pas nécessaire de citer.



<:star1:419819468961742848>   Merci d'éviter de couper la parole aux autres dans les salons vocaux. Mis à part les salons <#398881248564740096> et Salon du fun (Vocal), le sujet des autres salons doit être basé autour des différents univers développés par Gibcom Multimedia.

<:star4:419819468143722507>  Evidemment, le non-respect des règles entrainera des sanctions.
[13:46:07.452] DELETED MESSAGE 421664987442970635 by <@178165057102938112>/FrelonMCR2/FrelonMCR2 : !say <:star5:419819467799920640>  Nous tenons à une ambiance de paix au sein de cette communauté. Pour cela, il est interdit de critiquer ou d'insulter une personne pour sa nationalité, ses origines, sa religion, son orientation sexuelle, son genre, ses choix de vie, sa classe sociale, ses opinions politiques, ses goûts personnels, son poids, sa taille ou sa santé (physique ou mentale). Les provocations, diffamations, moqueries et harcèlements sont interdits.


<:star1:419819468961742848>  Le respect est l'une des valeurs principales de cette communautée. Veuillez donc respecter autruis, que ce soit membre ou staff.



<:star1:419819468961742848>  Pas de spam, pas d'abus de majuscules. Essayez d'écrire sans faire trop de fautes d'orthographe.



<:star1:419819468961742848>  Les images pornographiques et violentes sont interdites.



⭐  Rôle de la modération :

1⃣  Accueillir les nouvelles et les nouveaux à l'arrivée.

2⃣  Sanctionner les personnes qui ne respectent pas le règlement

3⃣  Transmettre à <@178165057102938112> (alias Pokebal) les suggestions des membres.

4⃣  Assister <@178165057102938112> dans certaines décisions.

➡  D'autres responsabilités qu'il n'est pas nécessaire de citer.



<:star1:419819468961742848>   Merci d'éviter de couper la parole aux autres dans les salons vocaux. Mis à part les salons <#398881248564740096> et Salon du fun (Vocal), le sujet des autres salons doit être basé autour des différents univers développés par Gibcom Multimedia.

<:star4:419819468143722507>  Evidemment, le non-respect des règles entrainera des sanctions.
[13:46:07.497] BOT MESSAGE : 421664988189425664 mentioning 178165057102938112
[13:46:15.997] MESSAGE 421665024059113472 by <@178165057102938112>/FrelonMCR2/FrelonMCR2 in channel "discussion" : Voila
[13:46:31.396] MESSAGE 421665088458719243 by <@238969660765241355>/minecraft89/minecraft89 in channel "discussion" : thx