File generated at 11:21:24.196
[11:21:24.196] MESSAGE 420541402309591040 by <@238969660765241355>/minecraft89/minecraft89 in channel "discussion" : meme toi tu joue a fornite
[11:21:30.695] MESSAGE 420541429589213204 by <@238969660765241355>/minecraft89/minecraft89 in channel "discussion" : c'est une epidemie ce jeu
[11:47:16.087] MESSAGE 420547910992789516 by <@178165057102938112>/FrelonMCR2/FrelonMCR2 in channel "discussion" : Je confirme ahah...
[11:47:57.491] MESSAGE 420548084595163138 by <@238969660765241355>/minecraft89/minecraft89 in channel "discussion" : en plus il est mauvais comme battleroyale
[11:48:05.748] MESSAGE 420548119571202049 by <@238969660765241355>/minecraft89/minecraft89 in channel "discussion" : l'autre mode de jeu encore ça va
[12:12:18.459] MESSAGE 420554212657856513 by <@178165057102938112>/FrelonMCR2/FrelonMCR2 in channel "dev_bot" : Bonjour petit bot
[12:14:26.689] MESSAGE 420554750606704650 by <@238969660765241355>/minecraft89/minecraft89 in channel "discussion" : xd <@178165057102938112> tu parle avec ton bot
[12:14:35.537] MESSAGE 420554787361128449 by <@178165057102938112>/FrelonMCR2/FrelonMCR2 in channel "discussion" : Je vois pas de quoi tu parles
[12:14:49.556] MESSAGE 420554846077190145 by <@238969660765241355>/minecraft89/minecraft89 in channel "discussion" : 😉
[12:25:10.887] MESSAGE 420557452527009802 by <@178165057102938112>/FrelonMCR2/FrelonMCR2 in channel "kipulkai-wiloki" : !report <@178165057102938112> Poulpe
[12:25:50.661] MESSAGE 420557619313377290 by <@178165057102938112>/FrelonMCR2/FrelonMCR2 in channel "kipulkai-wiloki" : !report <@178165057102938112> Poulpe
[12:25:59.574] MESSAGE 420557656709791744 by <@178165057102938112>/FrelonMCR2/FrelonMCR2 in channel "kipulkai-wiloki" : !report <@178165057102938112> Poulpe
[12:26:14.174] MESSAGE 420557717770469378 by <@238969660765241355>/minecraft89/minecraft89 in channel "kipulkai-wiloki" : !purge 3
[12:26:14.797] DELETED MESSAGE 420557717770469378 by <@238969660765241355>/minecraft89/minecraft89 : !purge 3
[12:26:14.925] DELETED MESSAGE 420557656709791744 by <@178165057102938112>/FrelonMCR2/FrelonMCR2 : !report <@178165057102938112> Poulpe
[12:26:15.086] DELETED MESSAGE 420557619313377290 by <@178165057102938112>/FrelonMCR2/FrelonMCR2 : !report <@178165057102938112> Poulpe
[12:26:15.269] DELETED MESSAGE 420557452527009802 by <@178165057102938112>/FrelonMCR2/FrelonMCR2 : !report <@178165057102938112> Poulpe
[12:26:18.988] MESSAGE 420557737806659595 by <@238969660765241355>/minecraft89/minecraft89 in channel "kipulkai-wiloki" : 😉
[12:26:38.788] MESSAGE 420557821126639626 by <@178165057102938112>/FrelonMCR2/FrelonMCR2 in channel "kipulkai-wiloki" : 😉
[12:27:02.978] MESSAGE 420557922628665354 by <@178165057102938112>/FrelonMCR2/FrelonMCR2 in channel "kipulkai-wiloki" : !report <@178165057102938112> Poulpe
[12:27:38.198] MESSAGE 420558070129623051 by <@178165057102938112>/FrelonMCR2/FrelonMCR2 in channel "kipulkai-wiloki" : !report <@178165057102938112> Poulpe
[12:27:38.542] DELETED MESSAGE 420558070129623051 by <@178165057102938112>/FrelonMCR2/FrelonMCR2 : !report <@178165057102938112> Poulpe
[12:27:38.583] BOT MESSAGE : 420558071857807360
[12:27:38.657] MESSAGE UPDATE 420558071857807360 by <@399489474205319179>/Boaki Actu's bot/Boaki Actu's bot : 
[12:28:55.860] MESSAGE 420558396085895168 by <@178165057102938112>/FrelonMCR2/FrelonMCR2 in channel "kipulkai-wiloki" : !report <@178165057102938112> Poulpe
[12:29:07.527] MESSAGE 420558445058588672 by <@238969660765241355>/minecraft89/minecraft89 in channel "kipulkai-wiloki" : faudrais que le bot envoi a un modo co le report
[12:29:07.640] MESSAGE 420558445339738113 by <@178165057102938112>/FrelonMCR2/FrelonMCR2 in channel "kipulkai-wiloki" : !report <@178165057102938112> Poulpe
[12:29:08.036] BOT MESSAGE : 420558446958608387
[12:29:08.070] MESSAGE UPDATE 420558446958608387 by <@399489474205319179>/Boaki Actu's bot/Boaki Actu's bot : 
[12:29:08.128] DELETED MESSAGE 420558445339738113 by <@178165057102938112>/FrelonMCR2/FrelonMCR2 : !report <@178165057102938112> Poulpe
[12:29:19.481] MESSAGE 420558494870274049 by <@238969660765241355>/minecraft89/minecraft89 in channel "kipulkai-wiloki" : dommage qu'on puisse pas faire de bouton sur discord comme sur skype
[12:30:35.478] MESSAGE 420558813926522900 by <@178165057102938112>/FrelonMCR2/FrelonMCR2 in channel "kipulkai-wiloki" : !report <@238969660765241355> Poulpe
[12:30:35.674] BOT MESSAGE : 420558814740348928
[12:30:35.679] DELETED MESSAGE 420558813926522900 by <@178165057102938112>/FrelonMCR2/FrelonMCR2 : !report <@238969660765241355> Poulpe
[12:30:35.688] MESSAGE UPDATE 420558814740348928 by <@399489474205319179>/Boaki Actu's bot/Boaki Actu's bot : 
[12:30:44.271] MESSAGE 420558850505179147 by <@178165057102938112>/FrelonMCR2/FrelonMCR2 in channel "kipulkai-wiloki" : Jvais mentionner le rank modérateur dans le report
[12:31:39.855] MESSAGE 420559083603492875 by <@178165057102938112>/FrelonMCR2/FrelonMCR2 in channel "kipulkai-wiloki" : !report <@238969660765241355> Poulpe !
[12:31:40.069] DELETED MESSAGE 420559083603492875 by <@178165057102938112>/FrelonMCR2/FrelonMCR2 : !report <@238969660765241355> Poulpe !
[12:31:40.075] BOT MESSAGE : 420559084824035334
[12:31:40.104] MESSAGE UPDATE 420559084824035334 by <@399489474205319179>/Boaki Actu's bot/Boaki Actu's bot : 
[12:32:06.546] MESSAGE 420559195520237569 by <@238969660765241355>/minecraft89/minecraft89 in channel "kipulkai-wiloki" : ok
[12:33:12.289] MESSAGE 420559471660761088 by <@178165057102938112>/FrelonMCR2/FrelonMCR2 in channel "kipulkai-wiloki" : !report <@178165057102938112> Poulpe
[12:33:12.578] DELETED MESSAGE 420559471660761088 by <@178165057102938112>/FrelonMCR2/FrelonMCR2 : !report <@178165057102938112> Poulpe
[12:33:12.584] BOT MESSAGE : 420559472688103425
[12:33:12.782] MESSAGE UPDATE 420559472688103425 by <@399489474205319179>/Boaki Actu's bot/Boaki Actu's bot : 
[12:33:46.822] MESSAGE 420559616481427456 by <@238969660765241355>/minecraft89/minecraft89 in channel "kipulkai-wiloki" : https://feedback.discordapp.com/forums/326712-discord-dream-land/suggestions/31530061-embed-buttons-allow-for-buttons-to-be-created-on
[12:33:47.988] MESSAGE UPDATE 420559616481427456 by <@238969660765241355>/minecraft89/minecraft89 : https://feedback.discordapp.com/forums/326712-discord-dream-land/suggestions/31530061-embed-buttons-allow-for-buttons-to-be-created-on
[12:33:49.996] MESSAGE 420559629815119872 by <@238969660765241355>/minecraft89/minecraft89 in channel "kipulkai-wiloki" : ça serais bien ça
[12:34:54.978] MESSAGE 420559902101209100 by <@178165057102938112>/FrelonMCR2/FrelonMCR2 in channel "kipulkai-wiloki" : !report <@238969660765241355> Poulpe bleu
[12:34:55.158] DELETED MESSAGE 420559902101209100 by <@178165057102938112>/FrelonMCR2/FrelonMCR2 : !report <@238969660765241355> Poulpe bleu
[12:34:55.160] BOT MESSAGE : 420559903053316097
[12:34:55.189] MESSAGE UPDATE 420559903053316097 by <@399489474205319179>/Boaki Actu's bot/Boaki Actu's bot : 
[12:36:15.348] MESSAGE 420560239474114570 by <@178165057102938112>/FrelonMCR2/FrelonMCR2 in channel "kipulkai-wiloki" : yep
[12:37:44.675] MESSAGE 420560614105022484 by <@178165057102938112>/FrelonMCR2/FrelonMCR2 in channel "kipulkai-wiloki" : !report <@238969660765241355> Poulpe bleu
[12:39:07.724] MESSAGE 420560962454683648 by <@178165057102938112>/FrelonMCR2/FrelonMCR2 in channel "kipulkai-wiloki" : !report <@238969660765241355> Poulpe bleu
[12:39:07.884] DELETED MESSAGE 420560962454683648 by <@178165057102938112>/FrelonMCR2/FrelonMCR2 : !report <@238969660765241355> Poulpe bleu
[12:39:07.906] BOT MESSAGE : 420560963201269760
[12:39:07.923] MESSAGE UPDATE 420560963201269760 by <@399489474205319179>/Boaki Actu's bot/Boaki Actu's bot : 
[12:41:19.360] MESSAGE 420561514341203969 by <@178165057102938112>/FrelonMCR2/FrelonMCR2 in channel "kipulkai-wiloki" : !report <@238969660765241355> Poulpe bleu
[12:41:19.534] BOT MESSAGE : 420561515213750283
[12:41:19.556] DELETED MESSAGE 420561514341203969 by <@178165057102938112>/FrelonMCR2/FrelonMCR2 : !report <@238969660765241355> Poulpe bleu
[12:41:19.568] MESSAGE UPDATE 420561515213750283 by <@399489474205319179>/Boaki Actu's bot/Boaki Actu's bot : 
[12:42:09.372] MESSAGE 420561723938963457 by <@178165057102938112>/FrelonMCR2/FrelonMCR2 in channel "kipulkai-wiloki" : !report <@238969660765241355> Poulpe bleu
[12:42:09.567] BOT MESSAGE : 420561724987408407
[12:42:09.568] DELETED MESSAGE 420561723938963457 by <@178165057102938112>/FrelonMCR2/FrelonMCR2 : !report <@238969660765241355> Poulpe bleu
[12:42:09.597] MESSAGE UPDATE 420561724987408407 by <@399489474205319179>/Boaki Actu's bot/Boaki Actu's bot : 
[12:42:34.598] MESSAGE 420561829769773058 by <@178165057102938112>/FrelonMCR2/FrelonMCR2 in channel "kipulkai-wiloki" : !report <@178165057102938112> Poulpe bleu
[12:42:34.785] BOT MESSAGE : 420561830889521162
[12:42:34.788] DELETED MESSAGE 420561829769773058 by <@178165057102938112>/FrelonMCR2/FrelonMCR2 : !report <@178165057102938112> Poulpe bleu
[12:42:34.803] MESSAGE UPDATE 420561830889521162 by <@399489474205319179>/Boaki Actu's bot/Boaki Actu's bot : 
[12:42:49.680] MESSAGE 420561893313347584 by <@178165057102938112>/FrelonMCR2/FrelonMCR2 in channel "dev_bot" : <@&398874109930635297>
[12:45:00.875] MESSAGE 420562443421351947 by <@178165057102938112>/FrelonMCR2/FrelonMCR2 in channel "kipulkai-wiloki" : !report <@238969660765241355> Poulpe bleu
[12:45:01.058] DELETED MESSAGE 420562443421351947 by <@178165057102938112>/FrelonMCR2/FrelonMCR2 : !report <@238969660765241355> Poulpe bleu
[12:45:01.076] BOT MESSAGE : 420562444474122240
[12:45:01.123] MESSAGE UPDATE 420562444474122240 by <@399489474205319179>/Boaki Actu's bot/Boaki Actu's bot : <@&398874109930635297>
[12:45:10.787] MESSAGE 420562485016526850 by <@178165057102938112>/FrelonMCR2/FrelonMCR2 in channel "kipulkai-wiloki" : !purge 50
[12:45:11.257] DELETED MESSAGE 420562485016526850 by <@178165057102938112>/FrelonMCR2/FrelonMCR2 : !purge 50
[12:45:11.433] DELETED MESSAGE 420560614105022484 by <@178165057102938112>/FrelonMCR2/FrelonMCR2 : !report <@238969660765241355> Poulpe bleu
[12:45:11.618] DELETED MESSAGE 420560239474114570 by <@178165057102938112>/FrelonMCR2/FrelonMCR2 : yep
[12:45:11.798] DELETED MESSAGE 420559629815119872 by <@238969660765241355>/minecraft89/minecraft89 : ça serais bien ça
[12:45:13.478] DELETED MESSAGE 420559616481427456 by <@238969660765241355>/minecraft89/minecraft89 : https://feedback.discordapp.com/forums/326712-discord-dream-land/suggestions/31530061-embed-buttons-allow-for-buttons-to-be-created-on
[12:45:13.632] DELETED MESSAGE 420559195520237569 by <@238969660765241355>/minecraft89/minecraft89 : ok
[12:45:13.825] DELETED MESSAGE 420558850505179147 by <@178165057102938112>/FrelonMCR2/FrelonMCR2 : Jvais mentionner le rank modérateur dans le report
[12:45:15.538] DELETED MESSAGE 420558494870274049 by <@238969660765241355>/minecraft89/minecraft89 : dommage qu'on puisse pas faire de bouton sur discord comme sur skype
[12:45:15.695] DELETED MESSAGE 420558445058588672 by <@238969660765241355>/minecraft89/minecraft89 : faudrais que le bot envoi a un modo co le report
[12:45:15.862] DELETED MESSAGE 420558396085895168 by <@178165057102938112>/FrelonMCR2/FrelonMCR2 : !report <@178165057102938112> Poulpe
[12:45:17.545] DELETED MESSAGE 420558364477489152 by <@238969660765241355>/minecraft89/minecraft89 : ah nice le systeme de report
[12:45:17.700] DELETED MESSAGE 420557922628665354 by <@178165057102938112>/FrelonMCR2/FrelonMCR2 : !report <@178165057102938112> Poulpe
[12:45:17.947] DELETED MESSAGE 420557835634475009 by <@178165057102938112>/FrelonMCR2/FrelonMCR2 : !report <@178165057102938112> Poulpe
[12:45:19.624] DELETED MESSAGE 420557821126639626 by <@178165057102938112>/FrelonMCR2/FrelonMCR2 : 😉
[12:45:19.778] DELETED MESSAGE 420557737806659595 by <@238969660765241355>/minecraft89/minecraft89 : 😉
[13:06:04.223] MESSAGE 420567742131863573 by <@178165057102938112>/FrelonMCR2/FrelonMCR2 in channel "dev_bot" : -------
[13:06:05.593] MESSAGE 420567748226187264 by <@178165057102938112>/FrelonMCR2/FrelonMCR2 in channel "dev_bot" : ----------
[13:06:06.451] MESSAGE 420567751422246934 by <@178165057102938112>/FrelonMCR2/FrelonMCR2 in channel "dev_bot" : --------
[13:06:07.338] MESSAGE 420567755570282496 by <@178165057102938112>/FrelonMCR2/FrelonMCR2 in channel "dev_bot" : ---------
[13:06:08.211] MESSAGE 420567758934114316 by <@178165057102938112>/FrelonMCR2/FrelonMCR2 in channel "dev_bot" : ---------
[13:06:27.650] MESSAGE 420567840719110144 by <@178165057102938112>/FrelonMCR2/FrelonMCR2 in channel "dev_bot" : !article boaki http://www.boakiactu.fr/photo/11627966 Poulpe bleu
[13:06:27.828] DELETED MESSAGE 420567840719110144 by <@178165057102938112>/FrelonMCR2/FrelonMCR2 : !article boaki http://www.boakiactu.fr/photo/11627966 Poulpe bleu
[13:06:27.850] BOT MESSAGE : 420567841570291722
[13:06:27.876] MESSAGE UPDATE 420567841570291722 by <@399489474205319179>/Boaki Actu's bot/Boaki Actu's bot : 
[13:08:03.724] MESSAGE 420568243649118208 by <@178165057102938112>/FrelonMCR2/FrelonMCR2 in channel "dev_bot" : @everyone
[13:08:06.604] DELETED MESSAGE 420568243649118208 by <@178165057102938112>/FrelonMCR2/FrelonMCR2 : @everyone
[13:10:22.146] MESSAGE 420568823939334145 by <@178165057102938112>/FrelonMCR2/FrelonMCR2 in channel "dev_bot" : !article wiloki http://www.boakiactu.fr/photo/11627966 Poulpe bleu
[13:10:38.470] MESSAGE 420568892344238081 by <@178165057102938112>/FrelonMCR2/FrelonMCR2 in channel "dev_bot" : !article wiloki http://www.boakiactu.fr/photo/11627966 Poulpe bleu
[13:10:38.666] BOT MESSAGE : 420568893564649472
[13:10:38.707] DELETED MESSAGE 420568892344238081 by <@178165057102938112>/FrelonMCR2/FrelonMCR2 : !article wiloki http://www.boakiactu.fr/photo/11627966 Poulpe bleu
[13:10:39.186] MESSAGE UPDATE 420568893564649472 by <@399489474205319179>/Boaki Actu's bot/Boaki Actu's bot : <@&398874109930635297>
[13:10:41.365] DELETED MESSAGE 420568893564649472 by <@399489474205319179>/Boaki Actu's bot/Boaki Actu's bot : <@&398874109930635297>
[13:11:23.536] MESSAGE 420569081385582594 by <@178165057102938112>/FrelonMCR2/FrelonMCR2 in channel "dev_bot" : !article wiloki http://www.boakiactu.fr/photo/11627966 Poulpe bleu
[13:11:23.739] DELETED MESSAGE 420569081385582594 by <@178165057102938112>/FrelonMCR2/FrelonMCR2 : !article wiloki http://www.boakiactu.fr/photo/11627966 Poulpe bleu
[13:11:23.756] BOT MESSAGE : 420569082644135946
[13:11:23.789] MESSAGE UPDATE 420569082644135946 by <@399489474205319179>/Boaki Actu's bot/Boaki Actu's bot : @everyone
[13:11:48.716] MESSAGE 420569187228975106 by <@178165057102938112>/FrelonMCR2/FrelonMCR2 in channel "dev_bot" : !article boaki http://www.boakiactu.fr/photo/11627966 Poulpe bleu
[13:11:48.890] DELETED MESSAGE 420569187228975106 by <@178165057102938112>/FrelonMCR2/FrelonMCR2 : !article boaki http://www.boakiactu.fr/photo/11627966 Poulpe bleu
[13:11:48.904] BOT MESSAGE : 420569188135075840
[13:11:49.374] MESSAGE UPDATE 420569188135075840 by <@399489474205319179>/Boaki Actu's bot/Boaki Actu's bot : @everyone
[13:11:58.389] MESSAGE 420569227905335306 by <@178165057102938112>/FrelonMCR2/FrelonMCR2 in channel "dev_bot" : !article http://www.boakiactu.fr/photo/11627966 Poulpe bleu
[13:11:58.590] BOT MESSAGE : 420569228794396672
[13:11:58.664] DELETED MESSAGE 420569227905335306 by <@178165057102938112>/FrelonMCR2/FrelonMCR2 : !article http://www.boakiactu.fr/photo/11627966 Poulpe bleu
[13:11:59.726] MESSAGE UPDATE 420569228794396672 by <@399489474205319179>/Boaki Actu's bot/Boaki Actu's bot : @everyone
[13:12:41.800] MESSAGE 420569409615036428 by <@178165057102938112>/FrelonMCR2/FrelonMCR2 in channel "dev_bot" : !article
[13:12:41.976] DELETED MESSAGE 420569409615036428 by <@178165057102938112>/FrelonMCR2/FrelonMCR2 : !article
[13:12:41.993] BOT MESSAGE : 420569410819063818 mentioning 178165057102938112
[13:12:47.683] MESSAGE 420569434613088267 by <@178165057102938112>/FrelonMCR2/FrelonMCR2 in channel "dev_bot" : !article fzx
[13:12:47.847] DELETED MESSAGE 420569434613088267 by <@178165057102938112>/FrelonMCR2/FrelonMCR2 : !article fzx
[13:12:47.849] BOT MESSAGE : 420569435263336449 mentioning 178165057102938112
[13:12:50.524] MESSAGE 420569446155812866 by <@178165057102938112>/FrelonMCR2/FrelonMCR2 in channel "dev_bot" : !article zcgzr cgecg
[13:12:50.689] DELETED MESSAGE 420569446155812866 by <@178165057102938112>/FrelonMCR2/FrelonMCR2 : !article zcgzr cgecg
[13:17:18.620] MESSAGE 420570571076534272 by <@178165057102938112>/FrelonMCR2/FrelonMCR2 in channel "dev_bot" : !report ercger ercgercger
[13:17:18.785] DELETED MESSAGE 420570571076534272 by <@178165057102938112>/FrelonMCR2/FrelonMCR2 : !report ercger ercgercger
[13:17:25.433] MESSAGE 420570599316783122 by <@178165057102938112>/FrelonMCR2/FrelonMCR2 in channel "dev_bot" : !report <@178165057102938112>
[13:17:25.600] DELETED MESSAGE 420570599316783122 by <@178165057102938112>/FrelonMCR2/FrelonMCR2 : !report <@178165057102938112>
[13:31:33.956] MESSAGE 420574158511144971 by <@238969660765241355>/minecraft89/minecraft89 in channel "discussion" : t'arrive pour l'article ?
[14:11:11.198] MESSAGE 420584128975732748 by <@178165057102938112>/FrelonMCR2/FrelonMCR2 in channel "discussion" : Il est terminé
[14:37:54.152] MESSAGE 420590852235067394 by <@238969660765241355>/minecraft89/minecraft89 in channel "discussion" : ah c'est bon le bot donne les nouveaux articles
[15:09:14.643] MESSAGE 420598739636453377 by <@178165057102938112>/FrelonMCR2/FrelonMCR2 in channel "discussion" : Enfait c’est Manuel mais si j’arrive à me débrouiller pour détecter un nouvel article faudra que je me débrouille pour faire en sortes que les articles de la nouvelle version en préparation par exemple soient pas détectés et ça deviendrait encore plus compliqué, jprefere comme ça car je peux faire la description que je veux
[15:12:55.427] MESSAGE 420599665881382912 by <@238969660765241355>/minecraft89/minecraft89 in channel "discussion" : ok 😄