File generated at 15:53:16.524
[15:53:16.524] MESSAGE 445252208192126986 by <@178165057102938112>/FrelonMCR2/FrelonMCR2 in channel "bot" : !doc
[15:53:16.830] DELETED MESSAGE 445252208192126986 by <@178165057102938112>/FrelonMCR2/FrelonMCR2 : !doc
[15:53:17.866] BOT MESSAGE : 445252214156689408
[15:53:39.111] MESSAGE 445252303197569044 by <@178165057102938112>/FrelonMCR2/FrelonMCR2 in channel "bot" : !cmd
[15:53:39.914] DELETED MESSAGE 445252303197569044 by <@178165057102938112>/FrelonMCR2/FrelonMCR2 : !cmd
[15:53:54.815] MESSAGE 445252369119313920 by <@178165057102938112>/FrelonMCR2/FrelonMCR2 in channel "bot" : !profil <@178165057102938112>
[15:53:55.046] BOT MESSAGE : 445252370071420933
[15:53:55.047] DELETED MESSAGE 445252369119313920 by <@178165057102938112>/FrelonMCR2/FrelonMCR2 : !profil <@178165057102938112>
[15:53:55.256] MESSAGE UPDATE 445252370071420933 by <@399489474205319179>/Boaki Actu's bot/Boaki Actu's bot : 
[15:54:47.303] MESSAGE 445252589278461952 by <@178165057102938112>/FrelonMCR2/FrelonMCR2 in channel "bot" : !setGame
[15:54:47.481] DELETED MESSAGE 445252589278461952 by <@178165057102938112>/FrelonMCR2/FrelonMCR2 : !setGame
[15:54:47.521] BOT MESSAGE : 445252589852819477
[15:54:47.566] MESSAGE UPDATE 445252589852819477 by <@399489474205319179>/Boaki Actu's bot/Boaki Actu's bot : 
[15:57:21.734] MESSAGE 445253236568358916 by <@178165057102938112>/FrelonMCR2/FrelonMCR2 in channel "bot" : !profil <@238969660765241355>
[15:57:21.930] DELETED MESSAGE 445253236568358916 by <@178165057102938112>/FrelonMCR2/FrelonMCR2 : !profil <@238969660765241355>
[15:57:22.014] BOT MESSAGE : 445253237784707072
[15:57:22.121] MESSAGE UPDATE 445253237784707072 by <@399489474205319179>/Boaki Actu's bot/Boaki Actu's bot : 
[15:58:04.363] MESSAGE 445253415774322688 by <@178165057102938112>/FrelonMCR2/FrelonMCR2 in channel "bot" : !log 2018-03-08
[15:58:04.558] DELETED MESSAGE 445253415774322688 by <@178165057102938112>/FrelonMCR2/FrelonMCR2 : !log 2018-03-08
[15:58:04.834] BOT MESSAGE : 445253417791782912