File generated at 13:01:38.451
[13:01:38.451] MESSAGE 424552904012201994 by <@178165057102938112>/FrelonMCR2/FrelonMCR2 in channel "discussion" : !purge 31
[13:01:38.708] DELETED MESSAGE 424552904012201994 by <@178165057102938112>/FrelonMCR2/FrelonMCR2 : !purge 31
[13:01:39.117] DELETED MESSAGE 424551975741292561 by <@238969660765241355>/minecraft89/minecraft89 : xxd
[13:01:39.429] DELETED MESSAGE 424551956917518357 by <@178165057102938112>/FrelonMCR2/FrelonMCR2 : Le bot sur VPS ? Avant 2021
[13:01:39.531] DELETED MESSAGE 424551952324755457 by <@238969660765241355>/minecraft89/minecraft89 : salut
[13:01:41.173] DELETED MESSAGE 424551932728836116 by <@178165057102938112>/FrelonMCR2/FrelonMCR2 : Bon j'étais pas censé passé ici moi, j'ai des trucs à faire, A+
[13:01:41.371] DELETED MESSAGE 424551780643504128 by <@178165057102938112>/FrelonMCR2/FrelonMCR2 : J'espère pour toi
[13:01:41.509] DELETED MESSAGE 424551725488275457 by <@238969660765241355>/minecraft89/minecraft89 : c'est bon j'arette
[13:01:43.270] DELETED MESSAGE 424551713111015445 by <@238969660765241355>/minecraft89/minecraft89 : iui
[13:01:43.537] DELETED MESSAGE 424551691304697867 by <@178165057102938112>/FrelonMCR2/FrelonMCR2 : Wawaque...
[13:01:43.737] DELETED MESSAGE 424551345991843843 by <@178165057102938112>/FrelonMCR2/FrelonMCR2 : Arrête ça
[13:01:45.404] DELETED MESSAGE 424551330661662721 by <@178165057102938112>/FrelonMCR2/FrelonMCR2 : C'est mal
[13:01:45.582] DELETED MESSAGE 424551324336521226 by <@178165057102938112>/FrelonMCR2/FrelonMCR2 : Oui mais non
[13:01:45.754] DELETED MESSAGE 424551295580504072 by <@238969660765241355>/minecraft89/minecraft89 : j'essaye de comprendre des trucs xd
[13:01:48.460] DELETED MESSAGE 424551189737373696 by <@178165057102938112>/FrelonMCR2/FrelonMCR2 : Avec un logiciel de cheat qui modif les paramétres d'un logiciel auquel tu n'es même pas censé avoir accès ?
[13:01:48.659] DELETED MESSAGE 424551090659393547 by <@238969660765241355>/minecraft89/minecraft89 : jmamuse tkt jfais rien de mal
[13:01:48.884] DELETED MESSAGE 424551057344167956 by <@178165057102938112>/FrelonMCR2/FrelonMCR2 : J'ai dit non
[13:01:51.557] DELETED MESSAGE 424551036561260566 by <@238969660765241355>/minecraft89/minecraft89 : oui?
[13:01:51.733] DELETED MESSAGE 424551019079532554 by <@178165057102938112>/FrelonMCR2/FrelonMCR2 : Wawaque
[13:01:51.884] DELETED MESSAGE 424550960224927745 by <@238969660765241355>/minecraft89/minecraft89 : mais regarde 😢 ça m'affiche des trucs bizarre
[13:01:54.552] DELETED MESSAGE 424550891186683905 by <@178165057102938112>/FrelonMCR2/FrelonMCR2 : J'ai dit non
[13:01:54.703] DELETED MESSAGE 424550886354845697 by <@178165057102938112>/FrelonMCR2/FrelonMCR2 : Wawaque
[13:01:54.876] DELETED MESSAGE 424550797896843265 by <@238969660765241355>/minecraft89/minecraft89 : mais ya des trucs swag 😢
[13:01:57.585] DELETED MESSAGE 424550785385365505 by <@238969660765241355>/minecraft89/minecraft89 : 
[13:01:57.784] DELETED MESSAGE 424550705261445130 by <@178165057102938112>/FrelonMCR2/FrelonMCR2 : J'ai dit non Wawaque x)
[13:01:57.959] DELETED MESSAGE 424550555529117696 by <@238969660765241355>/minecraft89/minecraft89 : si
[13:02:00.611] DELETED MESSAGE 424549977616809984 by <@178165057102938112>/FrelonMCR2/FrelonMCR2 : Non
[13:02:00.804] DELETED MESSAGE 424546617669058560 by <@238969660765241355>/minecraft89/minecraft89 : si ya des trucs stylé de ouf
[13:02:01.014] DELETED MESSAGE 424541431642849291 by <@178165057102938112>/FrelonMCR2/FrelonMCR2 : Donc, à ne pas faire xD
[13:02:03.698] DELETED MESSAGE 424541420909756416 by <@178165057102938112>/FrelonMCR2/FrelonMCR2 : Et il y a rien à voir
[13:02:03.879] DELETED MESSAGE 424541280018628610 by <@178165057102938112>/FrelonMCR2/FrelonMCR2 : C'est mal
[13:02:04.117] DELETED MESSAGE 424539068941205504 by <@238969660765241355>/minecraft89/minecraft89 : ?
[13:02:06.823] DELETED MESSAGE 424531361768931328 by <@238969660765241355>/minecraft89/minecraft89 : <@178165057102938112> tu t'es déjà amuser avec cheat engine sur boaki selector