File generated at 13:08:47.514
[13:08:47.514] MESSAGE 422017988569333770 by <@178165057102938112>/FrelonMCR2/FrelonMCR2 in channel "discussion" : Tu me diras pour celle d'avant et celle que tu viens de recevoir
[13:08:48.138] MESSAGE 422017990905561089 by <@238969660765241355>/minecraft89/minecraft89 in channel "discussion" : https://discord.gg/tdWMQZ
[13:08:57.503] MESSAGE 422018030508179456 by <@238969660765241355>/minecraft89/minecraft89 in channel "discussion" : https://discord.gg/Hr76p7
[13:09:19.686] MESSAGE 422018123563008010 by <@178165057102938112>/FrelonMCR2/FrelonMCR2 in channel "discussion" : Ok c'est bon maintenant on reçoit plus la même tout les 2, car comme c'est limité à 1 utilisation ça aurait posé problème
[13:09:30.021] MESSAGE 422018166789636097 by <@238969660765241355>/minecraft89/minecraft89 in channel "discussion" : ok !
[13:12:33.665] MESSAGE 422018936830427136 by <@178165057102938112>/FrelonMCR2/FrelonMCR2 in channel "discussion" : Tu rerempliras ton profil, il avait été reset quand tu avais fais le cobaye
[13:12:41.249] MESSAGE 422018968832966656 by <@178165057102938112>/FrelonMCR2/FrelonMCR2 in channel "discussion" : Jte rappel la synthaxe : !profil edit boaki Wawaque
[13:12:48.532] MESSAGE 422018998998269953 by <@238969660765241355>/minecraft89/minecraft89 in channel "discussion" : dac
[13:12:54.396] MESSAGE 422019024092790804 by <@238969660765241355>/minecraft89/minecraft89 in channel "discussion" : !profil edit boaki Wawaque
[13:12:55.407] BOT MESSAGE : 422019028337426432 mentioning 238969660765241355
[13:12:55.872] DELETED MESSAGE 422019024092790804 by <@238969660765241355>/minecraft89/minecraft89 : !profil edit boaki Wawaque
[13:13:03.597] MESSAGE 422019062244048906 by <@238969660765241355>/minecraft89/minecraft89 in channel "discussion" : !profil edit wiloki Wawaque
[13:13:03.895] DELETED MESSAGE 422019062244048906 by <@238969660765241355>/minecraft89/minecraft89 : !profil edit wiloki Wawaque
[13:13:03.896] BOT MESSAGE : 422019063443750912 mentioning 238969660765241355
[13:13:55.722] MESSAGE 422019281178329099 by <@238969660765241355>/minecraft89/minecraft89 in channel "discussion" : !profil
[13:13:55.894] DELETED MESSAGE 422019281178329099 by <@238969660765241355>/minecraft89/minecraft89 : !profil
[13:13:55.897] BOT MESSAGE : 422019282059264010
[13:13:55.921] MESSAGE UPDATE 422019282059264010 by <@399489474205319179>/Boaki Actu's bot/Boaki Actu's bot : 
[13:15:27.180] MESSAGE 422019664554491915 by <@178165057102938112>/FrelonMCR2/FrelonMCR2 in channel "discussion" : Thanks, hésite pas à te faire un beau profil Boaki Actu aussi :p
[13:16:24.644] MESSAGE 422019905790017587 by <@178165057102938112>/FrelonMCR2/FrelonMCR2 in channel "notes" : - Update aide et doc
[13:16:31.108] MESSAGE 422019932620980225 by <@238969660765241355>/minecraft89/minecraft89 in channel "discussion" : oui
[13:16:33.788] MESSAGE 422019944247459840 by <@238969660765241355>/minecraft89/minecraft89 in channel "discussion" : j'y penserais
[14:50:34.100] MESSAGE 422043601267195934 by <@178165057102938112>/FrelonMCR2/FrelonMCR2 in channel "bot" : !sanction <@178165057102938112>
[14:50:34.279] DELETED MESSAGE 422043601267195934 by <@178165057102938112>/FrelonMCR2/FrelonMCR2 : !sanction <@178165057102938112>
[14:50:34.299] BOT MESSAGE : 422043602084954112
[14:50:34.312] MESSAGE UPDATE 422043602084954112 by <@399489474205319179>/Boaki Actu's bot/Boaki Actu's bot : 
[14:53:03.400] MESSAGE 422044227418193921 by <@178165057102938112>/FrelonMCR2/FrelonMCR2 in channel "bot" : !mentionWiloki
[14:53:03.591] BOT MESSAGE : 422044228214849537 mentioning 178165057102938112
[14:53:03.592] DELETED MESSAGE 422044227418193921 by <@178165057102938112>/FrelonMCR2/FrelonMCR2 : !mentionWiloki
[15:30:00.483] MESSAGE 422053526311534624 by <@178165057102938112>/FrelonMCR2/FrelonMCR2 in channel "notes" : !aide
[15:30:00.673] DELETED MESSAGE 422053526311534624 by <@178165057102938112>/FrelonMCR2/FrelonMCR2 : !aide
[15:30:59.080] MESSAGE 422053771938627585 by <@178165057102938112>/FrelonMCR2/FrelonMCR2 in channel "notes" : !aide
[15:30:59.263] DELETED MESSAGE 422053771938627585 by <@178165057102938112>/FrelonMCR2/FrelonMCR2 : !aide
[15:31:21.418] MESSAGE 422053865592979468 by <@178165057102938112>/FrelonMCR2/FrelonMCR2 in channel "bot" : !aide admin
[15:31:21.586] DELETED MESSAGE 422053865592979468 by <@178165057102938112>/FrelonMCR2/FrelonMCR2 : !aide admin
[15:31:21.621] BOT MESSAGE : 422053866469589013 mentioning 178165057102938112
[15:31:45.183] MESSAGE 422053965589512193 by <@178165057102938112>/FrelonMCR2/FrelonMCR2 in channel "bot" : !doc
[15:31:45.342] DELETED MESSAGE 422053965589512193 by <@178165057102938112>/FrelonMCR2/FrelonMCR2 : !doc
[15:31:46.294] BOT MESSAGE : 422053969959976965
[15:33:15.509] MESSAGE 422054344486289408 by <@178165057102938112>/FrelonMCR2/FrelonMCR2 in channel "discussion" : Bon bah je crois que j'ai fait tout ce que je devais faire sur le bot, lisez bien la doc (et relisez la encore pour la comprendre x))
[15:33:17.409] MESSAGE 422054352199352331 by <@178165057102938112>/FrelonMCR2/FrelonMCR2 in channel "discussion" : !doc
[15:33:17.574] DELETED MESSAGE 422054352199352331 by <@178165057102938112>/FrelonMCR2/FrelonMCR2 : !doc
[15:33:18.489] BOT MESSAGE : 422054356574011393
[15:33:27.581] DELETED MESSAGE 422053969959976965 by <@399489474205319179>/Boaki Actu's bot/Boaki Actu's bot : Documentation du bot :
[15:41:51.783] MESSAGE 422056509917233162 by <@178165057102938112>/FrelonMCR2/FrelonMCR2 in channel "bot" : !purge 1
[15:41:52.127] DELETED MESSAGE 422056509917233162 by <@178165057102938112>/FrelonMCR2/FrelonMCR2 : !purge 1
[15:41:52.296] DELETED MESSAGE 422054356574011393 by <@399489474205319179>/Boaki Actu's bot/Boaki Actu's bot : Documentation du bot :
[15:42:00.344] MESSAGE 422056545832927242 by <@178165057102938112>/FrelonMCR2/FrelonMCR2 in channel "bot" : !purge <@178165057102938112> 8
[15:42:19.777] MESSAGE 422056627181715457 by <@178165057102938112>/FrelonMCR2/FrelonMCR2 in channel "bot" : !purge 8 <@178165057102938112>
[15:42:34.994] MESSAGE 422056691106971648 by <@178165057102938112>/FrelonMCR2/FrelonMCR2 in channel "bot" : !purge <@178165057102938112> 2
[15:43:19.305] MESSAGE 422056876994199572 by <@178165057102938112>/FrelonMCR2/FrelonMCR2 in channel "bot" : !purge 4
[15:43:19.658] DELETED MESSAGE 422056876994199572 by <@178165057102938112>/FrelonMCR2/FrelonMCR2 : !purge 4
[15:43:19.868] DELETED MESSAGE 422056691106971648 by <@178165057102938112>/FrelonMCR2/FrelonMCR2 : !purge <@178165057102938112> 2
[15:43:20.274] DELETED MESSAGE 422056627181715457 by <@178165057102938112>/FrelonMCR2/FrelonMCR2 : !purge 8 <@178165057102938112>
[15:43:20.415] DELETED MESSAGE 422056545832927242 by <@178165057102938112>/FrelonMCR2/FrelonMCR2 : !purge <@178165057102938112> 8
[15:43:22.082] DELETED MESSAGE 422053866469589013 by <@399489474205319179>/Boaki Actu's bot/Boaki Actu's bot : <@178165057102938112>, Le bot <@399489474205319179> appartient et est entiérement développé par Boaki Actu | www.boakiactu.fr
La documentation est disponible avec la commande !doc.

Liste des commandes : 

:small_blue_diamond: !aide [prm]
:small_blue_diamond: !report <arg-1> <arg-2>
:small_blue_diamond: !ping
:small_orange_diamond: !setgame [<prm> <arg-1> [<arg-2>]]
:small_orange_diamond: !say [prm] <arg>
:small_orange_diamond: !file [prm] <arg>
:small_orange_diamond: !ver [prm] <arg-2> <arg-3>
:small_orange_diamond: !profil <arg-1> [<prm> <arg-2>]
:small_orange_diamond: !documentation
:small_orange_diamond: !log [[<arg-1>] [prm] [arg]]
:small_orange_diamond: !warn <arg-1> <arg-2>
:small_orange_diamond: !article [prm] <arg-1> <arg-2>
:small_orange_diamond: !sanction <arg>
:small_orange_diamond: !mentionWiloki [<prm> <arg>]
:small_orange_diamond: !purge <arg-1> [arg-2]
[15:43:23.925] MESSAGE 422056895675760652 by <@178165057102938112>/FrelonMCR2/FrelonMCR2 in channel "bot" : ttt
[15:43:24.440] MESSAGE 422056898544664577 by <@178165057102938112>/FrelonMCR2/FrelonMCR2 in channel "bot" : tt
[15:43:28.439] MESSAGE 422056914969690124 by <@178165057102938112>/FrelonMCR2/FrelonMCR2 in channel "bot" : !purge <@178165057102938112> 2
[15:43:55.525] MESSAGE 422057028681334797 by <@178165057102938112>/FrelonMCR2/FrelonMCR2 in channel "bot" : !purge <@178165057102938112> 2
[15:44:31.184] MESSAGE 422057178438959104 by <@178165057102938112>/FrelonMCR2/FrelonMCR2 in channel "bot" : !purge <@178165057102938112> 3
[15:45:06.901] MESSAGE 422057328284794880 by <@178165057102938112>/FrelonMCR2/FrelonMCR2 in channel "bot" : !purge <@178165057102938112> 4
[15:45:36.595] MESSAGE 422057452830195712 by <@178165057102938112>/FrelonMCR2/FrelonMCR2 in channel "bot" : !purge <@178165057102938112> 5
[15:45:36.944] DELETED MESSAGE 422057452830195712 by <@178165057102938112>/FrelonMCR2/FrelonMCR2 : !purge <@178165057102938112> 5
[15:45:37.815] DELETED MESSAGE 422057328284794880 by <@178165057102938112>/FrelonMCR2/FrelonMCR2 : !purge <@178165057102938112> 4
[15:45:38.109] DELETED MESSAGE 422057178438959104 by <@178165057102938112>/FrelonMCR2/FrelonMCR2 : !purge <@178165057102938112> 3
[15:45:38.304] DELETED MESSAGE 422057028681334797 by <@178165057102938112>/FrelonMCR2/FrelonMCR2 : !purge <@178165057102938112> 2
[15:45:40.971] DELETED MESSAGE 422056914969690124 by <@178165057102938112>/FrelonMCR2/FrelonMCR2 : !purge <@178165057102938112> 2
[15:45:41.220] DELETED MESSAGE 422056898544664577 by <@178165057102938112>/FrelonMCR2/FrelonMCR2 : tt
[15:45:56.569] MESSAGE 422057536523599872 by <@178165057102938112>/FrelonMCR2/FrelonMCR2 in channel "bot" : ttt
[15:45:57.060] MESSAGE 422057538528215043 by <@178165057102938112>/FrelonMCR2/FrelonMCR2 in channel "bot" : ttt
[15:46:01.396] MESSAGE 422057556794671114 by <@178165057102938112>/FrelonMCR2/FrelonMCR2 in channel "bot" : !purge <@178165057102938112> 10
[15:46:01.759] DELETED MESSAGE 422057556794671114 by <@178165057102938112>/FrelonMCR2/FrelonMCR2 : !purge <@178165057102938112> 10
[15:46:01.919] DELETED MESSAGE 422057538528215043 by <@178165057102938112>/FrelonMCR2/FrelonMCR2 : ttt
[15:46:02.094] DELETED MESSAGE 422057536523599872 by <@178165057102938112>/FrelonMCR2/FrelonMCR2 : ttt
[15:46:02.233] DELETED MESSAGE 422056895675760652 by <@178165057102938112>/FrelonMCR2/FrelonMCR2 : ttt
[15:46:02.390] DELETED MESSAGE 422016655233777684 by <@178165057102938112>/FrelonMCR2/FrelonMCR2 : t
[15:46:02.558] DELETED MESSAGE 422016438908223508 by <@178165057102938112>/FrelonMCR2/FrelonMCR2 : t
[15:46:04.205] DELETED MESSAGE 422016148809318400 by <@178165057102938112>/FrelonMCR2/FrelonMCR2 : t
[15:46:04.364] DELETED MESSAGE 422015897901989898 by <@178165057102938112>/FrelonMCR2/FrelonMCR2 : t
[15:46:04.542] DELETED MESSAGE 422014399348211714 by <@178165057102938112>/FrelonMCR2/FrelonMCR2 : t
[15:46:09.164] MESSAGE 422057589115846658 by <@178165057102938112>/FrelonMCR2/FrelonMCR2 in channel "bot" : !purge 2
[15:46:11.567] DELETED MESSAGE 422057589115846658 by <@178165057102938112>/FrelonMCR2/FrelonMCR2 : !purge 2
[15:46:11.831] DELETED MESSAGE 422044228214849537 by <@399489474205319179>/Boaki Actu's bot/Boaki Actu's bot : <@178165057102938112>, Synthaxe : !mentionWiloki [<arg-1> <arg-2>]
Valeurs possibles :
1 : Top #1 Wiloki
2 : Top #5 Wiloki
3 : Top #10 Wiloki
4 : Top #25 Wiloki
5 : Top #50 Wiloki
6 : Top #100 Wiloki
[15:46:11.913] DELETED MESSAGE 422043602084954112 by <@399489474205319179>/Boaki Actu's bot/Boaki Actu's bot : 
[15:46:14.827] MESSAGE 422057612880773123 by <@178165057102938112>/FrelonMCR2/FrelonMCR2 in channel "bot" : !purge t
[15:46:15.195] DELETED MESSAGE 422057612880773123 by <@178165057102938112>/FrelonMCR2/FrelonMCR2 : !purge t
[15:46:15.364] DELETED MESSAGE 422014157370556429 by <@178165057102938112>/FrelonMCR2/FrelonMCR2 : t
[15:46:15.537] DELETED MESSAGE 422014082850488320 by <@178165057102938112>/FrelonMCR2/FrelonMCR2 : t
[15:46:15.693] DELETED MESSAGE 422014055381860352 by <@178165057102938112>/FrelonMCR2/FrelonMCR2 : t
[15:46:17.387] DELETED MESSAGE 422013836090933249 by <@178165057102938112>/FrelonMCR2/FrelonMCR2 : t
[15:46:17.607] DELETED MESSAGE 422013700162191362 by <@178165057102938112>/FrelonMCR2/FrelonMCR2 : y
[15:46:17.737] DELETED MESSAGE 422013481508798465 by <@178165057102938112>/FrelonMCR2/FrelonMCR2 : y
[15:46:20.447] DELETED MESSAGE 422013337358958594 by <@178165057102938112>/FrelonMCR2/FrelonMCR2 : t
[15:46:20.612] DELETED MESSAGE 422013166218903553 by <@178165057102938112>/FrelonMCR2/FrelonMCR2 : t
[15:46:20.778] DELETED MESSAGE 422013142579675139 by <@178165057102938112>/FrelonMCR2/FrelonMCR2 : t
[15:46:21.941] MESSAGE 422057642979229707 by <@178165057102938112>/FrelonMCR2/FrelonMCR2 in channel "bot" : Oups
[15:46:23.453] DELETED MESSAGE 422012875490590720 by <@178165057102938112>/FrelonMCR2/FrelonMCR2 : t
[15:46:23.620] DELETED MESSAGE 422000171715526656 by <@399489474205319179>/Boaki Actu's bot/Boaki Actu's bot : 
[15:46:23.792] DELETED MESSAGE 422000134281232384 by <@399489474205319179>/Boaki Actu's bot/Boaki Actu's bot : 
[15:48:05.021] MESSAGE 422058075013382168 by <@178165057102938112>/FrelonMCR2/FrelonMCR2 in channel "bot" : !purge t
[15:48:25.963] MESSAGE 422058163064537090 by <@178165057102938112>/FrelonMCR2/FrelonMCR2 in channel "bot" : !purge <@178165057102938112> t
[15:49:16.121] MESSAGE 422058373442174976 by <@178165057102938112>/FrelonMCR2/FrelonMCR2 in channel "bot" : !purge tttregce
[15:49:19.028] MESSAGE 422058385714708480 by <@178165057102938112>/FrelonMCR2/FrelonMCR2 in channel "bot" : !purge 4t
[15:49:22.892] MESSAGE 422058401695006731 by <@178165057102938112>/FrelonMCR2/FrelonMCR2 in channel "bot" : !purge 5
[15:49:23.370] DELETED MESSAGE 422058401695006731 by <@178165057102938112>/FrelonMCR2/FrelonMCR2 : !purge 5
[15:49:23.507] DELETED MESSAGE 422058385714708480 by <@178165057102938112>/FrelonMCR2/FrelonMCR2 : !purge 4t
[15:49:23.714] DELETED MESSAGE 422058373442174976 by <@178165057102938112>/FrelonMCR2/FrelonMCR2 : !purge tttregce
[15:49:23.860] DELETED MESSAGE 422058163064537090 by <@178165057102938112>/FrelonMCR2/FrelonMCR2 : !purge <@178165057102938112> t
[15:49:24.036] DELETED MESSAGE 422058075013382168 by <@178165057102938112>/FrelonMCR2/FrelonMCR2 : !purge t
[15:49:24.196] DELETED MESSAGE 422057690513276939 by <@178165057102938112>/FrelonMCR2/FrelonMCR2 : Ok ça c'était pas un bon plan
[15:49:26.979] MESSAGE 422058419034259457 by <@178165057102938112>/FrelonMCR2/FrelonMCR2 in channel "bot" : tcegce
[15:49:27.553] MESSAGE 422058421529870346 by <@178165057102938112>/FrelonMCR2/FrelonMCR2 in channel "bot" : egcerg
[15:49:28.052] MESSAGE 422058423492935681 by <@178165057102938112>/FrelonMCR2/FrelonMCR2 in channel "bot" : zgcztr
[15:49:28.633] MESSAGE 422058426097598464 by <@178165057102938112>/FrelonMCR2/FrelonMCR2 in channel "bot" : zchzt
[15:49:29.242] MESSAGE 422058428513386508 by <@178165057102938112>/FrelonMCR2/FrelonMCR2 in channel "bot" : zhcethc
[15:49:29.884] MESSAGE 422058431340609536 by <@178165057102938112>/FrelonMCR2/FrelonMCR2 in channel "bot" : zhvtevhe
[15:49:31.308] MESSAGE 422058437313167370 by <@178165057102938112>/FrelonMCR2/FrelonMCR2 in channel "bot" : !purge
[15:50:04.445] MESSAGE 422058575855222795 by <@178165057102938112>/FrelonMCR2/FrelonMCR2 in channel "bot" : !purge
[15:50:04.635] DELETED MESSAGE 422058575855222795 by <@178165057102938112>/FrelonMCR2/FrelonMCR2 : !purge
[15:50:09.144] MESSAGE 422058595220324366 by <@178165057102938112>/FrelonMCR2/FrelonMCR2 in channel "bot" : !purge t
[15:50:09.557] DELETED MESSAGE 422058595220324366 by <@178165057102938112>/FrelonMCR2/FrelonMCR2 : !purge t
[15:50:09.742] DELETED MESSAGE 422058437313167370 by <@178165057102938112>/FrelonMCR2/FrelonMCR2 : !purge
[15:50:09.865] DELETED MESSAGE 422058431340609536 by <@178165057102938112>/FrelonMCR2/FrelonMCR2 : zhvtevhe
[15:50:10.488] DELETED MESSAGE 422058428513386508 by <@178165057102938112>/FrelonMCR2/FrelonMCR2 : zhcethc
[15:50:12.741] DELETED MESSAGE 422058426097598464 by <@178165057102938112>/FrelonMCR2/FrelonMCR2 : zchzt
[15:50:12.889] DELETED MESSAGE 422058423492935681 by <@178165057102938112>/FrelonMCR2/FrelonMCR2 : zgcztr
[15:50:13.076] DELETED MESSAGE 422058421529870346 by <@178165057102938112>/FrelonMCR2/FrelonMCR2 : egcerg
[15:50:34.370] MESSAGE 422058701763903498 by <@178165057102938112>/FrelonMCR2/FrelonMCR2 in channel "bot" : !purge 2
[15:50:34.546] DELETED MESSAGE 422058701763903498 by <@178165057102938112>/FrelonMCR2/FrelonMCR2 : !purge 2
[15:50:34.878] DELETED MESSAGE 422058419034259457 by <@178165057102938112>/FrelonMCR2/FrelonMCR2 : tcegce
[15:50:35.067] DELETED MESSAGE 422057642979229707 by <@178165057102938112>/FrelonMCR2/FrelonMCR2 : Oups
[15:50:37.162] MESSAGE 422058713445040135 by <@178165057102938112>/FrelonMCR2/FrelonMCR2 in channel "bot" : ercge
[15:50:37.558] MESSAGE 422058714833616907 by <@178165057102938112>/FrelonMCR2/FrelonMCR2 in channel "bot" : gecge
[15:50:38.092] MESSAGE 422058717182427138 by <@178165057102938112>/FrelonMCR2/FrelonMCR2 in channel "bot" : gzvrthv
[15:50:38.578] MESSAGE 422058719426117652 by <@178165057102938112>/FrelonMCR2/FrelonMCR2 in channel "bot" : zvvhzt
[15:50:39.505] MESSAGE 422058723054190598 by <@178165057102938112>/FrelonMCR2/FrelonMCR2 in channel "bot" : !purge
[15:50:39.704] DELETED MESSAGE 422058723054190598 by <@178165057102938112>/FrelonMCR2/FrelonMCR2 : !purge
[15:50:42.784] MESSAGE 422058737105371136 by <@178165057102938112>/FrelonMCR2/FrelonMCR2 in channel "bot" : !purge <@178165057102938112> 2
[15:50:43.000] DELETED MESSAGE 422058737105371136 by <@178165057102938112>/FrelonMCR2/FrelonMCR2 : !purge <@178165057102938112> 2
[15:50:43.338] DELETED MESSAGE 422058719426117652 by <@178165057102938112>/FrelonMCR2/FrelonMCR2 : zvvhzt
[15:50:43.516] DELETED MESSAGE 422058717182427138 by <@178165057102938112>/FrelonMCR2/FrelonMCR2 : gzvrthv
[15:50:48.188] MESSAGE 422058759762870282 by <@178165057102938112>/FrelonMCR2/FrelonMCR2 in channel "bot" : !purge <@178165057102938112> gergcvregvcsq
[15:50:48.349] DELETED MESSAGE 422058759762870282 by <@178165057102938112>/FrelonMCR2/FrelonMCR2 : !purge <@178165057102938112> gergcvregvcsq
[15:51:33.963] MESSAGE 422058951593426945 by <@178165057102938112>/FrelonMCR2/FrelonMCR2 in channel "bot" : !purge
[15:51:34.140] DELETED MESSAGE 422058951593426945 by <@178165057102938112>/FrelonMCR2/FrelonMCR2 : !purge
[15:51:54.617] MESSAGE 422059037807345666 by <@178165057102938112>/FrelonMCR2/FrelonMCR2 in channel "bot" : !purge
[15:51:54.836] DELETED MESSAGE 422059037807345666 by <@178165057102938112>/FrelonMCR2/FrelonMCR2 : !purge
[15:52:21.909] MESSAGE 422059152853172224 by <@178165057102938112>/FrelonMCR2/FrelonMCR2 in channel "bot" : !article
[15:52:22.070] BOT MESSAGE : 422059153280729089 mentioning 178165057102938112
[15:52:22.091] DELETED MESSAGE 422059152853172224 by <@178165057102938112>/FrelonMCR2/FrelonMCR2 : !article
[15:52:34.132] MESSAGE 422059203939663872 by <@178165057102938112>/FrelonMCR2/FrelonMCR2 in channel "bot" : !purge
[15:52:34.309] BOT MESSAGE : 422059204606558209 mentioning 178165057102938112
[15:52:34.318] DELETED MESSAGE 422059203939663872 by <@178165057102938112>/FrelonMCR2/FrelonMCR2 : !purge
[15:52:46.787] MESSAGE 422059257165512704 by <@178165057102938112>/FrelonMCR2/FrelonMCR2 in channel "bot" : !purge
[15:52:47.001] BOT MESSAGE : 422059257656246273 mentioning 178165057102938112
[15:52:47.060] DELETED MESSAGE 422059257165512704 by <@178165057102938112>/FrelonMCR2/FrelonMCR2 : !purge
[15:52:52.422] MESSAGE 422059280577855499 by <@178165057102938112>/FrelonMCR2/FrelonMCR2 in channel "bot" : !purge 3
[15:52:52.588] DELETED MESSAGE 422059280577855499 by <@178165057102938112>/FrelonMCR2/FrelonMCR2 : !purge 3
[15:52:52.775] DELETED MESSAGE 422059257656246273 by <@399489474205319179>/Boaki Actu's bot/Boaki Actu's bot : <@178165057102938112>, Synthaxe : !purge <arg-1> [arg-2]
[15:52:52.968] DELETED MESSAGE 422059204606558209 by <@399489474205319179>/Boaki Actu's bot/Boaki Actu's bot : <@178165057102938112>, !article [prm] <arg-1> <arg-2>
[15:52:53.151] DELETED MESSAGE 422059153280729089 by <@399489474205319179>/Boaki Actu's bot/Boaki Actu's bot : <@178165057102938112>, !article [prm] <arg-1> <arg-2>
[15:52:53.365] DELETED MESSAGE 422058714833616907 by <@178165057102938112>/FrelonMCR2/FrelonMCR2 : gecge
[15:52:54.548] MESSAGE 422059289537019906 by <@178165057102938112>/FrelonMCR2/FrelonMCR2 in channel "bot" : !purge t
[15:52:54.748] BOT MESSAGE : 422059290556366848 mentioning 178165057102938112
[15:52:55.026] DELETED MESSAGE 422059289537019906 by <@178165057102938112>/FrelonMCR2/FrelonMCR2 : !purge t
[15:53:06.058] MESSAGE 422059337976905728 by <@178165057102938112>/FrelonMCR2/FrelonMCR2 in channel "bot" : !purge <@178165057102938112> t
[15:53:06.235] DELETED MESSAGE 422059337976905728 by <@178165057102938112>/FrelonMCR2/FrelonMCR2 : !purge <@178165057102938112> t
[15:53:06.258] BOT MESSAGE : 422059338589274134 mentioning 178165057102938112
[15:53:11.137] MESSAGE 422059359065866241 by <@178165057102938112>/FrelonMCR2/FrelonMCR2 in channel "bot" : !purge <@178165057102938112> 4
[15:53:11.312] DELETED MESSAGE 422059359065866241 by <@178165057102938112>/FrelonMCR2/FrelonMCR2 : !purge <@178165057102938112> 4
[15:53:11.684] DELETED MESSAGE 422058713445040135 by <@178165057102938112>/FrelonMCR2/FrelonMCR2 : ercge
[15:53:20.085] MESSAGE 422059396856676352 by <@178165057102938112>/FrelonMCR2/FrelonMCR2 in channel "bot" : !purge 3
[15:53:20.268] DELETED MESSAGE 422059396856676352 by <@178165057102938112>/FrelonMCR2/FrelonMCR2 : !purge 3
[15:53:20.792] DELETED MESSAGE 422059338589274134 by <@399489474205319179>/Boaki Actu's bot/Boaki Actu's bot : <@178165057102938112>, Synthaxe : !purge <arg-1> [arg-2]
[15:53:20.939] DELETED MESSAGE 422059290556366848 by <@399489474205319179>/Boaki Actu's bot/Boaki Actu's bot : <@178165057102938112>, Synthaxe : !purge <arg-1> [arg-2]
[15:53:21.092] DELETED MESSAGE 422000123074052096 by <@399489474205319179>/Boaki Actu's bot/Boaki Actu's bot : 
[15:53:42.039] MESSAGE 422059488867123204 by <@178165057102938112>/FrelonMCR2/FrelonMCR2 in channel "bot" : 1
[15:53:42.235] MESSAGE 422059489764835328 by <@178165057102938112>/FrelonMCR2/FrelonMCR2 in channel "bot" : 2
[15:53:42.501] MESSAGE 422059490779725835 by <@178165057102938112>/FrelonMCR2/FrelonMCR2 in channel "bot" : 3
[15:53:42.956] MESSAGE 422059492683808777 by <@178165057102938112>/FrelonMCR2/FrelonMCR2 in channel "bot" : 4
[15:53:43.565] MESSAGE 422059495213105155 by <@178165057102938112>/FrelonMCR2/FrelonMCR2 in channel "bot" : 5
[15:53:45.895] MESSAGE 422059505069588491 by <@178165057102938112>/FrelonMCR2/FrelonMCR2 in channel "bot" : !purge 5
[15:53:46.068] DELETED MESSAGE 422059505069588491 by <@178165057102938112>/FrelonMCR2/FrelonMCR2 : !purge 5
[15:53:46.255] DELETED MESSAGE 422059495213105155 by <@178165057102938112>/FrelonMCR2/FrelonMCR2 : 5
[15:53:46.440] DELETED MESSAGE 422059492683808777 by <@178165057102938112>/FrelonMCR2/FrelonMCR2 : 4
[15:53:46.653] DELETED MESSAGE 422059490779725835 by <@178165057102938112>/FrelonMCR2/FrelonMCR2 : 3
[15:53:46.877] DELETED MESSAGE 422059489764835328 by <@178165057102938112>/FrelonMCR2/FrelonMCR2 : 2
[15:53:46.985] DELETED MESSAGE 422059488867123204 by <@178165057102938112>/FrelonMCR2/FrelonMCR2 : 1
[15:53:47.152] DELETED MESSAGE 422000119483858954 by <@399489474205319179>/Boaki Actu's bot/Boaki Actu's bot : 
[15:53:50.594] MESSAGE 422059524615307264 by <@178165057102938112>/FrelonMCR2/FrelonMCR2 in channel "bot" : 1
[15:53:50.794] MESSAGE 422059525646974977 by <@178165057102938112>/FrelonMCR2/FrelonMCR2 in channel "bot" : 2
[15:53:51.076] MESSAGE 422059526821511178 by <@178165057102938112>/FrelonMCR2/FrelonMCR2 in channel "bot" : 3
[15:53:51.427] MESSAGE 422059527832338435 by <@178165057102938112>/FrelonMCR2/FrelonMCR2 in channel "bot" : 4
[15:53:52.159] MESSAGE 422059530919084034 by <@178165057102938112>/FrelonMCR2/FrelonMCR2 in channel "bot" : 5
[15:53:55.471] MESSAGE 422059544852561931 by <@178165057102938112>/FrelonMCR2/FrelonMCR2 in channel "bot" : !purge <@178165057102938112> 5
[15:53:55.672] DELETED MESSAGE 422059544852561931 by <@178165057102938112>/FrelonMCR2/FrelonMCR2 : !purge <@178165057102938112> 5
[15:53:56.223] DELETED MESSAGE 422059530919084034 by <@178165057102938112>/FrelonMCR2/FrelonMCR2 : 5
[15:53:56.411] DELETED MESSAGE 422059527832338435 by <@178165057102938112>/FrelonMCR2/FrelonMCR2 : 4
[15:53:56.614] DELETED MESSAGE 422059526821511178 by <@178165057102938112>/FrelonMCR2/FrelonMCR2 : 3
[15:53:56.777] DELETED MESSAGE 422059525646974977 by <@178165057102938112>/FrelonMCR2/FrelonMCR2 : 2
[15:53:56.969] DELETED MESSAGE 422059524615307264 by <@178165057102938112>/FrelonMCR2/FrelonMCR2 : 1
[15:54:17.250] MESSAGE 422059636238188546 by <@178165057102938112>/FrelonMCR2/FrelonMCR2 in channel "bot" : !purge t
[15:54:17.417] DELETED MESSAGE 422059636238188546 by <@178165057102938112>/FrelonMCR2/FrelonMCR2 : !purge t
[15:54:17.438] BOT MESSAGE : 422059637362130964 mentioning 178165057102938112
[15:55:06.272] MESSAGE 422059842161868800 by <@178165057102938112>/FrelonMCR2/FrelonMCR2 in channel "discussion" : J'ai corrigé un petit bug avec le !purge qui faisait que si on mettait du texte au lieu du nombre de message, tout le channel était supprimé ahah