File generated at 10:47:41.399
[10:47:41.399] MESSAGE 444812912343908353 by <@178165057102938112>/FrelonMCR2/FrelonMCR2 in channel "bot" : !say Hola
[10:47:41.589] DELETED MESSAGE 444812912343908353 by <@178165057102938112>/FrelonMCR2/FrelonMCR2 : !say Hola
[10:47:41.649] BOT MESSAGE : 444812913178443788
[10:47:50.133] MESSAGE 444812948662255619 by <@178165057102938112>/FrelonMCR2/FrelonMCR2 in channel "bot" : !inviteSwag
[10:48:27.351] MESSAGE 444813105227104257 by <@178165057102938112>/FrelonMCR2/FrelonMCR2 in channel "bot" : !inviteSwag
[10:49:25.548] MESSAGE 444813349331533824 by <@178165057102938112>/FrelonMCR2/FrelonMCR2 in channel "bot" : !inviteSwag
[10:50:08.732] MESSAGE 444813530483392512 by <@178165057102938112>/FrelonMCR2/FrelonMCR2 in channel "bot" : !inviteSwag
[10:50:24.581] MESSAGE 444813596963110912 by <@178165057102938112>/FrelonMCR2/FrelonMCR2 in channel "bot" : !inviteSwag
[10:50:35.814] MESSAGE 444813644073664523 by <@178165057102938112>/FrelonMCR2/FrelonMCR2 in channel "bot" : !inviteSwaf
[10:50:37.987] MESSAGE 444813652953006091 by <@178165057102938112>/FrelonMCR2/FrelonMCR2 in channel "bot" : !inviteSwag
[10:50:48.346] MESSAGE 444813696641007626 by <@178165057102938112>/FrelonMCR2/FrelonMCR2 in channel "bot" : !inviteSwag
[10:51:05.163] MESSAGE 444813767113703425 by <@238969660765241355>/私はプーである/私はプーである in channel "discussion" : il me log poulpe
[10:51:20.134] MESSAGE 444813829583405067 by <@238969660765241355>/私はプーである/私はプーである in channel "discussion" : Ok c'est bien la maj
[10:51:25.987] MESSAGE 444813854514610176 by <@238969660765241355>/私はプーである/私はプーである in channel "discussion" : il aime pas la maj a inviteSwag
[10:52:38.489] MESSAGE 444814158286946305 by <@238969660765241355>/私はプーである/私はプーである in channel "discussion" : bah moi quand je l'enleve il me log poulpe
[10:52:39.876] MESSAGE 444814164326612992 by <@178165057102938112>/FrelonMCR2/FrelonMCR2 in channel "bot" : !inviteSwag
[10:52:40.276] BOT MESSAGE : 444814165979168768
[10:52:43.424] MESSAGE 444814178948087809 by <@238969660765241355>/私はプーである/私はプーである in channel "discussion" : quand je la met il me log rien
[10:52:54.022] MESSAGE 444814223436939265 by <@178165057102938112>/FrelonMCR2/FrelonMCR2 in channel "discussion" : Voila ça marche
[10:53:01.608] MESSAGE 444814255498330113 by <@238969660765241355>/私はプーである/私はプーである in channel "discussion" : ok
[10:53:06.402] DELETED MESSAGE 444814165979168768 by <@399489474205319179>/Boaki Actu's bot/Boaki Actu's bot : Poulpe voici une invitation :

https://discord.gg/fsxCab
[10:53:11.108] MESSAGE 444814295335829524 by <@238969660765241355>/私はプーである/私はプーである in channel "discussion" : moi il amais pas la maj
[10:53:13.529] MESSAGE 444814305205157900 by <@178165057102938112>/FrelonMCR2/FrelonMCR2 in channel "discussion" : J'te commente et jt'envoi
[10:53:16.323] MESSAGE 444814316978438155 by <@178165057102938112>/FrelonMCR2/FrelonMCR2 in channel "discussion" : Nan c'était pas ça le problème
[10:53:17.647] MESSAGE 444814322867372032 by <@238969660765241355>/私はプーである/私はプーである in channel "discussion" : Ok
[10:53:32.165] MESSAGE 444814383583854593 by <@178165057102938112>/FrelonMCR2/FrelonMCR2 in channel "bot" : !inviteSwag 42
[10:53:32.532] BOT MESSAGE : 444814385236410368
[10:53:36.611] DELETED MESSAGE 444814385236410368 by <@399489474205319179>/Boaki Actu's bot/Boaki Actu's bot : Poulpe voici une invitation :

https://discord.gg/eagncE
[10:54:39.479] MESSAGE 444814665977954305 by <@178165057102938112>/FrelonMCR2/FrelonMCR2 in channel "bot" : !inviteSwag 42
[10:54:39.802] BOT MESSAGE : 444814667433377802
[10:54:42.916] DELETED MESSAGE 444814667433377802 by <@399489474205319179>/Boaki Actu's bot/Boaki Actu's bot : Poulpe voici une invitation :

https://discord.gg/eagncE
[10:55:20.917] MESSAGE 444814839773396992 by <@178165057102938112>/FrelonMCR2/FrelonMCR2 in channel "bot" : !inviteSwag 42
[10:55:21.278] BOT MESSAGE : 444814841115443212
[10:55:24.976] DELETED MESSAGE 444814841115443212 by <@399489474205319179>/Boaki Actu's bot/Boaki Actu's bot : Poulpe voici une invitation :

https://discord.gg/eagncE
[10:55:57.837] MESSAGE 444814994765250571 by <@178165057102938112>/FrelonMCR2/FrelonMCR2 in channel "discussion" : J'te le donne avec l'événement et tout, tu sauras te débrouiller avec tes variables à toi hein
[10:56:03.187] MESSAGE 444815015015350274 by <@238969660765241355>/私はプーである/私はプーである in channel "discussion" : ouep
[10:56:05.088] MESSAGE 444815024947593227 by <@178165057102938112>/FrelonMCR2/FrelonMCR2 in channel "discussion" : ```js 
bot.on("message", function (message) {
    if (message.content.startsWith("!inviteSwag")) { // Début la commande, ce que tu veux
        let uses = Number(message.content.split(" ")[1]); // On récup l'argument de la commande (en séparant le message du joueur en utilisant les espaces) et on converti en nombre
        console.log(uses); // On log le nombre d'utilisations de l'invitation
        message.guild.channels.get("398877931587239936").createInvite({maxUses:uses}).then(function (invite) { // Channel dans lequel doit redirigé l'invitation
            return message.channel.send("Poulpe voici une invitation :\n\n" + invite.url)
        });
}});  // Ex : !inviteSwag 42
```
[10:56:09.995] DELETED MESSAGE 444815024947593227 by <@178165057102938112>/FrelonMCR2/FrelonMCR2 : ```js 
bot.on("message", function (message) {
    if (message.content.startsWith("!inviteSwag")) { // Début la commande, ce que tu veux
        let uses = Number(message.content.split(" ")[1]); // On récup l'argument de la commande (en séparant le message du joueur en utilisant les espaces) et on converti en nombre
        console.log(uses); // On log le nombre d'utilisations de l'invitation
        message.guild.channels.get("398877931587239936").createInvite({maxUses:uses}).then(function (invite) { // Channel dans lequel doit redirigé l'invitation
            return message.channel.send("Poulpe voici une invitation :\n\n" + invite.url)
        });
}});  // Ex : !inviteSwag 42
```
[10:56:20.935] MESSAGE 444815091590889473 by <@178165057102938112>/FrelonMCR2/FrelonMCR2 in channel "discussion" : ```js
bot.on("message", function (message) {
    if (message.content.startsWith("!inviteSwag")) { // Début la commande, ce que tu veux
        let uses = Number(message.content.split(" ")[1]); // On récup l'argument de la commande (en séparant le message du joueur en utilisant les espaces) et on converti en nombre
        console.log(uses); // On log le nombre d'utilisations de l'invitation
        message.guild.channels.get("398877931587239936").createInvite({maxUses:uses}).then(function (invite) { // Channel dans lequel doit redirigé l'invitation
            return message.channel.send("Poulpe voici une invitation :\n\n" + invite.url)
        });
}});  // Ex : !inviteSwag 42
```
[10:56:33.424] MESSAGE 444815143688339457 by <@238969660765241355>/私はプーである/私はプーである in channel "discussion" : merci
[10:57:16.983] MESSAGE 444815326438359052 by <@178165057102938112>/FrelonMCR2/FrelonMCR2 in channel "bot" : Merci pour bébé tu peux retourner dormir ❤
[10:57:19.808] MESSAGE 444815338547445760 by <@178165057102938112>/FrelonMCR2/FrelonMCR2 in channel "bot" : !say De rien ❤
[10:57:20.008] BOT MESSAGE : 444815339402952715
[10:57:20.015] DELETED MESSAGE 444815338547445760 by <@178165057102938112>/FrelonMCR2/FrelonMCR2 : !say De rien ❤