File generated at 12:31:14.862
[12:31:14.862] MESSAGE 420921369920929793 by <@178165057102938112>/FrelonMCR2/FrelonMCR2 in channel "dev_bot" : !article zgc zgrc
[12:31:15.086] DELETED MESSAGE 420921369920929793 by <@178165057102938112>/FrelonMCR2/FrelonMCR2 : !article zgc zgrc
[12:41:19.095] MESSAGE 420923904312344576 by <@178165057102938112>/FrelonMCR2/FrelonMCR2 in channel "discussion" : Hello, un petit look sur la conv skype ?
[12:42:11.616] MESSAGE 420924124337012738 by <@238969660765241355>/minecraft89/minecraft89 in channel "discussion" : ah ça redirige plus
[12:42:33.541] MESSAGE 420924216385339393 by <@178165057102938112>/FrelonMCR2/FrelonMCR2 in channel "discussion" : yep
[12:42:43.229] MESSAGE 420924256931676162 by <@178165057102938112>/FrelonMCR2/FrelonMCR2 in channel "discussion" : (hésite pas a répondre Skype ça fera un peu d'activité ahah)
[12:42:57.978] MESSAGE 420924319149850624 by <@238969660765241355>/minecraft89/minecraft89 in channel "discussion" : xd
[12:45:47.851] MESSAGE 420925031648854026 by <@178165057102938112>/FrelonMCR2/FrelonMCR2 in channel "dev_bot" : !article isufchz erhgceru
[12:45:48.014] DELETED MESSAGE 420925031648854026 by <@178165057102938112>/FrelonMCR2/FrelonMCR2 : !article isufchz erhgceru
[12:46:16.079] MESSAGE 420925150041735168 by <@178165057102938112>/FrelonMCR2/FrelonMCR2 in channel "dev_bot" : !article iufhc gheruicgher
[12:46:16.263] DELETED MESSAGE 420925150041735168 by <@178165057102938112>/FrelonMCR2/FrelonMCR2 : !article iufhc gheruicgher
[12:46:46.190] MESSAGE 420925275971518475 by <@178165057102938112>/FrelonMCR2/FrelonMCR2 in channel "dev_bot" : Petit bot pourquoi elle marche plus ta commande !article ?
[12:46:48.574] MESSAGE 420925286339575828 by <@178165057102938112>/FrelonMCR2/FrelonMCR2 in channel "dev_bot" : Queceque j'ai cassé encore ?
[12:47:31.041] MESSAGE 420925464442568704 by <@178165057102938112>/FrelonMCR2/FrelonMCR2 in channel "dev_bot" : !article boaki rieghc ierghcer
[12:47:31.217] DELETED MESSAGE 420925464442568704 by <@178165057102938112>/FrelonMCR2/FrelonMCR2 : !article boaki rieghc ierghcer
[12:48:06.302] MESSAGE 420925612346048512 by <@178165057102938112>/FrelonMCR2/FrelonMCR2 in channel "dev_bot" : !article https://www.afjv.com/img/logo/_boaki.gif zecerg
[12:48:06.484] DELETED MESSAGE 420925612346048512 by <@178165057102938112>/FrelonMCR2/FrelonMCR2 : !article https://www.afjv.com/img/logo/_boaki.gif zecerg
[12:48:06.488] BOT MESSAGE : 420925613121994752
[12:48:07.106] MESSAGE UPDATE 420925613121994752 by <@399489474205319179>/Boaki Actu's bot/Boaki Actu's bot : @everyone
[12:48:14.052] MESSAGE 420925644671811585 by <@178165057102938112>/FrelonMCR2/FrelonMCR2 in channel "dev_bot" : !article boaki https://www.afjv.com/img/logo/_boaki.gif regcre
[12:48:14.214] DELETED MESSAGE 420925644671811585 by <@178165057102938112>/FrelonMCR2/FrelonMCR2 : !article boaki https://www.afjv.com/img/logo/_boaki.gif regcre
[12:48:14.239] BOT MESSAGE : 420925645271466016
[12:48:14.388] MESSAGE UPDATE 420925645271466016 by <@399489474205319179>/Boaki Actu's bot/Boaki Actu's bot : @everyone
[12:48:17.177] MESSAGE 420925657934069760 by <@178165057102938112>/FrelonMCR2/FrelonMCR2 in channel "dev_bot" : !article wiloki https://www.afjv.com/img/logo/_boaki.gif ercgec
[12:48:17.367] BOT MESSAGE : 420925658701496320
[12:48:17.543] DELETED MESSAGE 420925657934069760 by <@178165057102938112>/FrelonMCR2/FrelonMCR2 : !article wiloki https://www.afjv.com/img/logo/_boaki.gif ercgec
[12:48:17.544] MESSAGE UPDATE 420925658701496320 by <@399489474205319179>/Boaki Actu's bot/Boaki Actu's bot : @everyone
[12:51:17.333] MESSAGE 420926413554712576 by <@178165057102938112>/FrelonMCR2/FrelonMCR2 in channel "dev_bot" : !article https://static.blog4ever.com/2010/07/424747/logoDiscord.png egcec
[12:51:17.508] BOT MESSAGE : 420926414301298688
[12:51:17.510] DELETED MESSAGE 420926413554712576 by <@178165057102938112>/FrelonMCR2/FrelonMCR2 : !article https://static.blog4ever.com/2010/07/424747/logoDiscord.png egcec
[12:51:17.526] MESSAGE UPDATE 420926414301298688 by <@399489474205319179>/Boaki Actu's bot/Boaki Actu's bot : @everyone
[12:51:44.265] MESSAGE 420926526524227594 by <@178165057102938112>/FrelonMCR2/FrelonMCR2 in channel "dev_bot" : Tu peux pas t'afficher encore plus petit le logo ?
[12:52:18.833] MESSAGE 420926671512797184 by <@178165057102938112>/FrelonMCR2/FrelonMCR2 in channel "dev_bot" : !article https://static.blog4ever.com/2010/07/424747/logoDiscord.png ergc
[12:52:19.001] DELETED MESSAGE 420926671512797184 by <@178165057102938112>/FrelonMCR2/FrelonMCR2 : !article https://static.blog4ever.com/2010/07/424747/logoDiscord.png ergc
[12:52:19.042] BOT MESSAGE : 420926672095936513
[12:52:19.082] MESSAGE UPDATE 420926672095936513 by <@399489474205319179>/Boaki Actu's bot/Boaki Actu's bot : @everyone
[12:53:18.287] MESSAGE 420926920885141524 by <@178165057102938112>/FrelonMCR2/FrelonMCR2 in channel "dev_bot" : !article https://static.blog4ever.com/2010/07/424747/logoDiscord_7613619.png tgce
[12:53:18.459] DELETED MESSAGE 420926920885141524 by <@178165057102938112>/FrelonMCR2/FrelonMCR2 : !article https://static.blog4ever.com/2010/07/424747/logoDiscord_7613619.png tgce
[12:53:18.596] BOT MESSAGE : 420926921904488459
[12:53:19.281] MESSAGE UPDATE 420926921904488459 by <@399489474205319179>/Boaki Actu's bot/Boaki Actu's bot : @everyone
[12:56:04.913] MESSAGE 420927619765239808 by <@178165057102938112>/FrelonMCR2/FrelonMCR2 in channel "dev_bot" : !logo wiloki https://static.blog4ever.com/2010/07/424747/logoWiloki_7613624.png egcerc
[12:56:05.086] DELETED MESSAGE 420927619765239808 by <@178165057102938112>/FrelonMCR2/FrelonMCR2 : !logo wiloki https://static.blog4ever.com/2010/07/424747/logoWiloki_7613624.png egcerc
[12:56:05.132] BOT MESSAGE : 420927620222550017 mentioning 178165057102938112
[12:56:16.222] MESSAGE 420927666166956033 by <@178165057102938112>/FrelonMCR2/FrelonMCR2 in channel "dev_bot" : !article wiloki https://static.blog4ever.com/2010/07/424747/logoWiloki_7613624.png gc
[12:56:16.398] DELETED MESSAGE 420927666166956033 by <@178165057102938112>/FrelonMCR2/FrelonMCR2 : !article wiloki https://static.blog4ever.com/2010/07/424747/logoWiloki_7613624.png gc
[12:56:16.400] BOT MESSAGE : 420927667911786506
[12:56:16.979] MESSAGE UPDATE 420927667911786506 by <@399489474205319179>/Boaki Actu's bot/Boaki Actu's bot : @everyone
[12:56:41.131] MESSAGE 420927771653570560 by <@178165057102938112>/FrelonMCR2/FrelonMCR2 in channel "dev_bot" : !article https://static.blog4ever.com/2010/07/424747/logoWiloki_7613624.png rcgergce
[12:56:41.300] DELETED MESSAGE 420927771653570560 by <@178165057102938112>/FrelonMCR2/FrelonMCR2 : !article https://static.blog4ever.com/2010/07/424747/logoWiloki_7613624.png rcgergce
[12:56:41.307] BOT MESSAGE : 420927772421128192
[12:56:41.342] MESSAGE UPDATE 420927772421128192 by <@399489474205319179>/Boaki Actu's bot/Boaki Actu's bot : @everyone
[12:57:06.064] MESSAGE 420927876251254797 by <@178165057102938112>/FrelonMCR2/FrelonMCR2 in channel "dev_bot" : !article https://static.blog4ever.com/2010/07/424747/logoWiloki_7613624.png ergcer
[12:57:06.255] BOT MESSAGE : 420927876779474955
[12:57:06.256] DELETED MESSAGE 420927876251254797 by <@178165057102938112>/FrelonMCR2/FrelonMCR2 : !article https://static.blog4ever.com/2010/07/424747/logoWiloki_7613624.png ergcer
[12:57:06.304] MESSAGE UPDATE 420927876779474955 by <@399489474205319179>/Boaki Actu's bot/Boaki Actu's bot : @everyone
[12:57:15.203] MESSAGE 420927914477879297 by <@178165057102938112>/FrelonMCR2/FrelonMCR2 in channel "dev_bot" : <@238969660765241355> Look, on peut pas utiliser les smileys du discord comme ça
[12:58:11.445] MESSAGE 420928150474588160 by <@178165057102938112>/FrelonMCR2/FrelonMCR2 in channel "dev_bot" : <:star1:419819468961742848>
[12:58:56.314] MESSAGE 420928338631196672 by <@178165057102938112>/FrelonMCR2/FrelonMCR2 in channel "dev_bot" : !article https://static.blog4ever.com/2010/07/424747/logoWiloki_7613624.png egce
[12:59:22.242] MESSAGE 420928447393824768 by <@178165057102938112>/FrelonMCR2/FrelonMCR2 in channel "dev_bot" : !article https://static.blog4ever.com/2010/07/424747/logoWiloki_7613624.png zefczegc
[12:59:22.425] BOT MESSAGE : 420928447863324683
[12:59:22.448] MESSAGE UPDATE 420928447863324683 by <@399489474205319179>/Boaki Actu's bot/Boaki Actu's bot : @everyone
[12:59:22.465] DELETED MESSAGE 420928447393824768 by <@178165057102938112>/FrelonMCR2/FrelonMCR2 : !article https://static.blog4ever.com/2010/07/424747/logoWiloki_7613624.png zefczegc
[12:59:39.645] MESSAGE 420928520219394059 by <@178165057102938112>/FrelonMCR2/FrelonMCR2 in channel "dev_bot" : Ok enfait c'est simple mais on peut quand  même pas utiliser la :notation: habituel
[13:00:00.442] VOICE STATE UPDATE  by <@178165057102938112>/FrelonMCR2/FrelonMCR2 : muted in channel Vocal Admin
[13:00:02.710] VOICE STATE UPDATE  by <@178165057102938112>/FrelonMCR2/FrelonMCR2 : disconnection
[13:01:59.861] MESSAGE 420929108470661126 by <@178165057102938112>/FrelonMCR2/FrelonMCR2 in channel "dev_bot" : !article wiloki https://static.blog4ever.com/2010/07/424747/logoWiloki_7613633.png gc
[13:02:00.034] DELETED MESSAGE 420929108470661126 by <@178165057102938112>/FrelonMCR2/FrelonMCR2 : !article wiloki https://static.blog4ever.com/2010/07/424747/logoWiloki_7613633.png gc
[13:02:00.051] BOT MESSAGE : 420929109275967488
[13:02:00.527] MESSAGE UPDATE 420929109275967488 by <@399489474205319179>/Boaki Actu's bot/Boaki Actu's bot : @everyone
[13:06:08.681] MESSAGE 420930151728152578 by <@178165057102938112>/FrelonMCR2/FrelonMCR2 in channel "dev_bot" : !article wiloki https://static.blog4ever.com/2010/07/424747/logoWiloki_7613638.png cergcrecerc
[13:06:08.855] DELETED MESSAGE 420930151728152578 by <@178165057102938112>/FrelonMCR2/FrelonMCR2 : !article wiloki https://static.blog4ever.com/2010/07/424747/logoWiloki_7613638.png cergcrecerc
[13:06:08.865] BOT MESSAGE : 420930152814477325
[13:06:09.367] MESSAGE UPDATE 420930152814477325 by <@399489474205319179>/Boaki Actu's bot/Boaki Actu's bot : @everyone
[13:07:22.224] MESSAGE 420930460588179456 by <@178165057102938112>/FrelonMCR2/FrelonMCR2 in channel "dev_bot" : !article wiloki https://static.blog4ever.com/2010/07/424747/logoWiloki_7613624.pngeruigcher,iucg
[13:07:22.399] DELETED MESSAGE 420930460588179456 by <@178165057102938112>/FrelonMCR2/FrelonMCR2 : !article wiloki https://static.blog4ever.com/2010/07/424747/logoWiloki_7613624.pngeruigcher,iucg
[13:07:22.402] BOT MESSAGE : 420930461343416320 mentioning 178165057102938112
[13:07:26.838] MESSAGE 420930479475261442 by <@178165057102938112>/FrelonMCR2/FrelonMCR2 in channel "dev_bot" : !article wiloki https://static.blog4ever.com/2010/07/424747/logoWiloki_7613624.png regcerg
[13:07:27.015] BOT MESSAGE : 420930480687415308
[13:07:27.046] MESSAGE UPDATE 420930480687415308 by <@399489474205319179>/Boaki Actu's bot/Boaki Actu's bot : @everyone
[13:07:27.139] DELETED MESSAGE 420930479475261442 by <@178165057102938112>/FrelonMCR2/FrelonMCR2 : !article wiloki https://static.blog4ever.com/2010/07/424747/logoWiloki_7613624.png regcerg
[13:07:41.390] MESSAGE 420930540905168897 by <@178165057102938112>/FrelonMCR2/FrelonMCR2 in channel "dev_bot" : Ouai jdois être en train de vous spam les mentions
[13:09:11.613] MESSAGE 420930919109492737 by <@178165057102938112>/FrelonMCR2/FrelonMCR2 in channel "dev_bot" : !article https://static.blog4ever.com/2010/07/424747/logoWiloki_7613624.png La nouvelle version de Wiloki, attendu depuis 47 mois et demi, est désormais disponible sur tout les supports ! Les poulpes méritent de vivre dans l'océan, il existe plusieurs centaines espèces. Certains poulpes de l'océan Indien ou de l'océan pacifique peuvent mesurer jusqu'à 1,40m de diamètre !
[13:09:11.799] DELETED MESSAGE 420930919109492737 by <@178165057102938112>/FrelonMCR2/FrelonMCR2 : !article https://static.blog4ever.com/2010/07/424747/logoWiloki_7613624.png La nouvelle version de Wiloki, attendu depuis 47 mois et demi, est désormais disponible sur tout les supports ! Les poulpes méritent de vivre dans l'océan, il existe plusieurs centaines espèces. Certains poulpes de l'océan Indien ou de l'océan pacifique peuvent mesurer jusqu'à 1,40m de diamètre !
[13:09:11.833] BOT MESSAGE : 420930919952678923
[13:09:11.893] MESSAGE UPDATE 420930919952678923 by <@399489474205319179>/Boaki Actu's bot/Boaki Actu's bot : @everyone
[13:09:33.339] MESSAGE 420931010318958593 by <@178165057102938112>/FrelonMCR2/FrelonMCR2 in channel "dev_bot" : !article wiloki https://static.blog4ever.com/2010/07/424747/logoWiloki_7613624.png La nouvelle version de Wiloki, attendu depuis 47 mois et demi, est désormais disponible sur tout les supports ! Les poulpes méritent de vivre dans l'océan, il existe plusieurs centaines espèces. Certains poulpes de l'océan Indien ou de l'océan pacifique peuvent mesurer jusqu'à 1,40m de diamètre !
[13:09:33.517] DELETED MESSAGE 420931010318958593 by <@178165057102938112>/FrelonMCR2/FrelonMCR2 : !article wiloki https://static.blog4ever.com/2010/07/424747/logoWiloki_7613624.png La nouvelle version de Wiloki, attendu depuis 47 mois et demi, est désormais disponible sur tout les supports ! Les poulpes méritent de vivre dans l'océan, il existe plusieurs centaines espèces. Certains poulpes de l'océan Indien ou de l'océan pacifique peuvent mesurer jusqu'à 1,40m de diamètre !
[13:09:33.541] BOT MESSAGE : 420931011300425739
[13:09:33.581] MESSAGE UPDATE 420931011300425739 by <@399489474205319179>/Boaki Actu's bot/Boaki Actu's bot : @everyone
[13:09:39.999] MESSAGE 420931038261280770 by <@178165057102938112>/FrelonMCR2/FrelonMCR2 in channel "dev_bot" : !article boaki https://static.blog4ever.com/2010/07/424747/logoWiloki_7613624.png La nouvelle version de Wiloki, attendu depuis 47 mois et demi, est désormais disponible sur tout les supports ! Les poulpes méritent de vivre dans l'océan, il existe plusieurs centaines espèces. Certains poulpes de l'océan Indien ou de l'océan pacifique peuvent mesurer jusqu'à 1,40m de diamètre !
[13:09:40.186] BOT MESSAGE : 420931039209324544
[13:09:40.208] DELETED MESSAGE 420931038261280770 by <@178165057102938112>/FrelonMCR2/FrelonMCR2 : !article boaki https://static.blog4ever.com/2010/07/424747/logoWiloki_7613624.png La nouvelle version de Wiloki, attendu depuis 47 mois et demi, est désormais disponible sur tout les supports ! Les poulpes méritent de vivre dans l'océan, il existe plusieurs centaines espèces. Certains poulpes de l'océan Indien ou de l'océan pacifique peuvent mesurer jusqu'à 1,40m de diamètre !
[13:09:40.257] MESSAGE UPDATE 420931039209324544 by <@399489474205319179>/Boaki Actu's bot/Boaki Actu's bot : @everyone
[13:14:04.543] MESSAGE 420932148024049674 by <@178165057102938112>/FrelonMCR2/FrelonMCR2 in channel "kipulkai-wiloki" : !report <@178165057102938112> Poulpe bleu
[13:14:04.756] DELETED MESSAGE 420932148024049674 by <@178165057102938112>/FrelonMCR2/FrelonMCR2 : !report <@178165057102938112> Poulpe bleu
[13:14:04.757] BOT MESSAGE : 420932148933951488
[13:14:04.953] MESSAGE UPDATE 420932148933951488 by <@399489474205319179>/Boaki Actu's bot/Boaki Actu's bot : <@&398874109930635297>
[13:14:11.363] DELETED MESSAGE 420932148933951488 by <@399489474205319179>/Boaki Actu's bot/Boaki Actu's bot : <@&398874109930635297>
[13:16:32.039] MESSAGE 420932766452940801 by <@178165057102938112>/FrelonMCR2/FrelonMCR2 in channel "dev_bot" : !setGame
[13:16:32.223] DELETED MESSAGE 420932766452940801 by <@178165057102938112>/FrelonMCR2/FrelonMCR2 : !setGame
[13:16:32.267] BOT MESSAGE : 420932767451316224
[13:16:32.279] MESSAGE UPDATE 420932767451316224 by <@399489474205319179>/Boaki Actu's bot/Boaki Actu's bot : 
[13:16:38.575] MESSAGE 420932794097729546 by <@178165057102938112>/FrelonMCR2/FrelonMCR2 in channel "dev_bot" : !setGame game 4 Boaki Actu
[13:16:38.756] BOT MESSAGE : 420932794835795968 mentioning 178165057102938112
[13:16:38.758] DELETED MESSAGE 420932794097729546 by <@178165057102938112>/FrelonMCR2/FrelonMCR2 : !setGame game 4 Boaki Actu
[13:16:43.722] MESSAGE 420932815480291339 by <@178165057102938112>/FrelonMCR2/FrelonMCR2 in channel "dev_bot" : !setGame type 4 WATCHING
[13:16:43.932] BOT MESSAGE : 420932816558227456 mentioning 178165057102938112
[13:16:43.945] DELETED MESSAGE 420932815480291339 by <@178165057102938112>/FrelonMCR2/FrelonMCR2 : !setGame type 4 WATCHING
[13:16:46.897] MESSAGE 420932829006921728 by <@178165057102938112>/FrelonMCR2/FrelonMCR2 in channel "dev_bot" : !setGame
[13:16:47.192] DELETED MESSAGE 420932829006921728 by <@178165057102938112>/FrelonMCR2/FrelonMCR2 : !setGame
[13:16:47.199] BOT MESSAGE : 420932830244110346
[13:16:47.237] MESSAGE UPDATE 420932830244110346 by <@399489474205319179>/Boaki Actu's bot/Boaki Actu's bot : 
[13:17:41.490] MESSAGE 420933057961263104 by <@178165057102938112>/FrelonMCR2/FrelonMCR2 in channel "dev_bot" : !setgame type 3 listening
[13:17:48.230] MESSAGE 420933086012768258 by <@178165057102938112>/FrelonMCR2/FrelonMCR2 in channel "dev_bot" : !setGame type 3 listening
[13:17:48.401] DELETED MESSAGE 420933086012768258 by <@178165057102938112>/FrelonMCR2/FrelonMCR2 : !setGame type 3 listening
[13:17:48.402] BOT MESSAGE : 420933086755291146 mentioning 178165057102938112
[13:18:18.098] MESSAGE 420933211510800414 by <@178165057102938112>/FrelonMCR2/FrelonMCR2 in channel "dev_bot" : !setGame random true
[13:18:18.283] DELETED MESSAGE 420933211510800414 by <@178165057102938112>/FrelonMCR2/FrelonMCR2 : !setGame random true
[13:18:18.308] BOT MESSAGE : 420933212148334593 mentioning 178165057102938112
[13:18:45.939] MESSAGE 420933328204464129 by <@178165057102938112>/FrelonMCR2/FrelonMCR2 in channel "dev_bot" : !setGame random false
[13:18:46.108] BOT MESSAGE : 420933328678551554 mentioning 178165057102938112
[13:18:46.114] DELETED MESSAGE 420933328204464129 by <@178165057102938112>/FrelonMCR2/FrelonMCR2 : !setGame random false
[13:19:05.201] MESSAGE 420933408987021313 by <@178165057102938112>/FrelonMCR2/FrelonMCR2 in channel "dev_bot" : !setGame seconds 4
[13:19:05.375] DELETED MESSAGE 420933408987021313 by <@178165057102938112>/FrelonMCR2/FrelonMCR2 : !setGame seconds 4
[13:19:05.449] BOT MESSAGE : 420933410131804170 mentioning 178165057102938112
[13:19:25.156] MESSAGE 420933492558266378 by <@178165057102938112>/FrelonMCR2/FrelonMCR2 in channel "dev_bot" : !setGame random false
[13:19:25.319] DELETED MESSAGE 420933492558266378 by <@178165057102938112>/FrelonMCR2/FrelonMCR2 : !setGame random false
[13:19:25.344] BOT MESSAGE : 420933493573419008 mentioning 178165057102938112
[13:19:27.921] MESSAGE 420933504369557514 by <@178165057102938112>/FrelonMCR2/FrelonMCR2 in channel "dev_bot" : !setGame seconds 1
[13:19:28.086] DELETED MESSAGE 420933504369557514 by <@178165057102938112>/FrelonMCR2/FrelonMCR2 : !setGame seconds 1
[13:19:28.185] BOT MESSAGE : 420933505493499904 mentioning 178165057102938112
[13:19:33.082] MESSAGE 420933525940731915 by <@178165057102938112>/FrelonMCR2/FrelonMCR2 in channel "dev_bot" : !setGame seconds 2
[13:19:33.256] BOT MESSAGE : 420933526758752256 mentioning 178165057102938112
[13:19:33.275] DELETED MESSAGE 420933525940731915 by <@178165057102938112>/FrelonMCR2/FrelonMCR2 : !setGame seconds 2
[13:19:49.807] MESSAGE 420933596182741002 by <@178165057102938112>/FrelonMCR2/FrelonMCR2 in channel "dev_bot" : !setGame seconds 7
[13:19:49.973] DELETED MESSAGE 420933596182741002 by <@178165057102938112>/FrelonMCR2/FrelonMCR2 : !setGame seconds 7
[13:19:49.978] BOT MESSAGE : 420933596896034826 mentioning 178165057102938112
[13:20:32.692] MESSAGE 420933776059662356 by <@178165057102938112>/FrelonMCR2/FrelonMCR2 in channel "dev_bot" : !setGame type 3 streaming
[13:20:32.858] DELETED MESSAGE 420933776059662356 by <@178165057102938112>/FrelonMCR2/FrelonMCR2 : !setGame type 3 streaming
[13:20:32.859] BOT MESSAGE : 420933776756047872 mentioning 178165057102938112
[13:21:37.374] MESSAGE 420934047221415939 by <@178165057102938112>/FrelonMCR2/FrelonMCR2 in channel "dev_bot" : !setGame
[13:21:37.575] BOT MESSAGE : 420934048186236948
[13:21:37.595] DELETED MESSAGE 420934047221415939 by <@178165057102938112>/FrelonMCR2/FrelonMCR2 : !setGame
[13:21:37.596] MESSAGE UPDATE 420934048186236948 by <@399489474205319179>/Boaki Actu's bot/Boaki Actu's bot : 
[13:22:30.758] MESSAGE 420934271201574922 by <@178165057102938112>/FrelonMCR2/FrelonMCR2 in channel "dev_bot" : !setGame 3 watching
[13:22:30.934] BOT MESSAGE : 420934271977390080
[13:22:30.940] DELETED MESSAGE 420934271201574922 by <@178165057102938112>/FrelonMCR2/FrelonMCR2 : !setGame 3 watching
[13:22:31.008] MESSAGE UPDATE 420934271977390080 by <@399489474205319179>/Boaki Actu's bot/Boaki Actu's bot : 
[13:22:40.807] MESSAGE 420934313236889625 by <@178165057102938112>/FrelonMCR2/FrelonMCR2 in channel "dev_bot" : !setGame type 3 watching
[13:22:40.979] DELETED MESSAGE 420934313236889625 by <@178165057102938112>/FrelonMCR2/FrelonMCR2 : !setGame type 3 watching
[13:22:40.981] BOT MESSAGE : 420934313752788994 mentioning 178165057102938112
[13:22:45.494] MESSAGE 420934333042262016 by <@178165057102938112>/FrelonMCR2/FrelonMCR2 in channel "dev_bot" : !setGame
[13:22:45.692] BOT MESSAGE : 420934333671538699
[13:22:45.711] DELETED MESSAGE 420934333042262016 by <@178165057102938112>/FrelonMCR2/FrelonMCR2 : !setGame
[13:22:45.713] MESSAGE UPDATE 420934333671538699 by <@399489474205319179>/Boaki Actu's bot/Boaki Actu's bot : 
[13:23:24.521] MESSAGE 420934496381173771 by <@178165057102938112>/FrelonMCR2/FrelonMCR2 in channel "dev_bot" : !setGame random true
[13:23:24.685] DELETED MESSAGE 420934496381173771 by <@178165057102938112>/FrelonMCR2/FrelonMCR2 : !setGame random true
[13:23:24.701] BOT MESSAGE : 420934497500921856 mentioning 178165057102938112
[13:23:33.490] MESSAGE 420934534159400961 by <@178165057102938112>/FrelonMCR2/FrelonMCR2 in channel "dev_bot" : !setGame seconds 30
[13:23:33.656] DELETED MESSAGE 420934534159400961 by <@178165057102938112>/FrelonMCR2/FrelonMCR2 : !setGame seconds 30
[13:23:33.664] BOT MESSAGE : 420934535077822474 mentioning 178165057102938112
[13:27:24.762] MESSAGE 420935504289071105 by <@178165057102938112>/FrelonMCR2/FrelonMCR2 in channel "notes" : !warnInfo
[13:27:24.948] DELETED MESSAGE 420935504289071105 by <@178165057102938112>/FrelonMCR2/FrelonMCR2 : !warnInfo
[13:27:24.990] BOT MESSAGE : 420935504922411010 mentioning 178165057102938112
[13:28:24.022] MESSAGE 420935752939995156 by <@178165057102938112>/FrelonMCR2/FrelonMCR2 in channel "notes" : - !sanction
[13:30:18.085] MESSAGE 420936231086718978 by <@178165057102938112>/FrelonMCR2/FrelonMCR2 in channel "dev_bot" : !warn <@238969660765241355> Poulpe bleu
[13:30:18.265] DELETED MESSAGE 420936231086718978 by <@178165057102938112>/FrelonMCR2/FrelonMCR2 : !warn <@238969660765241355> Poulpe bleu
[13:30:18.273] BOT MESSAGE : 420936232084701184
[13:30:18.298] MESSAGE UPDATE 420936232084701184 by <@399489474205319179>/Boaki Actu's bot/Boaki Actu's bot : 
[13:30:18.501] 
[13:34:58.147] MESSAGE 420937405865000961 by <@178165057102938112>/FrelonMCR2/FrelonMCR2 in channel "dev_bot" : !warn <@238969660765241355> Poulpe vert
[13:34:58.325] BOT MESSAGE : 420937406754324500
[13:34:58.340] DELETED MESSAGE 420937405865000961 by <@178165057102938112>/FrelonMCR2/FrelonMCR2 : !warn <@238969660765241355> Poulpe vert
[13:34:58.346] MESSAGE UPDATE 420937406754324500 by <@399489474205319179>/Boaki Actu's bot/Boaki Actu's bot : 
[13:34:58.394] 
[13:36:08.271] MESSAGE 420937700116398080 by <@178165057102938112>/FrelonMCR2/FrelonMCR2 in channel "dev_bot" : !warn <@238969660765241355> Poulpe vert
[13:36:08.462] DELETED MESSAGE 420937700116398080 by <@178165057102938112>/FrelonMCR2/FrelonMCR2 : !warn <@238969660765241355> Poulpe vert
[13:36:08.463] BOT MESSAGE : 420937700908990464
[13:36:08.516] MESSAGE UPDATE 420937700908990464 by <@399489474205319179>/Boaki Actu's bot/Boaki Actu's bot : 
[13:36:08.704] 
[13:36:56.677] MESSAGE 420937902948614165 by <@178165057102938112>/FrelonMCR2/FrelonMCR2 in channel "dev_bot" : !warn <@238969660765241355> Poulpe vert
[13:36:56.856] BOT MESSAGE : 420937903808577537
[13:36:56.868] DELETED MESSAGE 420937902948614165 by <@178165057102938112>/FrelonMCR2/FrelonMCR2 : !warn <@238969660765241355> Poulpe vert
[13:36:56.998] MESSAGE UPDATE 420937903808577537 by <@399489474205319179>/Boaki Actu's bot/Boaki Actu's bot : 
[13:36:57.478] 
[13:45:56.909] MESSAGE 420940169017819146 by <@178165057102938112>/FrelonMCR2/FrelonMCR2 in channel "dev_bot" : !sanction <@238969660765241355>
[13:46:17.205] MESSAGE 420940254090887169 by <@178165057102938112>/FrelonMCR2/FrelonMCR2 in channel "dev_bot" : !sanction <@238969660765241355>
[13:46:17.373] DELETED MESSAGE 420940254090887169 by <@178165057102938112>/FrelonMCR2/FrelonMCR2 : !sanction <@238969660765241355>
[13:46:17.376] BOT MESSAGE : 420940254875484160
[13:46:17.420] MESSAGE UPDATE 420940254875484160 by <@399489474205319179>/Boaki Actu's bot/Boaki Actu's bot : 
[13:46:55.089] MESSAGE 420940412962996244 by <@178165057102938112>/FrelonMCR2/FrelonMCR2 in channel "dev_bot" : !sanction <@238969660765241355>
[13:46:55.271] BOT MESSAGE : 420940413776560168
[13:46:55.301] DELETED MESSAGE 420940412962996244 by <@178165057102938112>/FrelonMCR2/FrelonMCR2 : !sanction <@238969660765241355>
[13:46:55.641] MESSAGE UPDATE 420940413776560168 by <@399489474205319179>/Boaki Actu's bot/Boaki Actu's bot : 
[13:47:15.747] MESSAGE 420940499520847873 by <@178165057102938112>/FrelonMCR2/FrelonMCR2 in channel "dev_bot" : !sanction <@238969660765241355>
[13:47:15.928] DELETED MESSAGE 420940499520847873 by <@178165057102938112>/FrelonMCR2/FrelonMCR2 : !sanction <@238969660765241355>
[13:47:15.964] BOT MESSAGE : 420940500346994689
[13:47:16.005] MESSAGE UPDATE 420940500346994689 by <@399489474205319179>/Boaki Actu's bot/Boaki Actu's bot : 
[13:47:47.052] MESSAGE 420940630949363713 by <@178165057102938112>/FrelonMCR2/FrelonMCR2 in channel "dev_bot" : !sanction <@238969660765241355>
[13:47:47.273] DELETED MESSAGE 420940630949363713 by <@178165057102938112>/FrelonMCR2/FrelonMCR2 : !sanction <@238969660765241355>
[13:47:47.393] BOT MESSAGE : 420940632081825793
[13:47:47.411] MESSAGE UPDATE 420940632081825793 by <@399489474205319179>/Boaki Actu's bot/Boaki Actu's bot : 
[13:48:23.620] MESSAGE 420940783986671627 by <@178165057102938112>/FrelonMCR2/FrelonMCR2 in channel "dev_bot" : !warn <@238969660765241355> Poulpe jaune
[13:48:23.788] DELETED MESSAGE 420940783986671627 by <@178165057102938112>/FrelonMCR2/FrelonMCR2 : !warn <@238969660765241355> Poulpe jaune
[13:48:23.839] BOT MESSAGE : 420940784901160961
[13:48:23.853] MESSAGE UPDATE 420940784901160961 by <@399489474205319179>/Boaki Actu's bot/Boaki Actu's bot : 
[13:48:24.979] 
[13:48:28.605] MESSAGE 420940804895539201 by <@178165057102938112>/FrelonMCR2/FrelonMCR2 in channel "dev_bot" : !sanction <@238969660765241355>
[13:48:28.777] BOT MESSAGE : 420940805960892416
[13:48:28.784] MESSAGE UPDATE 420940805960892416 by <@399489474205319179>/Boaki Actu's bot/Boaki Actu's bot : 
[13:48:28.789] DELETED MESSAGE 420940804895539201 by <@178165057102938112>/FrelonMCR2/FrelonMCR2 : !sanction <@238969660765241355>
[13:49:55.123] MESSAGE 420941168159752212 by <@178165057102938112>/FrelonMCR2/FrelonMCR2 in channel "dev_bot" : !sanction <@178165057102938112>
[13:49:55.290] DELETED MESSAGE 420941168159752212 by <@178165057102938112>/FrelonMCR2/FrelonMCR2 : !sanction <@178165057102938112>
[13:49:55.296] BOT MESSAGE : 420941168889692170
[13:49:55.330] MESSAGE UPDATE 420941168889692170 by <@399489474205319179>/Boaki Actu's bot/Boaki Actu's bot : 
[13:50:08.987] MESSAGE 420941226297131008 by <@178165057102938112>/FrelonMCR2/FrelonMCR2 in channel "dev_bot" : !sanction <@178165057102938112>
[13:50:09.159] DELETED MESSAGE 420941226297131008 by <@178165057102938112>/FrelonMCR2/FrelonMCR2 : !sanction <@178165057102938112>
[13:50:09.172] BOT MESSAGE : 420941227077271552
[13:50:09.195] MESSAGE UPDATE 420941227077271552 by <@399489474205319179>/Boaki Actu's bot/Boaki Actu's bot : 
[13:51:31.901] MESSAGE 420941574076366848 by <@178165057102938112>/FrelonMCR2/FrelonMCR2 in channel "dev_bot" : !warn <@238969660765241355> Ceci est un motif de warn excessivement long pour voir si l'Embed est content avec les motifs de warn excessivement long ou non.
[13:51:32.110] DELETED MESSAGE 420941574076366848 by <@178165057102938112>/FrelonMCR2/FrelonMCR2 : !warn <@238969660765241355> Ceci est un motif de warn excessivement long pour voir si l'Embed est content avec les motifs de warn excessivement long ou non.
[13:51:32.111] BOT MESSAGE : 420941574676152331
[13:51:32.116] MESSAGE UPDATE 420941574676152331 by <@399489474205319179>/Boaki Actu's bot/Boaki Actu's bot : 
[13:51:32.614] 
[13:51:37.977] MESSAGE 420941599309299734 by <@178165057102938112>/FrelonMCR2/FrelonMCR2 in channel "dev_bot" : !sanction <@238969660765241355>
[13:51:38.148] DELETED MESSAGE 420941599309299734 by <@178165057102938112>/FrelonMCR2/FrelonMCR2 : !sanction <@238969660765241355>
[13:51:38.157] BOT MESSAGE : 420941599921668098
[13:51:38.216] MESSAGE UPDATE 420941599921668098 by <@399489474205319179>/Boaki Actu's bot/Boaki Actu's bot : 
[13:52:09.117] MESSAGE 420941729827389451 by <@178165057102938112>/FrelonMCR2/FrelonMCR2 in channel "dev_bot" : !profil <@238969660765241355>
[13:52:09.288] DELETED MESSAGE 420941729827389451 by <@178165057102938112>/FrelonMCR2/FrelonMCR2 : !profil <@238969660765241355>
[13:52:09.289] BOT MESSAGE : 420941730465185793
[13:52:09.310] MESSAGE UPDATE 420941730465185793 by <@399489474205319179>/Boaki Actu's bot/Boaki Actu's bot : 
[13:52:42.410] MESSAGE 420941869636386818 by <@178165057102938112>/FrelonMCR2/FrelonMCR2 in channel "dev_bot" : !sanction <@238969660765241355>
[13:52:42.591] BOT MESSAGE : 420941870537900032
[13:52:42.609] DELETED MESSAGE 420941869636386818 by <@178165057102938112>/FrelonMCR2/FrelonMCR2 : !sanction <@238969660765241355>
[13:52:42.614] MESSAGE UPDATE 420941870537900032 by <@399489474205319179>/Boaki Actu's bot/Boaki Actu's bot : 
[13:56:42.584] MESSAGE 420942877145694208 by <@178165057102938112>/FrelonMCR2/FrelonMCR2 in channel "dev_bot" : !warn <@238969660765241355> Il faut bien que quelqu'un prenne
[13:56:42.764] DELETED MESSAGE 420942877145694208 by <@178165057102938112>/FrelonMCR2/FrelonMCR2 : !warn <@238969660765241355> Il faut bien que quelqu'un prenne
[13:56:42.768] BOT MESSAGE : 420942877603135489
[13:56:42.796] MESSAGE UPDATE 420942877603135489 by <@399489474205319179>/Boaki Actu's bot/Boaki Actu's bot : 
[13:56:43.682] 
[13:56:47.979] MESSAGE 420942899405127693 by <@178165057102938112>/FrelonMCR2/FrelonMCR2 in channel "dev_bot" : !sanction <@238969660765241355>
[13:56:48.147] DELETED MESSAGE 420942899405127693 by <@178165057102938112>/FrelonMCR2/FrelonMCR2 : !sanction <@238969660765241355>
[13:56:48.156] BOT MESSAGE : 420942900172423209
[13:56:48.181] MESSAGE UPDATE 420942900172423209 by <@399489474205319179>/Boaki Actu's bot/Boaki Actu's bot : 
[13:57:28.432] MESSAGE 420943069349806081 by <@178165057102938112>/FrelonMCR2/FrelonMCR2 in channel "dev_bot" : !sanction <@238969660765241355>
[13:57:28.620] DELETED MESSAGE 420943069349806081 by <@178165057102938112>/FrelonMCR2/FrelonMCR2 : !sanction <@238969660765241355>
[13:57:28.622] BOT MESSAGE : 420943070230609920
[13:57:28.639] MESSAGE UPDATE 420943070230609920 by <@399489474205319179>/Boaki Actu's bot/Boaki Actu's bot : 
[13:57:42.877] MESSAGE 420943130062356520 by <@178165057102938112>/FrelonMCR2/FrelonMCR2 in channel "dev_bot" : !profil <@238969660765241355>
[13:57:43.045] DELETED MESSAGE 420943130062356520 by <@178165057102938112>/FrelonMCR2/FrelonMCR2 : !profil <@238969660765241355>
[13:57:43.047] BOT MESSAGE : 420943130758610944
[13:57:43.061] MESSAGE UPDATE 420943130758610944 by <@399489474205319179>/Boaki Actu's bot/Boaki Actu's bot : 
[13:58:09.431] MESSAGE 420943241022537731 by <@178165057102938112>/FrelonMCR2/FrelonMCR2 in channel "dev_bot" : !profil <@238969660765241355>
[13:58:09.604] BOT MESSAGE : 420943241723248643
[13:58:09.605] DELETED MESSAGE 420943241022537731 by <@178165057102938112>/FrelonMCR2/FrelonMCR2 : !profil <@238969660765241355>
[13:58:09.625] MESSAGE UPDATE 420943241723248643 by <@399489474205319179>/Boaki Actu's bot/Boaki Actu's bot : 
[13:58:45.794] VOICE STATE UPDATE  by <@178165057102938112>/FrelonMCR2/FrelonMCR2 : muted in channel Vocal Admin
[13:58:47.269] VOICE STATE UPDATE  by <@178165057102938112>/FrelonMCR2/FrelonMCR2 : disconnection