File generated at 09:56:42.109
[09:56:42.109] VOICE STATE UPDATE  by <@178165057102938112>/FrelonMCR2/FrelonMCR2 : muted in channel Vocal Admin
[09:56:43.239] VOICE STATE UPDATE  by <@178165057102938112>/FrelonMCR2/FrelonMCR2 : muted offline
[09:57:02.210] MESSAGE 419433015089823745 by <@178165057102938112>/FrelonMCR2/FrelonMCR2 : !cmd admin
[09:57:02.393] DELETED MESSAGE 419433015089823745 by <@178165057102938112>/FrelonMCR2/FrelonMCR2 : !cmd admin
[09:57:02.404] BOT MESSAGE : 419433016260296714 mentioning @178165057102938112
[10:12:50.132] MESSAGE 419436990937694221 by <@!238969660765241355>/minecraft89/wawaque : <@178165057102938112> tu pense que les bots peuvent envoyé des gifs ? ou des emojis animés ?
[10:13:06.459] MESSAGE 419437059774742528 by <@!238969660765241355>/minecraft89/wawaque : parce que jpensais faire 2-3 emoji animés
[10:13:08.098] MESSAGE 419437066200547330 by <@178165057102938112>/FrelonMCR2/FrelonMCR2 : gifs je pense que oui
[10:13:14.749] MESSAGE 419437094335807504 by <@178165057102938112>/FrelonMCR2/FrelonMCR2 : Tu peux tester avec le !file pour les gifs je pense
[10:13:21.182] MESSAGE 419437121510572032 by <@!238969660765241355>/minecraft89/wawaque : Ok 😄
[10:14:30.240] MESSAGE 419437411144040448 by <@178165057102938112>/FrelonMCR2/FrelonMCR2 : Wawaque une question
[10:14:39.007] MESSAGE 419437447940800522 by <@!238969660765241355>/minecraft89/wawaque : yep ?
[10:14:59.395] MESSAGE 419437533093429249 by <@178165057102938112>/FrelonMCR2/FrelonMCR2 : On a dit au bout de 3 warns c'était un kick : Le joueur se prend le 3ème warn et donc il est kick au prochain ou il se prend le 3ème warn qui devient un kick
[10:15:06.347] MESSAGE UPDATE 419437533093429249 by <@178165057102938112>/FrelonMCR2/FrelonMCR2 : On a dit au bout de 3 warns c'était un kick : Le joueur se prend le 3ème warn et donc il est kick au prochain ou il se prend le 3ème warn qui devient un kick ?
[10:15:26.195] MESSAGE 419437645731463170 by <@!238969660765241355>/minecraft89/wawaque : le 3e warn est = a un kick
[10:15:29.667] MESSAGE 419437660420177920 by <@178165057102938112>/FrelonMCR2/FrelonMCR2 : Ok
[10:15:39.503] MESSAGE 419437701348065282 by <@!238969660765241355>/minecraft89/wawaque : sinon le gars a le temps de foutre la merde
[10:15:45.466] MESSAGE 419437726555963403 by <@178165057102938112>/FrelonMCR2/FrelonMCR2 : yep
[10:19:48.374] MESSAGE 419438745498943498 by <@178165057102938112>/FrelonMCR2/FrelonMCR2 : !dev <@178165057102938112>
[10:20:34.553] MESSAGE 419438938856357889 by <@178165057102938112>/FrelonMCR2/FrelonMCR2 : !dev <@178165057102938112>
[10:21:10.190] MESSAGE 419439088282763265 by <@178165057102938112>/FrelonMCR2/FrelonMCR2 : !dev <@178165057102938112>
[10:21:26.646] MESSAGE 419439157358755853 by <@178165057102938112>/FrelonMCR2/FrelonMCR2 : !dev <@178165057102938112>
[10:21:26.837] DELETED MESSAGE 419439157358755853 by <@178165057102938112>/FrelonMCR2/FrelonMCR2 : !dev <@178165057102938112>
[10:21:26.838] BOT MESSAGE : 419439158163931137 mentioning @178165057102938112
[10:22:00.679] MESSAGE 419439300040720386 by <@178165057102938112>/FrelonMCR2/FrelonMCR2 : !profil <@178165057102938112>
[10:22:00.875] BOT MESSAGE : 419439301118525441
[10:22:00.890] DELETED MESSAGE 419439300040720386 by <@178165057102938112>/FrelonMCR2/FrelonMCR2 : !profil <@178165057102938112>
[10:22:01.161] MESSAGE UPDATE 419439301118525441 by <@399489474205319179>/Boaki Actu's bot/Boaki Actu's bot : 
[10:22:12.216] MESSAGE 419439348832927744 by <@178165057102938112>/FrelonMCR2/FrelonMCR2 : !dev <@178165057102938112>
[10:22:12.387] DELETED MESSAGE 419439348832927744 by <@178165057102938112>/FrelonMCR2/FrelonMCR2 : !dev <@178165057102938112>
[10:22:12.415] BOT MESSAGE : 419439349315403778 mentioning @178165057102938112
[10:22:15.842] MESSAGE 419439364037410816 by <@178165057102938112>/FrelonMCR2/FrelonMCR2 : !profil FrelonMCR2
[10:22:16.014] DELETED MESSAGE 419439364037410816 by <@178165057102938112>/FrelonMCR2/FrelonMCR2 : !profil FrelonMCR2
[10:22:16.058] BOT MESSAGE : 419439364855300096
[10:22:16.089] MESSAGE UPDATE 419439364855300096 by <@399489474205319179>/Boaki Actu's bot/Boaki Actu's bot : 
[10:23:44.174] MESSAGE 419439734218031116 by <@178165057102938112>/FrelonMCR2/FrelonMCR2 : !dev <@178165057102938112>
[10:23:44.352] DELETED MESSAGE 419439734218031116 by <@178165057102938112>/FrelonMCR2/FrelonMCR2 : !dev <@178165057102938112>
[10:23:44.363] BOT MESSAGE : 419439734922805250 mentioning @178165057102938112
[10:23:48.702] MESSAGE 419439753201713153 by <@178165057102938112>/FrelonMCR2/FrelonMCR2 : !profil FrelonMCR2
[10:23:48.870] DELETED MESSAGE 419439753201713153 by <@178165057102938112>/FrelonMCR2/FrelonMCR2 : !profil FrelonMCR2
[10:23:48.888] BOT MESSAGE : 419439753876733964
[10:23:48.921] MESSAGE UPDATE 419439753876733964 by <@399489474205319179>/Boaki Actu's bot/Boaki Actu's bot : 
[10:24:10.926] MESSAGE 419439846730366976 by <@178165057102938112>/FrelonMCR2/FrelonMCR2 : !dev <@178165057102938112>
[10:24:11.119] BOT MESSAGE : 419439847208386564 mentioning @178165057102938112
[10:24:11.256] DELETED MESSAGE 419439846730366976 by <@178165057102938112>/FrelonMCR2/FrelonMCR2 : !dev <@178165057102938112>
[10:24:14.560] MESSAGE 419439861884518401 by <@178165057102938112>/FrelonMCR2/FrelonMCR2 : !profil FrelonMCR2
[10:24:14.725] DELETED MESSAGE 419439861884518401 by <@178165057102938112>/FrelonMCR2/FrelonMCR2 : !profil FrelonMCR2
[10:24:14.727] BOT MESSAGE : 419439862672785408
[10:24:14.754] MESSAGE UPDATE 419439862672785408 by <@399489474205319179>/Boaki Actu's bot/Boaki Actu's bot : 
[10:24:33.184] MESSAGE 419439940024270849 by <@178165057102938112>/FrelonMCR2/FrelonMCR2 : !dev <@178165057102938112>
[10:24:33.379] DELETED MESSAGE 419439940024270849 by <@178165057102938112>/FrelonMCR2/FrelonMCR2 : !dev <@178165057102938112>
[10:24:33.431] BOT MESSAGE : 419439940909137931 mentioning @178165057102938112
[10:24:40.312] MESSAGE 419439969984184328 by <@178165057102938112>/FrelonMCR2/FrelonMCR2 : !profil FrelonMCR2
[10:24:40.481] DELETED MESSAGE 419439969984184328 by <@178165057102938112>/FrelonMCR2/FrelonMCR2 : !profil FrelonMCR2
[10:24:40.483] BOT MESSAGE : 419439970475048965
[10:24:40.511] MESSAGE UPDATE 419439970475048965 by <@399489474205319179>/Boaki Actu's bot/Boaki Actu's bot : 
[10:24:59.075] MESSAGE 419440048581115905 by <@178165057102938112>/FrelonMCR2/FrelonMCR2 : !dev <@178165057102938112>
[10:24:59.255] BOT MESSAGE : 419440049437016074 mentioning @178165057102938112
[10:24:59.257] DELETED MESSAGE 419440048581115905 by <@178165057102938112>/FrelonMCR2/FrelonMCR2 : !dev <@178165057102938112>
[10:25:03.625] MESSAGE 419440067384311811 by <@178165057102938112>/FrelonMCR2/FrelonMCR2 : !dev <@178165057102938112>
[10:25:03.832] BOT MESSAGE : 419440068202070018 mentioning @178165057102938112
[10:25:03.833] DELETED MESSAGE 419440067384311811 by <@178165057102938112>/FrelonMCR2/FrelonMCR2 : !dev <@178165057102938112>
[10:25:06.817] MESSAGE 419440081070325770 by <@178165057102938112>/FrelonMCR2/FrelonMCR2 : !dev <@178165057102938112>
[10:25:06.988] DELETED MESSAGE 419440081070325770 by <@178165057102938112>/FrelonMCR2/FrelonMCR2 : !dev <@178165057102938112>
[10:25:07.015] BOT MESSAGE : 419440081749934082 mentioning @178165057102938112
[10:25:09.708] MESSAGE 419440092977954818 by <@178165057102938112>/FrelonMCR2/FrelonMCR2 : !dev <@178165057102938112>
[10:25:09.877] DELETED MESSAGE 419440092977954818 by <@178165057102938112>/FrelonMCR2/FrelonMCR2 : !dev <@178165057102938112>
[10:25:09.883] BOT MESSAGE : 419440093997301770 mentioning @178165057102938112
[10:25:12.604] MESSAGE 419440105426780160 by <@178165057102938112>/FrelonMCR2/FrelonMCR2 : !dev <@178165057102938112>
[10:25:12.789] DELETED MESSAGE 419440105426780160 by <@178165057102938112>/FrelonMCR2/FrelonMCR2 : !dev <@178165057102938112>
[10:25:12.853] BOT MESSAGE : 419440106407985153 mentioning @178165057102938112
[10:25:15.536] MESSAGE 419440117665497098 by <@178165057102938112>/FrelonMCR2/FrelonMCR2 : !dev <@178165057102938112>
[10:25:15.722] DELETED MESSAGE 419440117665497098 by <@178165057102938112>/FrelonMCR2/FrelonMCR2 : !dev <@178165057102938112>
[10:25:15.725] BOT MESSAGE : 419440118474997770 mentioning @178165057102938112
[10:25:19.016] MESSAGE 419440132333109248 by <@178165057102938112>/FrelonMCR2/FrelonMCR2 : !dev <@178165057102938112>
[10:25:19.189] BOT MESSAGE : 419440133046140938 mentioning @178165057102938112
[10:25:19.190] DELETED MESSAGE 419440132333109248 by <@178165057102938112>/FrelonMCR2/FrelonMCR2 : !dev <@178165057102938112>
[10:25:21.756] MESSAGE 419440143636627457 by <@178165057102938112>/FrelonMCR2/FrelonMCR2 : !dev <@178165057102938112>
[10:25:21.963] BOT MESSAGE : 419440144639066112 mentioning @178165057102938112
[10:25:22.023] DELETED MESSAGE 419440143636627457 by <@178165057102938112>/FrelonMCR2/FrelonMCR2 : !dev <@178165057102938112>
[10:25:24.669] MESSAGE 419440155754102786 by <@178165057102938112>/FrelonMCR2/FrelonMCR2 : !dev <@178165057102938112>
[10:25:24.834] BOT MESSAGE : 419440156408283137 mentioning @178165057102938112
[10:25:24.841] DELETED MESSAGE 419440155754102786 by <@178165057102938112>/FrelonMCR2/FrelonMCR2 : !dev <@178165057102938112>
[10:25:27.414] MESSAGE 419440167406010380 by <@178165057102938112>/FrelonMCR2/FrelonMCR2 : !dev <@178165057102938112>
[10:25:27.586] DELETED MESSAGE 419440167406010380 by <@178165057102938112>/FrelonMCR2/FrelonMCR2 : !dev <@178165057102938112>
[10:25:27.587] BOT MESSAGE : 419440168265842698 mentioning @178165057102938112
[10:25:29.816] MESSAGE 419440177623334912 by <@178165057102938112>/FrelonMCR2/FrelonMCR2 : !dev <@178165057102938112>
[10:25:29.986] DELETED MESSAGE 419440177623334912 by <@178165057102938112>/FrelonMCR2/FrelonMCR2 : !dev <@178165057102938112>
[10:25:30.006] BOT MESSAGE : 419440178394955776 mentioning @178165057102938112
[10:25:32.434] MESSAGE 419440188607954944 by <@178165057102938112>/FrelonMCR2/FrelonMCR2 : !dev <@178165057102938112>
[10:25:32.620] DELETED MESSAGE 419440188607954944 by <@178165057102938112>/FrelonMCR2/FrelonMCR2 : !dev <@178165057102938112>
[10:25:32.643] BOT MESSAGE : 419440189350477826 mentioning @178165057102938112
[10:25:35.338] MESSAGE 419440200771567616 by <@178165057102938112>/FrelonMCR2/FrelonMCR2 : !dev <@178165057102938112>
[10:25:35.509] DELETED MESSAGE 419440200771567616 by <@178165057102938112>/FrelonMCR2/FrelonMCR2 : !dev <@178165057102938112>
[10:25:35.555] BOT MESSAGE : 419440201597714433 mentioning @178165057102938112
[10:25:40.386] MESSAGE 419440221940219904 by <@178165057102938112>/FrelonMCR2/FrelonMCR2 : !profil FrelonMCR2
[10:25:40.552] DELETED MESSAGE 419440221940219904 by <@178165057102938112>/FrelonMCR2/FrelonMCR2 : !profil FrelonMCR2
[10:25:40.553] BOT MESSAGE : 419440222640537600
[10:25:40.573] MESSAGE UPDATE 419440222640537600 by <@399489474205319179>/Boaki Actu's bot/Boaki Actu's bot : 
[10:26:56.641] MESSAGE 419440541730603008 by <@178165057102938112>/FrelonMCR2/FrelonMCR2 : !profil FrelonMCR2
[10:26:56.817] DELETED MESSAGE 419440541730603008 by <@178165057102938112>/FrelonMCR2/FrelonMCR2 : !profil FrelonMCR2
[10:26:56.828] BOT MESSAGE : 419440542234181644
[10:26:56.852] MESSAGE UPDATE 419440542234181644 by <@399489474205319179>/Boaki Actu's bot/Boaki Actu's bot : 
[10:27:00.870] MESSAGE 419440559522971658 by <@178165057102938112>/FrelonMCR2/FrelonMCR2 : !dev <@178165057102938112>
[10:27:01.053] BOT MESSAGE : 419440560122757141 mentioning @178165057102938112
[10:27:01.062] DELETED MESSAGE 419440559522971658 by <@178165057102938112>/FrelonMCR2/FrelonMCR2 : !dev <@178165057102938112>
[10:27:04.630] MESSAGE 419440575071125524 by <@178165057102938112>/FrelonMCR2/FrelonMCR2 : !dev <@178165057102938112>
[10:27:04.818] DELETED MESSAGE 419440575071125524 by <@178165057102938112>/FrelonMCR2/FrelonMCR2 : !dev <@178165057102938112>
[10:27:04.819] BOT MESSAGE : 419440575687819276 mentioning @178165057102938112
[10:27:08.225] MESSAGE 419440590363688960 by <@178165057102938112>/FrelonMCR2/FrelonMCR2 : !dev <@178165057102938112>
[10:27:08.391] DELETED MESSAGE 419440590363688960 by <@178165057102938112>/FrelonMCR2/FrelonMCR2 : !dev <@178165057102938112>
[10:27:08.403] BOT MESSAGE : 419440591122726922 mentioning @178165057102938112
[10:27:09.123] MESSAGE 419440594138693642 by <@178165057102938112>/FrelonMCR2/FrelonMCR2 : !dev <@178165057102938112>
[10:27:09.302] DELETED MESSAGE 419440594138693642 by <@178165057102938112>/FrelonMCR2/FrelonMCR2 : !dev <@178165057102938112>
[10:27:09.306] BOT MESSAGE : 419440594914508800 mentioning @178165057102938112
[10:27:09.899] MESSAGE 419440597380628490 by <@178165057102938112>/FrelonMCR2/FrelonMCR2 : !dev <@178165057102938112>
[10:27:10.083] DELETED MESSAGE 419440597380628490 by <@178165057102938112>/FrelonMCR2/FrelonMCR2 : !dev <@178165057102938112>
[10:27:10.099] BOT MESSAGE : 419440597770960897 mentioning @178165057102938112
[10:27:10.693] MESSAGE 419440600237211673 by <@178165057102938112>/FrelonMCR2/FrelonMCR2 : !dev <@178165057102938112>
[10:27:10.864] BOT MESSAGE : 419440601440976904 mentioning @178165057102938112
[10:27:10.886] DELETED MESSAGE 419440600237211673 by <@178165057102938112>/FrelonMCR2/FrelonMCR2 : !dev <@178165057102938112>
[10:27:11.496] MESSAGE 419440604104359936 by <@178165057102938112>/FrelonMCR2/FrelonMCR2 : !dev <@178165057102938112>
[10:27:11.658] BOT MESSAGE : 419440604393635841 mentioning @178165057102938112
[10:27:11.677] DELETED MESSAGE 419440604104359936 by <@178165057102938112>/FrelonMCR2/FrelonMCR2 : !dev <@178165057102938112>
[10:27:12.529] MESSAGE 419440608399196160 by <@178165057102938112>/FrelonMCR2/FrelonMCR2 : !dev <@178165057102938112>
[10:27:12.699] BOT MESSAGE : 419440608835272706 mentioning @178165057102938112
[10:27:12.712] DELETED MESSAGE 419440608399196160 by <@178165057102938112>/FrelonMCR2/FrelonMCR2 : !dev <@178165057102938112>
[10:27:14.324] MESSAGE 419440615542226956 by <@178165057102938112>/FrelonMCR2/FrelonMCR2 : !dev <@178165057102938112>
[10:27:14.503] BOT MESSAGE : 419440616380956674 mentioning @178165057102938112
[10:27:14.547] DELETED MESSAGE 419440615542226956 by <@178165057102938112>/FrelonMCR2/FrelonMCR2 : !dev <@178165057102938112>
[10:27:15.356] MESSAGE 419440619921080333 by <@178165057102938112>/FrelonMCR2/FrelonMCR2 : !dev <@178165057102938112>
[10:27:15.535] DELETED MESSAGE 419440619921080333 by <@178165057102938112>/FrelonMCR2/FrelonMCR2 : !dev <@178165057102938112>
[10:27:16.272] MESSAGE 419440624127967232 by <@178165057102938112>/FrelonMCR2/FrelonMCR2 : !dev <@178165057102938112>
[10:27:16.447] DELETED MESSAGE 419440624127967232 by <@178165057102938112>/FrelonMCR2/FrelonMCR2 : !dev <@178165057102938112>
[10:27:17.108] MESSAGE 419440627273564162 by <@178165057102938112>/FrelonMCR2/FrelonMCR2 : !dev <@178165057102938112>
[10:27:17.163] BOT MESSAGE : 419440627856441344 mentioning @178165057102938112
[10:27:17.290] DELETED MESSAGE 419440627273564162 by <@178165057102938112>/FrelonMCR2/FrelonMCR2 : !dev <@178165057102938112>
[10:27:17.375] BOT MESSAGE : 419440628313620483 mentioning @178165057102938112
[10:27:17.567] BOT MESSAGE : 419440629488156673 mentioning @178165057102938112
[10:27:18.349] MESSAGE 419440632470437899 by <@178165057102938112>/FrelonMCR2/FrelonMCR2 : !dev <@178165057102938112>
[10:27:18.530] DELETED MESSAGE 419440632470437899 by <@178165057102938112>/FrelonMCR2/FrelonMCR2 : !dev <@178165057102938112>
[10:27:18.542] BOT MESSAGE : 419440633631997952 mentioning @178165057102938112
[10:27:19.197] MESSAGE 419440636391981106 by <@178165057102938112>/FrelonMCR2/FrelonMCR2 : !dev <@178165057102938112>
[10:27:19.370] BOT MESSAGE : 419440637130309632 mentioning @178165057102938112
[10:27:19.374] DELETED MESSAGE 419440636391981106 by <@178165057102938112>/FrelonMCR2/FrelonMCR2 : !dev <@178165057102938112>
[10:27:19.973] MESSAGE 419440639277662210 by <@178165057102938112>/FrelonMCR2/FrelonMCR2 : !dev <@178165057102938112>
[10:27:20.139] DELETED MESSAGE 419440639277662210 by <@178165057102938112>/FrelonMCR2/FrelonMCR2 : !dev <@178165057102938112>
[10:27:20.714] MESSAGE 419440642519859211 by <@178165057102938112>/FrelonMCR2/FrelonMCR2 : !dev <@178165057102938112>
[10:27:20.887] DELETED MESSAGE 419440642519859211 by <@178165057102938112>/FrelonMCR2/FrelonMCR2 : !dev <@178165057102938112>
[10:27:21.346] MESSAGE 419440645401346058 by <@178165057102938112>/FrelonMCR2/FrelonMCR2 : !dev <@178165057102938112>
[10:27:21.514] DELETED MESSAGE 419440645401346058 by <@178165057102938112>/FrelonMCR2/FrelonMCR2 : !dev <@178165057102938112>
[10:27:22.009] MESSAGE 419440648173912064 by <@178165057102938112>/FrelonMCR2/FrelonMCR2 : !dev <@178165057102938112>
[10:27:22.280] DELETED MESSAGE 419440648173912064 by <@178165057102938112>/FrelonMCR2/FrelonMCR2 : !dev <@178165057102938112>
[10:27:23.930] MESSAGE 419440655870197761 by <@178165057102938112>/FrelonMCR2/FrelonMCR2 : !dev <@178165057102938112>
[10:27:24.056] BOT MESSAGE : 419440656583360513 mentioning @178165057102938112
[10:27:24.104] DELETED MESSAGE 419440655870197761 by <@178165057102938112>/FrelonMCR2/FrelonMCR2 : !dev <@178165057102938112>
[10:27:24.250] BOT MESSAGE : 419440657577279488 mentioning @178165057102938112
[10:27:24.440] BOT MESSAGE : 419440658357551104 mentioning @178165057102938112
[10:27:24.469] MESSAGE 419440658508414976 by <@178165057102938112>/FrelonMCR2/FrelonMCR2 : !dev <@178165057102938112>
[10:27:24.609] BOT MESSAGE : 419440659100073994 mentioning @178165057102938112
[10:27:24.637] DELETED MESSAGE 419440658508414976 by <@178165057102938112>/FrelonMCR2/FrelonMCR2 : !dev <@178165057102938112>
[10:27:24.783] BOT MESSAGE : 419440659834077184 mentioning @178165057102938112
[10:27:25.043] MESSAGE 419440660911751178 by <@178165057102938112>/FrelonMCR2/FrelonMCR2 : !dev <@178165057102938112>
[10:27:25.236] DELETED MESSAGE 419440660911751178 by <@178165057102938112>/FrelonMCR2/FrelonMCR2 : !dev <@178165057102938112>
[10:27:25.494] MESSAGE 419440662803382282 by <@178165057102938112>/FrelonMCR2/FrelonMCR2 : !dev <@178165057102938112>
[10:27:25.664] DELETED MESSAGE 419440662803382282 by <@178165057102938112>/FrelonMCR2/FrelonMCR2 : !dev <@178165057102938112>
[10:27:28.465] MESSAGE 419440675050749954 by <@178165057102938112>/FrelonMCR2/FrelonMCR2 : !dev <@178165057102938112>
[10:27:28.603] MESSAGE 419440675856318464 by <@178165057102938112>/FrelonMCR2/FrelonMCR2 : !dev <@178165057102938112>
[10:27:28.654] DELETED MESSAGE 419440675050749954 by <@178165057102938112>/FrelonMCR2/FrelonMCR2 : !dev <@178165057102938112>
[10:27:28.748] MESSAGE 419440676460036096 by <@178165057102938112>/FrelonMCR2/FrelonMCR2 : !dev <@178165057102938112>
[10:27:28.885] MESSAGE 419440677013946378 by <@178165057102938112>/FrelonMCR2/FrelonMCR2 : !dev <@178165057102938112>
[10:27:28.932] DELETED MESSAGE 419440675856318464 by <@178165057102938112>/FrelonMCR2/FrelonMCR2 : !dev <@178165057102938112>
[10:27:29.046] MESSAGE 419440677328257037 by <@178165057102938112>/FrelonMCR2/FrelonMCR2 : !dev <@178165057102938112>
[10:27:29.094] DELETED MESSAGE 419440676460036096 by <@178165057102938112>/FrelonMCR2/FrelonMCR2 : !dev <@178165057102938112>
[10:27:29.265] DELETED MESSAGE 419440677013946378 by <@178165057102938112>/FrelonMCR2/FrelonMCR2 : !dev <@178165057102938112>
[10:27:29.279] MESSAGE 419440678381027339 by <@178165057102938112>/FrelonMCR2/FrelonMCR2 : !dev <@178165057102938112>
[10:27:29.469] DELETED MESSAGE 419440677328257037 by <@178165057102938112>/FrelonMCR2/FrelonMCR2 : !dev <@178165057102938112>
[10:27:29.623] DELETED MESSAGE 419440678381027339 by <@178165057102938112>/FrelonMCR2/FrelonMCR2 : !dev <@178165057102938112>
[10:27:30.460] BOT MESSAGE : 419440683632558080 mentioning @178165057102938112
[10:27:30.655] BOT MESSAGE : 419440684462768128 mentioning @178165057102938112
[10:27:30.850] BOT MESSAGE : 419440684861358081 mentioning @178165057102938112
[10:27:31.024] BOT MESSAGE : 419440685783973901 mentioning @178165057102938112
[10:27:31.225] BOT MESSAGE : 419440686828617728 mentioning @178165057102938112
[10:27:35.679] MESSAGE 419440705526824970 by <@178165057102938112>/FrelonMCR2/FrelonMCR2 : !profil FrelonMCR2
[10:27:35.845] DELETED MESSAGE 419440705526824970 by <@178165057102938112>/FrelonMCR2/FrelonMCR2 : !profil FrelonMCR2
[10:27:36.922] BOT MESSAGE : 419440710719242240 mentioning @178165057102938112
[10:27:37.122] BOT MESSAGE : 419440711180615682 mentioning @178165057102938112
[10:27:37.312] BOT MESSAGE : 419440712380186634 mentioning @178165057102938112
[10:27:37.494] BOT MESSAGE : 419440713114189824 mentioning @178165057102938112
[10:27:37.666] BOT MESSAGE : 419440713546203147
[10:27:37.697] MESSAGE UPDATE 419440713546203147 by <@399489474205319179>/Boaki Actu's bot/Boaki Actu's bot : 
[10:32:07.078] MESSAGE 419441843852410880 by <@178165057102938112>/FrelonMCR2/FrelonMCR2 : !profil FrelonMCR2
[10:32:07.284] BOT MESSAGE : 419441844691140618
[10:32:07.301] MESSAGE UPDATE 419441844691140618 by <@399489474205319179>/Boaki Actu's bot/Boaki Actu's bot : 
[10:32:07.324] DELETED MESSAGE 419441843852410880 by <@178165057102938112>/FrelonMCR2/FrelonMCR2 : !profil FrelonMCR2
[10:32:59.852] MESSAGE 419442064854351873 by <@!238969660765241355>/minecraft89/wawaque : nice le lien
[10:33:57.194] MESSAGE 419442305489960961 by <@!238969660765241355>/minecraft89/wawaque : tu pense que les manimaks pourraient donné un truc pour qu'on puisse recuperer le classement des joueurs et leur point ?
[10:35:37.968] MESSAGE 419442728368078858 by <@!238969660765241355>/minecraft89/wawaque : ça serais plus pratique
[10:35:57.272] MESSAGE 419442809121275905 by <@178165057102938112>/FrelonMCR2/FrelonMCR2 : !warn <@178165057102938112> FrelonMCR2 est trop intelligent
[10:36:22.834] MESSAGE 419442916411310081 by <@178165057102938112>/FrelonMCR2/FrelonMCR2 : !warn <@178165057102938112> FrelonMCR2 est trop intelligent
[10:36:22.994] DELETED MESSAGE 419442916411310081 by <@178165057102938112>/FrelonMCR2/FrelonMCR2 : !warn <@178165057102938112> FrelonMCR2 est trop intelligent
[10:36:23.028] BOT MESSAGE : 419442917325930496 mentioning @178165057102938112
[10:38:05.389] MESSAGE 419443346679791616 by <@178165057102938112>/FrelonMCR2/FrelonMCR2 : Hmm
[10:38:43.856] MESSAGE 419443508051574784 by <@178165057102938112>/FrelonMCR2/FrelonMCR2 : Jvais voir un peu le code voir si jpeux voler un .json de leurs serveurs
[10:38:55.591] MESSAGE 419443556944576514 by <@178165057102938112>/FrelonMCR2/FrelonMCR2 : Pour les liens dans les embeds je crois pas non
[10:38:57.544] MESSAGE UPDATE 419443556944576514 by <@178165057102938112>/FrelonMCR2/FrelonMCR2 : Pour les liens dans les embeds je crois pas nop
[10:38:58.053] MESSAGE 419443567577137152 by <@!238969660765241355>/minecraft89/wawaque : xd
[10:39:18.543] MESSAGE 419443653480808448 by <@178165057102938112>/FrelonMCR2/FrelonMCR2 : !warn <@178165057102938112>
[10:40:40.304] MESSAGE 419443996046131201 by <@178165057102938112>/FrelonMCR2/FrelonMCR2 : !warn <@178165057102938112> FrelonMCR2 est trop intelligent
[10:41:12.835] MESSAGE 419444132881235968 by <@178165057102938112>/FrelonMCR2/FrelonMCR2 : !warn <@178165057102938112> FrelonMCR2 est trop intelligent.
[10:42:41.258] MESSAGE 419444503737270302 by <@178165057102938112>/FrelonMCR2/FrelonMCR2 : !warn <@178165057102938112>
[10:43:10.976] MESSAGE 419444628396179460 by <@178165057102938112>/FrelonMCR2/FrelonMCR2 : !warn <@178165057102938112>
[10:43:11.146] DELETED MESSAGE 419444628396179460 by <@178165057102938112>/FrelonMCR2/FrelonMCR2 : !warn <@178165057102938112>
[10:43:11.185] BOT MESSAGE : 419444628929118210 mentioning @178165057102938112
[10:44:11.384] MESSAGE 419444881778540554 by <@178165057102938112>/FrelonMCR2/FrelonMCR2 : !warn <@178165057102938112> FrelonMCR2 est trop intelligent
[10:44:11.576] DELETED MESSAGE 419444881778540554 by <@178165057102938112>/FrelonMCR2/FrelonMCR2 : !warn <@178165057102938112> FrelonMCR2 est trop intelligent
[10:44:11.601] BOT MESSAGE : 419444882675990538 mentioning @178165057102938112
[10:44:54.862] MESSAGE 419445064121581568 by <@178165057102938112>/FrelonMCR2/FrelonMCR2 : !warn <@178165057102938112> FrelonMCR2 est trop intelligent
[10:44:55.045] DELETED MESSAGE 419445064121581568 by <@178165057102938112>/FrelonMCR2/FrelonMCR2 : !warn <@178165057102938112> FrelonMCR2 est trop intelligent
[10:44:55.046] BOT MESSAGE : 419445064897658880 mentioning @178165057102938112
[10:45:53.229] MESSAGE 419445308737454081 by <@178165057102938112>/FrelonMCR2/FrelonMCR2 : !warn <@178165057102938112> FrelonMCR2 est trop intelligent
[10:46:01.772] MESSAGE 419445344636502016 by <@178165057102938112>/FrelonMCR2/FrelonMCR2 : !warn <@178165057102938112> FrelonMCR2 est trop intelligent
[10:46:01.991] BOT MESSAGE : 419445345542471700 mentioning @178165057102938112
[10:46:02.068] DELETED MESSAGE 419445344636502016 by <@178165057102938112>/FrelonMCR2/FrelonMCR2 : !warn <@178165057102938112> FrelonMCR2 est trop intelligent
[10:48:14.524] MESSAGE 419445901547929600 by <@178165057102938112>/FrelonMCR2/FrelonMCR2 : !warn <@178165057102938112> Poke est un dieu
[10:48:14.690] DELETED MESSAGE 419445901547929600 by <@178165057102938112>/FrelonMCR2/FrelonMCR2 : !warn <@178165057102938112> Poke est un dieu
[10:48:14.710] BOT MESSAGE : 419445902323744774 mentioning @178165057102938112
[10:49:20.292] MESSAGE 419446177356840960 by <@178165057102938112>/FrelonMCR2/FrelonMCR2 : !warn <@178165057102938112> Poulpe
[10:49:20.462] BOT MESSAGE : 419446177973665793 mentioning @178165057102938112
[10:49:20.462] DELETED MESSAGE 419446177356840960 by <@178165057102938112>/FrelonMCR2/FrelonMCR2 : !warn <@178165057102938112> Poulpe
[10:50:35.039] MESSAGE 419446490927202304 by <@178165057102938112>/FrelonMCR2/FrelonMCR2 : !cmd
[10:50:35.211] DELETED MESSAGE 419446490927202304 by <@178165057102938112>/FrelonMCR2/FrelonMCR2 : !cmd
[10:50:35.239] BOT MESSAGE : 419446491774451712 mentioning @178165057102938112
[10:51:06.210] MESSAGE 419446621655269376 by <@288336619147231233>/Nowa/Nowa : Salut
[10:51:20.641] MESSAGE 419446682221281280 by <@178165057102938112>/FrelonMCR2/FrelonMCR2 : Hello
[10:51:44.597] MESSAGE 419446782523736075 by <@!238969660765241355>/minecraft89/wawaque : YO
[10:51:48.099] MESSAGE UPDATE 419446782523736075 by <@!238969660765241355>/minecraft89/wawaque : Yo
[10:53:30.283] MESSAGE 419447225949880320 by <@178165057102938112>/FrelonMCR2/FrelonMCR2 : Vous devriez lire la !doc si vous l'avez pas encore fait (elle sera encore modifiée dans la journée)
[10:53:45.134] MESSAGE 419447288008540161 by <@178165057102938112>/FrelonMCR2/FrelonMCR2 : !warn <@178165057102938112> Poulpe
[10:53:45.301] DELETED MESSAGE 419447288008540161 by <@178165057102938112>/FrelonMCR2/FrelonMCR2 : !warn <@178165057102938112> Poulpe
[10:53:45.338] BOT MESSAGE : 419447289061572609 mentioning @178165057102938112
[10:55:22.614] MESSAGE 419447697053843456 by <@178165057102938112>/FrelonMCR2/FrelonMCR2 : !warn <@178165057102938112> Poulpe
[10:55:22.804] BOT MESSAGE : 419447697880383488 mentioning @178165057102938112
[10:55:22.807] DELETED MESSAGE 419447697053843456 by <@178165057102938112>/FrelonMCR2/FrelonMCR2 : !warn <@178165057102938112> Poulpe
[10:58:09.241] MESSAGE 419448395879677952 by <@178165057102938112>/FrelonMCR2/FrelonMCR2 : !warn <@178165057102938112> Poulpe
[10:58:09.404] DELETED MESSAGE 419448395879677952 by <@178165057102938112>/FrelonMCR2/FrelonMCR2 : !warn <@178165057102938112> Poulpe
[10:58:09.459] BOT MESSAGE : 419448396584189953 mentioning @178165057102938112
[10:59:05.661] MESSAGE 419448632606064640 by <@178165057102938112>/FrelonMCR2/FrelonMCR2 : !warn <@178165057102938112> Poulpe
[10:59:05.828] BOT MESSAGE : 419448633155649538 mentioning @178165057102938112
[10:59:05.852] DELETED MESSAGE 419448632606064640 by <@178165057102938112>/FrelonMCR2/FrelonMCR2 : !warn <@178165057102938112> Poulpe
[10:59:06.026] BOT MESSAGE : 419448633805766657
[10:59:17.484] MESSAGE 419448681830547467 by <@178165057102938112>/FrelonMCR2/FrelonMCR2 : !profil <@178165057102938112>
[10:59:17.662] DELETED MESSAGE 419448681830547467 by <@178165057102938112>/FrelonMCR2/FrelonMCR2 : !profil <@178165057102938112>
[10:59:17.664] BOT MESSAGE : 419448682958815242
[10:59:17.680] MESSAGE UPDATE 419448682958815242 by <@399489474205319179>/Boaki Actu's bot/Boaki Actu's bot : 
[10:59:28.910] MESSAGE 419448729712721921 by <@178165057102938112>/FrelonMCR2/FrelonMCR2 : !warn <@178165057102938112>  Poulpe
[10:59:29.083] DELETED MESSAGE 419448729712721921 by <@178165057102938112>/FrelonMCR2/FrelonMCR2 : !warn <@178165057102938112>  Poulpe
[10:59:29.085] BOT MESSAGE : 419448730673086465 mentioning @178165057102938112
[10:59:29.278] BOT MESSAGE : 419448731268677643
[10:59:38.486] MESSAGE 419448770283962388 by <@178165057102938112>/FrelonMCR2/FrelonMCR2 : !profil<@178165057102938112>
[10:59:38.666] DELETED MESSAGE 419448770283962388 by <@178165057102938112>/FrelonMCR2/FrelonMCR2 : !profil<@178165057102938112>
[10:59:38.668] BOT MESSAGE : 419448771055976448
[10:59:38.700] MESSAGE UPDATE 419448771055976448 by <@399489474205319179>/Boaki Actu's bot/Boaki Actu's bot : 
[11:00:51.612] MESSAGE 419449077009350656 by <@178165057102938112>/FrelonMCR2/FrelonMCR2 : !warn <@178165057102938112> Poulpe
[11:00:51.782] DELETED MESSAGE 419449077009350656 by <@178165057102938112>/FrelonMCR2/FrelonMCR2 : !warn <@178165057102938112> Poulpe
[11:00:51.798] BOT MESSAGE : 419449077793816576 mentioning @178165057102938112
[11:00:51.968] BOT MESSAGE : 419449078506717194
[11:10:10.723] MESSAGE 419451421671292931 by <@178165057102938112>/FrelonMCR2/FrelonMCR2 : !warn <@178165057102938112>
[11:10:10.930] DELETED MESSAGE 419451421671292931 by <@178165057102938112>/FrelonMCR2/FrelonMCR2 : !warn <@178165057102938112>
[11:10:10.945] BOT MESSAGE : 419451423059869696 mentioning @178165057102938112
[11:10:11.131] BOT MESSAGE : 419451423764250624
[11:10:57.669] MESSAGE 419451618921152513 by <@178165057102938112>/FrelonMCR2/FrelonMCR2 : !warn <@178165057102938112>
[11:10:57.905] BOT MESSAGE : 419451619881517056 mentioning @178165057102938112
[11:10:57.906] DELETED MESSAGE 419451618921152513 by <@178165057102938112>/FrelonMCR2/FrelonMCR2 : !warn <@178165057102938112>
[11:10:58.063] BOT MESSAGE : 419451620426907649
[11:11:28.129] MESSAGE 419451746696298496 by <@178165057102938112>/FrelonMCR2/FrelonMCR2 : !warn <@178165057102938112>
[11:11:28.313] BOT MESSAGE : 419451747199877121 mentioning @178165057102938112
[11:11:28.315] DELETED MESSAGE 419451746696298496 by <@178165057102938112>/FrelonMCR2/FrelonMCR2 : !warn <@178165057102938112>
[11:11:28.476] BOT MESSAGE : 419451748202053632
[11:12:51.466] MESSAGE 419452096262176778 by <@178165057102938112>/FrelonMCR2/FrelonMCR2 : !warn <@178165057102938112>
[11:12:51.642] DELETED MESSAGE 419452096262176778 by <@178165057102938112>/FrelonMCR2/FrelonMCR2 : !warn <@178165057102938112>
[11:12:51.778] BOT MESSAGE : 419452097290043392 mentioning @178165057102938112
[11:12:51.973] BOT MESSAGE : 419452098397208586
[11:13:02.054] MESSAGE 419452140583387146 by <@178165057102938112>/FrelonMCR2/FrelonMCR2 : !profil FrelonMCR2
[11:13:02.239] BOT MESSAGE : 419452141418184714
[11:13:02.279] MESSAGE UPDATE 419452141418184714 by <@399489474205319179>/Boaki Actu's bot/Boaki Actu's bot : 
[11:13:02.356] DELETED MESSAGE 419452140583387146 by <@178165057102938112>/FrelonMCR2/FrelonMCR2 : !profil FrelonMCR2
[11:13:07.444] MESSAGE 419452163006398475 by <@178165057102938112>/FrelonMCR2/FrelonMCR2 : !warn <@178165057102938112>
[11:13:07.702] BOT MESSAGE : 419452163950116865 mentioning @178165057102938112
[11:13:07.717] DELETED MESSAGE 419452163006398475 by <@178165057102938112>/FrelonMCR2/FrelonMCR2 : !warn <@178165057102938112>
[11:13:07.913] BOT MESSAGE : 419452165007081493
[11:13:11.493] MESSAGE 419452180018495489 by <@178165057102938112>/FrelonMCR2/FrelonMCR2 : !profil <@178165057102938112>
[11:13:11.677] BOT MESSAGE : 419452180810956802
[11:13:11.698] DELETED MESSAGE 419452180018495489 by <@178165057102938112>/FrelonMCR2/FrelonMCR2 : !profil <@178165057102938112>
[11:13:11.709] MESSAGE UPDATE 419452180810956802 by <@399489474205319179>/Boaki Actu's bot/Boaki Actu's bot : 
[11:13:40.192] MESSAGE 419452300256608258 by <@178165057102938112>/FrelonMCR2/FrelonMCR2 : !warn <@178165057102938112>
[11:13:40.366] DELETED MESSAGE 419452300256608258 by <@178165057102938112>/FrelonMCR2/FrelonMCR2 : !warn <@178165057102938112>
[11:13:40.401] BOT MESSAGE : 419452301158383619 mentioning @178165057102938112
[11:13:40.555] BOT MESSAGE : 419452301917421570
[11:14:04.664] MESSAGE 419452403289686016 by <@178165057102938112>/FrelonMCR2/FrelonMCR2 : !warn <@178165057102938112>
[11:14:04.855] DELETED MESSAGE 419452403289686016 by <@178165057102938112>/FrelonMCR2/FrelonMCR2 : !warn <@178165057102938112>
[11:14:04.857] BOT MESSAGE : 419452403771768858 mentioning @178165057102938112
[11:14:05.011] BOT MESSAGE : 419452404640251915
[11:15:46.873] MESSAGE 419452831964200960 by <@178165057102938112>/FrelonMCR2/FrelonMCR2 : !warn <@178165057102938112>
[11:15:47.059] DELETED MESSAGE 419452831964200960 by <@178165057102938112>/FrelonMCR2/FrelonMCR2 : !warn <@178165057102938112>
[11:15:47.060] BOT MESSAGE : 419452832723369995 mentioning @178165057102938112
[11:15:47.211] BOT MESSAGE : 419452833180418049
[11:16:11.513] MESSAGE 419452935303331860 by <@178165057102938112>/FrelonMCR2/FrelonMCR2 : !profil FrelonMCR2
[11:16:11.672] DELETED MESSAGE 419452935303331860 by <@178165057102938112>/FrelonMCR2/FrelonMCR2 : !profil FrelonMCR2
[11:16:11.691] BOT MESSAGE : 419452936062500874
[11:16:11.711] MESSAGE UPDATE 419452936062500874 by <@399489474205319179>/Boaki Actu's bot/Boaki Actu's bot : 
[11:16:19.230] MESSAGE 419452967692009472 by <@178165057102938112>/FrelonMCR2/FrelonMCR2 : !warn <@178165057102938112>
[11:16:19.407] DELETED MESSAGE 419452967692009472 by <@178165057102938112>/FrelonMCR2/FrelonMCR2 : !warn <@178165057102938112>
[11:16:19.427] BOT MESSAGE : 419452968354447361 mentioning @178165057102938112
[11:16:19.601] BOT MESSAGE : 419452969277456384
[11:16:24.544] MESSAGE 419452989636608011 by <@178165057102938112>/FrelonMCR2/FrelonMCR2 : !profil FrelonMCR2
[11:16:24.705] BOT MESSAGE : 419452990563418123
[11:16:24.719] DELETED MESSAGE 419452989636608011 by <@178165057102938112>/FrelonMCR2/FrelonMCR2 : !profil FrelonMCR2
[11:16:24.738] MESSAGE UPDATE 419452990563418123 by <@399489474205319179>/Boaki Actu's bot/Boaki Actu's bot : 
[11:21:42.540] MESSAGE 419454323731333121 by <@178165057102938112>/FrelonMCR2/FrelonMCR2 : !warn <@178165057102938112>
[11:21:42.718] BOT MESSAGE : 419454324519993344 mentioning @178165057102938112
[11:21:42.735] DELETED MESSAGE 419454323731333121 by <@178165057102938112>/FrelonMCR2/FrelonMCR2 : !warn <@178165057102938112>
[11:21:42.962] BOT MESSAGE : 419454325274968066
[11:21:48.734] MESSAGE 419454349446742027 by <@178165057102938112>/FrelonMCR2/FrelonMCR2 : !profil FrelonMCR2
[11:21:48.901] DELETED MESSAGE 419454349446742027 by <@178165057102938112>/FrelonMCR2/FrelonMCR2 : !profil FrelonMCR2
[11:21:48.901] BOT MESSAGE : 419454350365294593
[11:21:48.930] MESSAGE UPDATE 419454350365294593 by <@399489474205319179>/Boaki Actu's bot/Boaki Actu's bot : 
[11:22:40.797] MESSAGE 419454567986495488 by <@178165057102938112>/FrelonMCR2/FrelonMCR2 : !warn <@178165057102938112>
[11:22:40.962] BOT MESSAGE : 419454568838070272 mentioning @178165057102938112
[11:22:41.017] DELETED MESSAGE 419454567986495488 by <@178165057102938112>/FrelonMCR2/FrelonMCR2 : !warn <@178165057102938112>
[11:22:41.146] BOT MESSAGE : 419454569538519040
[11:23:21.236] MESSAGE 419454737675583488 by <@178165057102938112>/FrelonMCR2/FrelonMCR2 : !warn <@178165057102938112>
[11:23:21.437] BOT MESSAGE : 419454738443141120 mentioning @178165057102938112
[11:23:21.438] DELETED MESSAGE 419454737675583488 by <@178165057102938112>/FrelonMCR2/FrelonMCR2 : !warn <@178165057102938112>
[11:23:21.595] BOT MESSAGE : 419454739193921556
[11:24:03.365] MESSAGE 419454914251587595 by <@178165057102938112>/FrelonMCR2/FrelonMCR2 : !warn <@178165057102938112>
[11:24:03.531] DELETED MESSAGE 419454914251587595 by <@178165057102938112>/FrelonMCR2/FrelonMCR2 : !warn <@178165057102938112>
[11:24:03.537] BOT MESSAGE : 419454914960556033 mentioning @178165057102938112
[11:24:03.769] BOT MESSAGE : 419454915937566720
[11:24:52.536] MESSAGE 419455120355622926 by <@178165057102938112>/FrelonMCR2/FrelonMCR2 : !warn <@178165057102938112>
[11:24:52.717] BOT MESSAGE : 419455121366319104 mentioning @178165057102938112
[11:24:52.739] DELETED MESSAGE 419455120355622926 by <@178165057102938112>/FrelonMCR2/FrelonMCR2 : !warn <@178165057102938112>
[11:24:52.959] BOT MESSAGE : 419455122041470978
[11:25:46.470] MESSAGE 419455346835456010 by <@178165057102938112>/FrelonMCR2/FrelonMCR2 : !warn <@178165057102938112>
[11:25:46.636] DELETED MESSAGE 419455346835456010 by <@178165057102938112>/FrelonMCR2/FrelonMCR2 : !warn <@178165057102938112>
[11:25:46.675] BOT MESSAGE : 419455347506282507 mentioning @178165057102938112
[11:25:46.843] BOT MESSAGE : 419455348454195210
[11:25:50.573] MESSAGE 419455364027777044 by <@178165057102938112>/FrelonMCR2/FrelonMCR2 : !profil FrelonMCR2
[11:25:50.772] DELETED MESSAGE 419455364027777044 by <@178165057102938112>/FrelonMCR2/FrelonMCR2 : !profil FrelonMCR2
[11:25:50.773] BOT MESSAGE : 419455364799660032
[11:25:50.775] MESSAGE UPDATE 419455364799660032 by <@399489474205319179>/Boaki Actu's bot/Boaki Actu's bot : 
[11:25:55.293] MESSAGE 419455383808114698 by <@178165057102938112>/FrelonMCR2/FrelonMCR2 : !warn <@178165057102938112>
[11:25:55.472] DELETED MESSAGE 419455383808114698 by <@178165057102938112>/FrelonMCR2/FrelonMCR2 : !warn <@178165057102938112>
[11:25:55.496] BOT MESSAGE : 419455384672010250 mentioning @178165057102938112
[11:25:55.660] BOT MESSAGE : 419455385406013450
[11:25:58.677] MESSAGE 419455397733072898 by <@178165057102938112>/FrelonMCR2/FrelonMCR2 : !profil FrelonMCR2
[11:25:58.853] BOT MESSAGE : 419455398592905218
[11:25:58.879] DELETED MESSAGE 419455397733072898 by <@178165057102938112>/FrelonMCR2/FrelonMCR2 : !profil FrelonMCR2
[11:25:58.886] MESSAGE UPDATE 419455398592905218 by <@399489474205319179>/Boaki Actu's bot/Boaki Actu's bot : 
[11:26:06.484] MESSAGE 419455430742507520 by <@178165057102938112>/FrelonMCR2/FrelonMCR2 : !warn <@178165057102938112>
[11:26:06.653] DELETED MESSAGE 419455430742507520 by <@178165057102938112>/FrelonMCR2/FrelonMCR2 : !warn <@178165057102938112>
[11:26:06.669] BOT MESSAGE : 419455431552008192 mentioning @178165057102938112
[11:26:06.844] BOT MESSAGE : 419455431996342273
[11:26:07.485] MESSAGE 419455434706124801 by <@178165057102938112>/FrelonMCR2/FrelonMCR2 : !warn <@178165057102938112>
[11:26:07.649] DELETED MESSAGE 419455434706124801 by <@178165057102938112>/FrelonMCR2/FrelonMCR2 : !warn <@178165057102938112>
[11:26:07.649] BOT MESSAGE : 419455435729403904 mentioning @178165057102938112
[11:26:07.818] BOT MESSAGE : 419455436324995073
[11:26:08.394] MESSAGE 419455438761754624 by <@178165057102938112>/FrelonMCR2/FrelonMCR2 : !warn <@178165057102938112>
[11:26:08.564] DELETED MESSAGE 419455438761754624 by <@178165057102938112>/FrelonMCR2/FrelonMCR2 : !warn <@178165057102938112>
[11:26:08.604] BOT MESSAGE : 419455439189704706 mentioning @178165057102938112
[11:26:10.793] MESSAGE 419455448836603904 by <@178165057102938112>/FrelonMCR2/FrelonMCR2 : !warn <@178165057102938112>
[11:26:10.968] DELETED MESSAGE 419455448836603904 by <@178165057102938112>/FrelonMCR2/FrelonMCR2 : !warn <@178165057102938112>
[11:26:11.714] MESSAGE 419455452695363584 by <@178165057102938112>/FrelonMCR2/FrelonMCR2 : !warn <@178165057102938112>
[11:26:11.861] DELETED MESSAGE 419455452695363584 by <@178165057102938112>/FrelonMCR2/FrelonMCR2 : !warn <@178165057102938112>
[11:26:12.944] MESSAGE 419455457745305611 by <@178165057102938112>/FrelonMCR2/FrelonMCR2 : !warn <@178165057102938112>
[11:26:13.119] DELETED MESSAGE 419455457745305611 by <@178165057102938112>/FrelonMCR2/FrelonMCR2 : !warn <@178165057102938112>
[11:26:13.234] BOT MESSAGE : 419455459163111424
[11:26:13.416] BOT MESSAGE : 419455459905503242 mentioning @178165057102938112
[11:26:13.599] BOT MESSAGE : 419455460320608268
[11:26:13.808] BOT MESSAGE : 419455461507596288 mentioning @178165057102938112
[11:26:13.974] BOT MESSAGE : 419455461872500769
[11:26:15.613] MESSAGE 419455468604489739 by <@178165057102938112>/FrelonMCR2/FrelonMCR2 : !warn <@178165057102938112>
[11:26:15.772] DELETED MESSAGE 419455468604489739 by <@178165057102938112>/FrelonMCR2/FrelonMCR2 : !warn <@178165057102938112>
[11:26:16.615] MESSAGE 419455473276682240 by <@178165057102938112>/FrelonMCR2/FrelonMCR2 : !warn <@178165057102938112>
[11:26:16.805] DELETED MESSAGE 419455473276682240 by <@178165057102938112>/FrelonMCR2/FrelonMCR2 : !warn <@178165057102938112>
[11:26:17.662] MESSAGE 419455477672312832 by <@178165057102938112>/FrelonMCR2/FrelonMCR2 : !warn <@178165057102938112>
[11:26:17.818] DELETED MESSAGE 419455477672312832 by <@178165057102938112>/FrelonMCR2/FrelonMCR2 : !warn <@178165057102938112>
[11:26:19.669] BOT MESSAGE : 419455485817913356 mentioning @178165057102938112
[11:26:19.831] BOT MESSAGE : 419455486769889280
[11:26:19.985] BOT MESSAGE : 419455487256428544 mentioning @178165057102938112
[11:26:20.263] BOT MESSAGE : 419455488380502016
[11:26:20.515] BOT MESSAGE : 419455489466957825 mentioning @178165057102938112
[11:26:26.204] BOT MESSAGE : 419455513495863296
[11:26:26.365] BOT MESSAGE : 419455514183729152 mentioning @178165057102938112
[11:26:26.524] BOT MESSAGE : 419455514850623488
[11:26:26.622] MESSAGE 419455515039367169 by <@178165057102938112>/FrelonMCR2/FrelonMCR2 : !profil FrelonMCR2
[11:26:26.787] DELETED MESSAGE 419455515039367169 by <@178165057102938112>/FrelonMCR2/FrelonMCR2 : !profil FrelonMCR2
[11:26:26.804] BOT MESSAGE : 419455516021096458
[11:26:26.823] MESSAGE UPDATE 419455516021096458 by <@399489474205319179>/Boaki Actu's bot/Boaki Actu's bot : 
[11:27:11.353] MESSAGE 419455702709305357 by <@178165057102938112>/FrelonMCR2/FrelonMCR2 : !warn <@178165057102938112>
[11:27:11.525] DELETED MESSAGE 419455702709305357 by <@178165057102938112>/FrelonMCR2/FrelonMCR2 : !warn <@178165057102938112>
[11:27:11.565] BOT MESSAGE : 419455703695097866 mentioning @178165057102938112
[11:27:12.063] BOT MESSAGE : 419455705632735243
[11:27:15.768] MESSAGE 419455721357312000 by <@178165057102938112>/FrelonMCR2/FrelonMCR2 : !profil FrelonMCR2
[11:27:15.941] BOT MESSAGE : 419455722128932874
[11:27:15.956] DELETED MESSAGE 419455721357312000 by <@178165057102938112>/FrelonMCR2/FrelonMCR2 : !profil FrelonMCR2
[11:27:15.996] MESSAGE UPDATE 419455722128932874 by <@399489474205319179>/Boaki Actu's bot/Boaki Actu's bot : 
[11:27:23.208] MESSAGE 419455752546287619 by <@178165057102938112>/FrelonMCR2/FrelonMCR2 : !warn <@178165057102938112>
[11:27:23.407] BOT MESSAGE : 419455753330491393 mentioning @178165057102938112
[11:27:23.407] DELETED MESSAGE 419455752546287619 by <@178165057102938112>/FrelonMCR2/FrelonMCR2 : !warn <@178165057102938112>
[11:27:23.558] BOT MESSAGE : 419455753812967425
[11:27:28.735] MESSAGE 419455775782600744 by <@178165057102938112>/FrelonMCR2/FrelonMCR2 : !profil FrelonMCR2
[11:27:28.907] DELETED MESSAGE 419455775782600744 by <@178165057102938112>/FrelonMCR2/FrelonMCR2 : !profil FrelonMCR2
[11:27:28.912] BOT MESSAGE : 419455776524992522
[11:27:28.948] MESSAGE UPDATE 419455776524992522 by <@399489474205319179>/Boaki Actu's bot/Boaki Actu's bot : 
[11:28:19.012] MESSAGE 419455986642976768 by <@178165057102938112>/FrelonMCR2/FrelonMCR2 : !profil FrelonMCR2
[11:28:19.208] DELETED MESSAGE 419455986642976768 by <@178165057102938112>/FrelonMCR2/FrelonMCR2 : !profil FrelonMCR2
[11:28:19.209] BOT MESSAGE : 419455987376717834
[11:28:19.218] MESSAGE UPDATE 419455987376717834 by <@399489474205319179>/Boaki Actu's bot/Boaki Actu's bot : 
[11:37:37.485] MESSAGE 419458328889131011 by <@178165057102938112>/FrelonMCR2/FrelonMCR2 : Jpeux rien récup pour le classement <@!238969660765241355> , ça passe par un active X et un .asp qu'ils récupérent en fonction de l'ID de leur utilisateur, du niveau et du niveau étoiles enfin j'ai pas tout compris mais en tout cas je peux rien en faire. Il y a un morceau qui me semble codé en plus.
[11:38:22.525] MESSAGE 419458517926150155 by <@!238969660765241355>/minecraft89/wawaque : mince
[11:39:52.351] MESSAGE 419458894692352000 by <@178165057102938112>/FrelonMCR2/FrelonMCR2 : Ca vous donnera un peu plus de travail, vous vérifiez que les joueurs qui ont remplis leurs profils sont dans le classement et si ils le sont, vous leurs demanderez de prouver que c'est bien eux en vous envoyant une demande de Grand défi ahah.
[11:41:16.066] MESSAGE 419459245709459457 by <@!238969660765241355>/minecraft89/wawaque : ok 😄
[11:46:36.489] MESSAGE 419460589769981952 by <@178165057102938112>/FrelonMCR2/FrelonMCR2 : !warn <@178165057102938112>
[11:46:36.685] DELETED MESSAGE 419460589769981952 by <@178165057102938112>/FrelonMCR2/FrelonMCR2 : !warn <@178165057102938112>
[11:46:36.687] BOT MESSAGE : 419460590558380032 mentioning @178165057102938112
[11:46:36.841] BOT MESSAGE : 419460591166685186
[11:48:19.759] MESSAGE 419461022844190740 by <@178165057102938112>/FrelonMCR2/FrelonMCR2 : !warn <@178165057102938112>
[11:48:19.929] DELETED MESSAGE 419461022844190740 by <@178165057102938112>/FrelonMCR2/FrelonMCR2 : !warn <@178165057102938112>
[11:48:19.952] BOT MESSAGE : 419461023687376896 mentioning @178165057102938112
[11:48:52.195] MESSAGE 419461158932840448 by <@178165057102938112>/FrelonMCR2/FrelonMCR2 : !warn <@178165057102938112>
[11:48:52.374] DELETED MESSAGE 419461158932840448 by <@178165057102938112>/FrelonMCR2/FrelonMCR2 : !warn <@178165057102938112>
[11:49:13.675] MESSAGE 419461248636289036 by <@178165057102938112>/FrelonMCR2/FrelonMCR2 : !warn <@178165057102938112> Frelon est trop  intelligent
[11:49:13.865] BOT MESSAGE : 419461249785659392
[11:49:13.865] DELETED MESSAGE 419461248636289036 by <@178165057102938112>/FrelonMCR2/FrelonMCR2 : !warn <@178165057102938112> Frelon est trop  intelligent
[11:49:45.509] MESSAGE 419461382526730240 by <@178165057102938112>/FrelonMCR2/FrelonMCR2 : !profil <@178165057102938112>
[11:49:45.700] DELETED MESSAGE 419461382526730240 by <@178165057102938112>/FrelonMCR2/FrelonMCR2 : !profil <@178165057102938112>
[11:49:45.702] BOT MESSAGE : 419461383256801284
[11:49:45.716] MESSAGE UPDATE 419461383256801284 by <@399489474205319179>/Boaki Actu's bot/Boaki Actu's bot : 
[11:50:36.035] MESSAGE 419461594175766529 by <@178165057102938112>/FrelonMCR2/FrelonMCR2 : !warn <@178165057102938112>
[11:50:36.213] DELETED MESSAGE 419461594175766529 by <@178165057102938112>/FrelonMCR2/FrelonMCR2 : !warn <@178165057102938112>
[11:50:43.070] MESSAGE 419461623993073664 by <@178165057102938112>/FrelonMCR2/FrelonMCR2 : !warn <@178165057102938112> Poulpe
[11:50:43.244] DELETED MESSAGE 419461623993073664 by <@178165057102938112>/FrelonMCR2/FrelonMCR2 : !warn <@178165057102938112> Poulpe
[11:50:43.298] BOT MESSAGE : 419461624823545857 mentioning @178165057102938112 : Poulpe
[11:52:14.795] MESSAGE 419462008702894080 by <@178165057102938112>/FrelonMCR2/FrelonMCR2 : !warn <@178165057102938112> Trop intelligent
[11:52:51.943] MESSAGE 419462164194263061 by <@178165057102938112>/FrelonMCR2/FrelonMCR2 : !warn <@178165057102938112> Trop intelligent
[11:52:52.125] DELETED MESSAGE 419462164194263061 by <@178165057102938112>/FrelonMCR2/FrelonMCR2 : !warn <@178165057102938112> Trop intelligent
[11:52:52.146] BOT MESSAGE : 419462165154758657
[11:56:24.343] MESSAGE 419463055395782656 by <@178165057102938112>/FrelonMCR2/FrelonMCR2 : Je la cherche depuis des jours entiers cette méthode ufeyguexg,xeyuegxneui
[11:56:25.050] MESSAGE 419463058088525827 by <@178165057102938112>/FrelonMCR2/FrelonMCR2 : https://discord.js.org/#/docs/main/stable/class/Client?scrollTo=fetchUser
[11:56:25.325] MESSAGE UPDATE 419463058088525827 by <@178165057102938112>/FrelonMCR2/FrelonMCR2 : https://discord.js.org/#/docs/main/stable/class/Client?scrollTo=fetchUser
[11:57:04.935] MESSAGE 419463225508233228 by <@178165057102938112>/FrelonMCR2/FrelonMCR2 : Jvais devoir recoder pleins de trucs mais au final ce sera beaucoup mieux (plus rapide pour le bot, ça simplifiera des trucs et ça corrigera des bugs)
[11:58:49.649] MESSAGE 419463664781754378 by <@178165057102938112>/FrelonMCR2/FrelonMCR2 : !profil FrelonMCR2
[11:58:49.837] BOT MESSAGE : 419463665603837952
[11:58:49.885] DELETED MESSAGE 419463664781754378 by <@178165057102938112>/FrelonMCR2/FrelonMCR2 : !profil FrelonMCR2
[11:58:49.887] MESSAGE UPDATE 419463665603837952 by <@399489474205319179>/Boaki Actu's bot/Boaki Actu's bot : 
[12:00:29.540] MESSAGE 419464083398590468 by <@178165057102938112>/FrelonMCR2/FrelonMCR2 : Récupérer un objet User depuis une ID (En gros on appel discord pour lui demander a quel utilisateur appartient cette ID, et il nous renvoi toutes les infos possibles et imaginables sur l'utilisateur)
[12:25:04.326] MESSAGE 419470269099278337 by <@!238969660765241355>/minecraft89/wawaque : ok 😃
[18:46:52.124] MESSAGE 419566350642708491 by <@178165057102938112>/FrelonMCR2/FrelonMCR2 : Oki réfléchirais j'te dirais
[19:50:53.203] MESSAGE 419582460934881281 by <@!238969660765241355>/minecraft89/wawaque : ok
[19:51:01.667] MESSAGE 419582496317898753 by <@!238969660765241355>/minecraft89/wawaque : au moin jme sens pas inutile xd <@178165057102938112>
[19:54:34.028] MESSAGE 419583387720744970 by <@178165057102938112>/FrelonMCR2/FrelonMCR2 : Prépare toi à la modération et lit ça xD (Ca changera peut être un peu quand j'aurais recodé mais pas de grand chose)
[19:54:34.643] MESSAGE 419583390271012864 by <@178165057102938112>/FrelonMCR2/FrelonMCR2 : !doc
[19:54:34.862] BOT MESSAGE : 419583390967267348 mentioning @178165057102938112
[19:54:34.864] DELETED MESSAGE 419583390271012864 by <@178165057102938112>/FrelonMCR2/FrelonMCR2 : !doc
[19:54:36.578] BOT MESSAGE : 419583398063898625
[20:02:53.040] MESSAGE 419585480703606794 by <@!238969660765241355>/minecraft89/wawaque : ok jregarde ça
[20:04:37.509] MESSAGE 419585918790402069 by <@!238969660765241355>/minecraft89/wawaque : !doc
[20:04:37.722] BOT MESSAGE : 419585919335792642 mentioning @!238969660765241355
[20:04:37.724] DELETED MESSAGE 419585918790402069 by <@!238969660765241355>/minecraft89/wawaque : !doc
[20:04:38.952] BOT MESSAGE : 419585924490592258
[20:05:25.019] MESSAGE 419586117592154114 by <@!238969660765241355>/minecraft89/wawaque : j'ai dis quoi 😢
[20:05:58.918] MESSAGE 419586260324057088 by <@178165057102938112>/FrelonMCR2/FrelonMCR2 : Il fallait  bien un exemple sérieux parmi les 2 ahah
[20:06:26.691] MESSAGE 419586376548352011 by <@!238969660765241355>/minecraft89/wawaque : xD
[20:08:06.617] MESSAGE 419586795915706368 by <@178165057102938112>/FrelonMCR2/FrelonMCR2 : Si tu veux tu peux faire un petit !log et regarder le format d'enregistrement des infos. Il est entièrement généré par le bot.
[20:08:26.397] MESSAGE 419586877885120513 by <@!238969660765241355>/minecraft89/wawaque : !log
[20:08:26.634] DELETED MESSAGE 419586877885120513 by <@!238969660765241355>/minecraft89/wawaque : !log
[20:08:26.973] BOT MESSAGE : 419586881139900436
[20:11:04.590] MESSAGE 419587542384640001 by <@!238969660765241355>/minecraft89/wawaque : parfait
[20:51:41.526] MESSAGE 419597763383263242 by <@178165057102938112>/FrelonMCR2/FrelonMCR2 : La version 11.3.1 de discord.js qui sort à l'instant ^^
[20:52:46.103] MESSAGE 419598034406473728 by <@!238969660765241355>/minecraft89/wawaque : elle ajoute des trucs interessant ?
[20:54:29.654] MESSAGE 419598468202364930 by <@!238969660765241355>/minecraft89/wawaque : https://www.npmjs.com/package/discord-rpc
[20:54:30.431] MESSAGE UPDATE 419598468202364930 by <@!238969660765241355>/minecraft89/wawaque : https://www.npmjs.com/package/discord-rpc
[20:54:33.074] MESSAGE 419598482601541632 by <@!238969660765241355>/minecraft89/wawaque : ça sert a quoi ça ?
[21:00:13.104] MESSAGE 419599909184864257 by <@178165057102938112>/FrelonMCR2/FrelonMCR2 : Aucune idée
[21:00:21.654] MESSAGE 419599945105014804 by <@!238969660765241355>/minecraft89/wawaque : ok xD
[21:00:41.081] MESSAGE 419600025908150283 by <@178165057102938112>/FrelonMCR2/FrelonMCR2 : "We're finally releasing 11.3.1 @everyone!

This release focuses on fixes found in 11.3 and continued fixes from 11.2. If you were worried about your bot typing indefinitely and not being able to control it, well that's all resolved now. If you're one of those few who actually use audit logs, it won't throw cryptic errors about the wrong permissions missing now, as well.

Here are the changes officially listed: https://github.com/hydrabolt/discord.js/releases/tag/11.3.1"
[21:01:01.907] MESSAGE 419600113850384385 by <@178165057102938112>/FrelonMCR2/FrelonMCR2 : (La mention everyone était pas volontaire xD)
[21:01:06.921] MESSAGE UPDATE 419600025908150283 by <@178165057102938112>/FrelonMCR2/FrelonMCR2 : "We're finally releasing 11.3.1 everyone!

This release focuses on fixes found in 11.3 and continued fixes from 11.2. If you were worried about your bot typing indefinitely and not being able to control it, well that's all resolved now. If you're one of those few who actually use audit logs, it won't throw cryptic errors about the wrong permissions missing now, as well.

Here are the changes officially listed: https://github.com/hydrabolt/discord.js/releases/tag/11.3.1"
[21:01:15.773] DELETED MESSAGE 419600113850384385 by <@178165057102938112>/FrelonMCR2/FrelonMCR2 : (La mention everyone était pas volontaire xD)
[21:02:19.488] MESSAGE 419600439202283530 by <@!238969660765241355>/minecraft89/wawaque : tu pense que des logs audio c'est utile ou pas ?
[21:02:27.668] MESSAGE 419600473306431501 by <@!238969660765241355>/minecraft89/wawaque : ou c'est trop lourd/inutile ?
[21:02:52.900] MESSAGE 419600579271196684 by <@!238969660765241355>/minecraft89/wawaque : (genre au pire ça se suprimme tout les 3jours bref un truc du genre)
[21:03:27.885] MESSAGE 419600725941944322 by <@178165057102938112>/FrelonMCR2/FrelonMCR2 : Jsais pas de quel façon c'est enregistré enfait, mais c'est vrai que ca risque d'être lourd
[21:03:31.732] MESSAGE 419600741947146261 by <@!238969660765241355>/minecraft89/wawaque : a
[21:03:46.169] MESSAGE 419600802777137161 by <@178165057102938112>/FrelonMCR2/FrelonMCR2 : Pour l'utilité que  ça fait je pense pas que c'est usefull
[21:04:05.949] MESSAGE 419600885635874828 by <@!238969660765241355>/minecraft89/wawaque : ta desactivé le tts ou c'est parce que j'ai la perm ?
[21:04:10.622] MESSAGE 419600905076342796 by <@!238969660765241355>/minecraft89/wawaque : parce que les gens qui font :
[21:04:13.145] MESSAGE 419600916052705290 by <@!238969660765241355>/minecraft89/wawaque : wwwwwwww
[21:04:22.021] MESSAGE 419600952899797012 by <@!238969660765241355>/minecraft89/wawaque : c'est chiant
[21:04:49.603] MESSAGE 419601060592877578 by <@178165057102938112>/FrelonMCR2/FrelonMCR2 : Parceque t'es modérateur
[21:04:54.899] MESSAGE 419601090799992843 by <@178165057102938112>/FrelonMCR2/FrelonMCR2 : Les autres n'ont pa la perm
[21:04:57.113] MESSAGE UPDATE 419601090799992843 by <@178165057102938112>/FrelonMCR2/FrelonMCR2 : Les autres n'ont pas la perm
[21:05:01.687] MESSAGE 419601119593889802 by <@!238969660765241355>/minecraft89/wawaque : ok heuresement
[21:05:22.297] MESSAGE 419601205946220554 by <@178165057102938112>/FrelonMCR2/FrelonMCR2 : Ah
[21:05:24.408] MESSAGE 419601214456594443 by <@178165057102938112>/FrelonMCR2/FrelonMCR2 : "ClientUser#setGame, use ClientUser#setActivity instead"
[21:06:10.624] MESSAGE 419601408753664010 by <@178165057102938112>/FrelonMCR2/FrelonMCR2 : C'est utilisé dans mon bot, faudra que je fasse la modif
[21:06:19.648] MESSAGE 419601446217187330 by <@178165057102938112>/FrelonMCR2/FrelonMCR2 : 
[21:06:50.238] MESSAGE 419601574927663135 by <@!238969660765241355>/minecraft89/wawaque : ah ça a changé ?
[21:07:07.878] MESSAGE 419601648646750209 by <@178165057102938112>/FrelonMCR2/FrelonMCR2 : Ici plutot x)
[21:07:11.072] MESSAGE 419601662164992010 by <@178165057102938112>/FrelonMCR2/FrelonMCR2 : Ouai enfait
[21:07:14.449] MESSAGE 419601676320899084 by <@!238969660765241355>/minecraft89/wawaque : ok
[21:07:26.441] MESSAGE 419601726396563469 by <@178165057102938112>/FrelonMCR2/FrelonMCR2 : Maintenant c'est dans les deprecations
[21:07:30.963] MESSAGE 419601745589698571 by <@178165057102938112>/FrelonMCR2/FrelonMCR2 : Usage déconseillé
[21:07:41.325] MESSAGE 419601788967059456 by <@178165057102938112>/FrelonMCR2/FrelonMCR2 : Donc ca renvoi des messages en disant "pas content c'est déconseillé" dans la console
[21:07:41.845] MESSAGE 419601791378915358 by <@!238969660765241355>/minecraft89/wawaque : ah oui
[21:07:47.361] DELETED MESSAGE 419601446217187330 by <@178165057102938112>/FrelonMCR2/FrelonMCR2 : 
[21:08:11.013] MESSAGE 419601913500401718 by <@!238969660765241355>/minecraft89/wawaque : c'est pratique glogg
[21:08:14.354] MESSAGE 419601927224164365 by <@178165057102938112>/FrelonMCR2/FrelonMCR2 : Ouaip
[21:08:31.431] MESSAGE 419601999156346900 by <@!238969660765241355>/minecraft89/wawaque : parce qu'avec le bloc note : illisible
[21:08:36.653] MESSAGE 419602021268848640 by <@178165057102938112>/FrelonMCR2/FrelonMCR2 : yep
[21:09:55.128] MESSAGE 419602349934247969 by <@!238969660765241355>/minecraft89/wawaque : c'est debile qu'on puisse ouvrir des images avec des editeurs de texte
[21:10:24.992] MESSAGE 419602475113381900 by <@178165057102938112>/FrelonMCR2/FrelonMCR2 : Ca dois servir pour étudier l'encodage, soit a 1 personne sur 3 milliards environ
[21:10:35.442] MESSAGE 419602519484792842 by <@!238969660765241355>/minecraft89/wawaque : xD
[21:14:48.038] MESSAGE 419603578722713601 by <@!238969660765241355>/minecraft89/wawaque : mon Temp pèse 14.2go  c'est beaucoup ou pas xd (pour un dossier temp)?
[21:20:13.741] MESSAGE 419604944782360577 by <@178165057102938112>/FrelonMCR2/FrelonMCR2 : Ma réponse :
[21:20:14.342] MESSAGE 419604947332628492 by <@178165057102938112>/FrelonMCR2/FrelonMCR2 : https://www.ccleaner.com/ccleaner/download
[21:20:17.534] MESSAGE 419604960976830464 by <@178165057102938112>/FrelonMCR2/FrelonMCR2 : Le mien fait 40 Mo
[21:20:39.644] MESSAGE 419605053687463956 by <@!238969660765241355>/minecraft89/wawaque : xDD ah oui quand meme