[08:54:21.860] MESSAGE 421229183734382594 by <@238969660765241355>/minecraft89/minecraft89 in channel "notes" : - Commande pour recuperer un type de chose specifique dans les logs ex !log <date> [command;message;etc]
[08:54:36.634] MESSAGE UPDATE 421229183734382594 by <@238969660765241355>/minecraft89/minecraft89 : - Commande pour recuperer un type de chose specifique dans les logs ex !log <date> [command;message;etc] [pseudo]
[08:55:10.652] MESSAGE 421229388814745600 by <@238969660765241355>/minecraft89/minecraft89 in channel "notes" : genre apparement un mec a insulté mais il a supr son msg bah on crée un fichier log avec que son pseudo au moin on sfais pas chier
[08:55:19.381] MESSAGE 421229425468899328 by <@238969660765241355>/minecraft89/minecraft89 in channel "notes" : oui
[08:55:22.012] MESSAGE 421229436416032779 by <@238969660765241355>/minecraft89/minecraft89 in channel "notes" : tout a fait
[08:55:23.450] MESSAGE 421229442409562113 by <@238969660765241355>/minecraft89/minecraft89 in channel "notes" : mais bon
[08:55:27.813] MESSAGE 421229460730413057 by <@238969660765241355>/minecraft89/minecraft89 in channel "notes" : c'est plus pratique
[08:57:05.119] DELETED MESSAGE 421229460730413057 by <@238969660765241355>/minecraft89/minecraft89 : c'est plus pratique
[08:57:05.283] DELETED MESSAGE 421229442409562113 by <@238969660765241355>/minecraft89/minecraft89 : mais bon
[08:57:06.997] DELETED MESSAGE 421229436416032779 by <@238969660765241355>/minecraft89/minecraft89 : tout a fait
[08:57:07.155] DELETED MESSAGE 421229425468899328 by <@238969660765241355>/minecraft89/minecraft89 : oui
[09:03:04.963] MESSAGE 421231378059755520 by <@238969660765241355>/minecraft89/minecraft89 in channel "discussion" : ok
[09:03:28.149] MESSAGE 421231475460145162 by <@238969660765241355>/minecraft89/minecraft89 in channel "discussion" : j'en ai marre a chaque fois que je fais une maj des pilotes nvidia j'ai un écran noir pendant 15 minutes
[09:03:41.971] MESSAGE 421231533429620747 by <@238969660765241355>/minecraft89/minecraft89 in channel "discussion" : jdois prier pour pas avoir a redem mon pc parce que ça revien pas
[09:03:42.490] MESSAGE 421231535350349827 by <@238969660765241355>/minecraft89/minecraft89 in channel "discussion" : xd
[20:35:51.862] MESSAGE 421405721012338699 by <@238969660765241355>/minecraft89/minecraft89 in channel "discussion" : oui
[20:36:01.653] MESSAGE 421405762116517909 by <@238969660765241355>/minecraft89/minecraft89 in channel "discussion" : !aide
[20:36:01.893] DELETED MESSAGE 421405762116517909 by <@238969660765241355>/minecraft89/minecraft89 : !aide
[20:36:29.457] MESSAGE 421405878911107078 by <@238969660765241355>/minecraft89/minecraft89 in channel "discussion" : fait
[20:38:49.771] MESSAGE 421406467468427294 by <@238969660765241355>/minecraft89/minecraft89 in channel "discussion" : ok 😄
