[08:49:08.923] MESSAGE 421227871391186945 by <@178165057102938112>/FrelonMCR2/FrelonMCR2 in channel "dev_bot" : Pouf génére moi le fichier de log du jour petit bot
[08:55:13.200] MESSAGE 421229399388585985 by <@178165057102938112>/FrelonMCR2/FrelonMCR2 in channel "notes" : (Autrement dit, le CTRL + F de Glogg)
[08:57:04.435] MESSAGE 421229865631612932 by <@178165057102938112>/FrelonMCR2/FrelonMCR2 in channel "notes" : !purge 6
[08:57:04.814] DELETED MESSAGE 421229865631612932 by <@178165057102938112>/FrelonMCR2/FrelonMCR2 : !purge 6
[08:57:04.960] DELETED MESSAGE 421229823176998913 by <@178165057102938112>/FrelonMCR2/FrelonMCR2 : !purge 5
[08:57:07.328] DELETED MESSAGE 421229399388585985 by <@178165057102938112>/FrelonMCR2/FrelonMCR2 : (Autrement dit, le CTRL + F de Glogg)
[08:57:25.771] MESSAGE 421229955498639360 by <@178165057102938112>/FrelonMCR2/FrelonMCR2 in channel "discussion" : Mouai ça peut être cool
[09:04:13.821] MESSAGE 421231666938249217 by <@178165057102938112>/FrelonMCR2/FrelonMCR2 in channel "discussion" : x)
[09:11:30.322] MESSAGE 421233497538035714 by <@178165057102938112>/FrelonMCR2/FrelonMCR2 in channel "dev_bot" : !adminProfil
[09:11:30.508] DELETED MESSAGE 421233497538035714 by <@178165057102938112>/FrelonMCR2/FrelonMCR2 : !adminProfil
[09:11:44.514] MESSAGE 421233556971323397 by <@178165057102938112>/FrelonMCR2/FrelonMCR2 in channel "dev_bot" : !adminProfil <@178165057102938112>
[09:11:44.686] DELETED MESSAGE 421233556971323397 by <@178165057102938112>/FrelonMCR2/FrelonMCR2 : !adminProfil <@178165057102938112>
[09:11:51.534] MESSAGE 421233586788630548 by <@178165057102938112>/FrelonMCR2/FrelonMCR2 in channel "dev_bot" : !adminProfil <@178165057102938112> 47
[09:11:51.741] DELETED MESSAGE 421233586788630548 by <@178165057102938112>/FrelonMCR2/FrelonMCR2 : !adminProfil <@178165057102938112> 47
[09:12:06.280] MESSAGE 421233648625254400 by <@178165057102938112>/FrelonMCR2/FrelonMCR2 in channel "dev_bot" : !adminProfil erfccger 47
[09:12:06.477] DELETED MESSAGE 421233648625254400 by <@178165057102938112>/FrelonMCR2/FrelonMCR2 : !adminProfil erfccger 47
[09:13:19.041] MESSAGE 421233953840562176 by <@178165057102938112>/FrelonMCR2/FrelonMCR2 in channel "dev_bot" : !adminProfil <@178165057102938112> 2
[09:13:33.358] MESSAGE 421234013714513921 by <@178165057102938112>/FrelonMCR2/FrelonMCR2 in channel "dev_bot" : !adminProfil <@178165057102938112> 2
[09:13:33.693] DELETED MESSAGE 421234013714513921 by <@178165057102938112>/FrelonMCR2/FrelonMCR2 : !adminProfil <@178165057102938112> 2
[09:14:12.358] MESSAGE 421234177451753482 by <@178165057102938112>/FrelonMCR2/FrelonMCR2 in channel "dev_bot" : !adminProfil <@178165057102938112> 2
[09:14:12.532] DELETED MESSAGE 421234177451753482 by <@178165057102938112>/FrelonMCR2/FrelonMCR2 : !adminProfil <@178165057102938112> 2
[09:14:33.566] MESSAGE 421234265989054465 by <@178165057102938112>/FrelonMCR2/FrelonMCR2 in channel "dev_bot" : !profil <@178165057102938112>
[09:14:33.779] DELETED MESSAGE 421234265989054465 by <@178165057102938112>/FrelonMCR2/FrelonMCR2 : !profil <@178165057102938112>
[09:14:40.528] MESSAGE 421234295630200832 by <@178165057102938112>/FrelonMCR2/FrelonMCR2 in channel "dev_bot" : !adminProfil <@178165057102938112> 1
[09:14:40.695] DELETED MESSAGE 421234295630200832 by <@178165057102938112>/FrelonMCR2/FrelonMCR2 : !adminProfil <@178165057102938112> 1
[09:14:42.360] MESSAGE 421234303268028426 by <@178165057102938112>/FrelonMCR2/FrelonMCR2 in channel "dev_bot" : !profil
[09:14:42.558] DELETED MESSAGE 421234303268028426 by <@178165057102938112>/FrelonMCR2/FrelonMCR2 : !profil
[09:16:24.748] MESSAGE 421234732735397908 by <@178165057102938112>/FrelonMCR2/FrelonMCR2 in channel "dev_bot" : !mentionWiloki <@238969660765241355> 6
[09:16:24.917] DELETED MESSAGE 421234732735397908 by <@178165057102938112>/FrelonMCR2/FrelonMCR2 : !mentionWiloki <@238969660765241355> 6
[09:16:28.516] MESSAGE 421234748199796778 by <@178165057102938112>/FrelonMCR2/FrelonMCR2 in channel "dev_bot" : !profil <@238969660765241355>
[09:16:28.689] DELETED MESSAGE 421234748199796778 by <@178165057102938112>/FrelonMCR2/FrelonMCR2 : !profil <@238969660765241355>
[09:16:46.021] MESSAGE 421234821969346570 by <@178165057102938112>/FrelonMCR2/FrelonMCR2 in channel "dev_bot" : !mentionWiloki <@238969660765241355> 0
[09:16:46.186] DELETED MESSAGE 421234821969346570 by <@178165057102938112>/FrelonMCR2/FrelonMCR2 : !mentionWiloki <@238969660765241355> 0
[09:16:51.567] MESSAGE 421234845075898369 by <@178165057102938112>/FrelonMCR2/FrelonMCR2 in channel "dev_bot" : !profil <@238969660765241355>
[09:16:51.743] DELETED MESSAGE 421234845075898369 by <@178165057102938112>/FrelonMCR2/FrelonMCR2 : !profil <@238969660765241355>
[09:17:17.436] MESSAGE 421234953565503490 by <@178165057102938112>/FrelonMCR2/FrelonMCR2 in channel "dev_bot" : !profil <@238969660765241355>
[09:17:17.604] DELETED MESSAGE 421234953565503490 by <@178165057102938112>/FrelonMCR2/FrelonMCR2 : !profil <@238969660765241355>
[19:56:24.032] MESSAGE 421395789928071178 by <@178165057102938112>/FrelonMCR2/FrelonMCR2 in channel "dev_bot" : !log 2018-03-08 command
[19:56:59.183] MESSAGE 421395936959266819 by <@178165057102938112>/FrelonMCR2/FrelonMCR2 in channel "dev_bot" : !log 2018-03-08 command
[19:58:08.666] MESSAGE 421396228794875914 by <@178165057102938112>/FrelonMCR2/FrelonMCR2 in channel "dev_bot" : !log 2018-03-08 command
[19:58:58.719] MESSAGE 421396438744956939 by <@178165057102938112>/FrelonMCR2/FrelonMCR2 in channel "dev_bot" : !log 2018-03-08 command
[19:59:46.955] MESSAGE 421396640977649664 by <@178165057102938112>/FrelonMCR2/FrelonMCR2 in channel "dev_bot" : !log 2018-03-08 command
[20:00:10.800] MESSAGE 421396740785307656 by <@178165057102938112>/FrelonMCR2/FrelonMCR2 in channel "dev_bot" : !log 2018-03-08 command
[20:02:08.658] MESSAGE 421397234983239714 by <@178165057102938112>/FrelonMCR2/FrelonMCR2 in channel "dev_bot" : !log 2018-03-08 command
[20:02:48.790] MESSAGE 421397403485339659 by <@178165057102938112>/FrelonMCR2/FrelonMCR2 in channel "dev_bot" : !log 2018-03-08 command
[20:09:31.537] MESSAGE 421399092628029441 by <@178165057102938112>/FrelonMCR2/FrelonMCR2 in channel "dev_bot" : !log 2018-03-08 command
[20:09:31.718] DELETED MESSAGE 421399092628029441 by <@178165057102938112>/FrelonMCR2/FrelonMCR2 : !log 2018-03-08 command
[20:11:33.479] MESSAGE 421399604395769866 by <@178165057102938112>/FrelonMCR2/FrelonMCR2 in channel "dev_bot" : !log 2018-03-08 command
[20:11:33.658] DELETED MESSAGE 421399604395769866 by <@178165057102938112>/FrelonMCR2/FrelonMCR2 : !log 2018-03-08 command
[20:12:04.588] MESSAGE 421399734746349569 by <@178165057102938112>/FrelonMCR2/FrelonMCR2 in channel "dev_bot" : !log 2018-03-08 command
[20:12:30.840] MESSAGE 421399844947623939 by <@178165057102938112>/FrelonMCR2/FrelonMCR2 in channel "dev_bot" : !log 2018-03-08 command
[20:13:11.550] MESSAGE 421400015471378445 by <@178165057102938112>/FrelonMCR2/FrelonMCR2 in channel "dev_bot" : !log 2018-03-08 command
[20:14:46.583] MESSAGE 421400414290968576 by <@178165057102938112>/FrelonMCR2/FrelonMCR2 in channel "dev_bot" : !log 2018-03-08 command
[20:15:20.358] MESSAGE 421400555928289281 by <@178165057102938112>/FrelonMCR2/FrelonMCR2 in channel "dev_bot" : !log 2018-03-08 commabd
[20:15:20.554] DELETED MESSAGE 421400555928289281 by <@178165057102938112>/FrelonMCR2/FrelonMCR2 : !log 2018-03-08 commabd
[20:15:28.224] MESSAGE 421400588815958017 by <@178165057102938112>/FrelonMCR2/FrelonMCR2 in channel "dev_bot" : !log 2018-03-08 command
[20:16:14.337] MESSAGE 421400782169178125 by <@178165057102938112>/FrelonMCR2/FrelonMCR2 in channel "dev_bot" : !log 2018-03-08 command
[20:18:20.445] MESSAGE 421401311272108053 by <@178165057102938112>/FrelonMCR2/FrelonMCR2 in channel "dev_bot" : !log 2018-03-08 command
[20:19:37.828] MESSAGE 421401635735207946 by <@178165057102938112>/FrelonMCR2/FrelonMCR2 in channel "dev_bot" : !log 2018-03-08 command
[20:21:07.772] MESSAGE 421402012920578049 by <@178165057102938112>/FrelonMCR2/FrelonMCR2 in channel "dev_bot" : !log 2018-03-08 command
[20:21:24.223] MESSAGE 421402081916747807 by <@178165057102938112>/FrelonMCR2/FrelonMCR2 in channel "dev_bot" : !log 2018-03-08 command
[20:21:24.411] DELETED MESSAGE 421402081916747807 by <@178165057102938112>/FrelonMCR2/FrelonMCR2 : !log 2018-03-08 command
[20:22:31.761] MESSAGE 421402365350903818 by <@178165057102938112>/FrelonMCR2/FrelonMCR2 in channel "dev_bot" : !log 2018-03-08 command
[20:23:55.070] MESSAGE 421402714745077760 by <@178165057102938112>/FrelonMCR2/FrelonMCR2 in channel "dev_bot" : !log 2018-03-08 command
[20:23:55.424] DELETED MESSAGE 421402714745077760 by <@178165057102938112>/FrelonMCR2/FrelonMCR2 : !log 2018-03-08 command
[20:25:16.213] MESSAGE 421403055129624596 by <@178165057102938112>/FrelonMCR2/FrelonMCR2 in channel "dev_bot" : !log 2018-13-08 message
[20:25:16.383] DELETED MESSAGE 421403055129624596 by <@178165057102938112>/FrelonMCR2/FrelonMCR2 : !log 2018-13-08 message
[20:25:29.254] MESSAGE 421403109550718977 by <@178165057102938112>/FrelonMCR2/FrelonMCR2 in channel "dev_bot" : !log 2018-03-08 message
[20:25:29.438] DELETED MESSAGE 421403109550718977 by <@178165057102938112>/FrelonMCR2/FrelonMCR2 : !log 2018-03-08 message
[20:27:08.576] MESSAGE 421403526132924428 by <@178165057102938112>/FrelonMCR2/FrelonMCR2 in channel "dev_bot" : fzcf
[20:27:09.536] MESSAGE UPDATE 421403526132924428 by <@178165057102938112>/FrelonMCR2/FrelonMCR2 : fzc
[20:28:29.589] MESSAGE 421403866009960458 by <@178165057102938112>/FrelonMCR2/FrelonMCR2 in channel "dev_bot" : !log 2018-03-08 voiceUpdate
[20:28:29.777] DELETED MESSAGE 421403866009960458 by <@178165057102938112>/FrelonMCR2/FrelonMCR2 : !log 2018-03-08 voiceUpdate
[20:28:49.499] MESSAGE 421403949724073994 by <@178165057102938112>/FrelonMCR2/FrelonMCR2 in channel "dev_bot" : !log 2018-03-08 voiceupdate
[20:28:49.714] DELETED MESSAGE 421403949724073994 by <@178165057102938112>/FrelonMCR2/FrelonMCR2 : !log 2018-03-08 voiceupdate
[20:29:21.006] VOICE STATE UPDATE  by <@178165057102938112>/FrelonMCR2/FrelonMCR2 : muted in channel Vocal Admin
[20:29:22.277] VOICE STATE UPDATE  by <@178165057102938112>/FrelonMCR2/FrelonMCR2 : muted in channel Salon des modérateurs
[20:29:22.995] VOICE STATE UPDATE  by <@178165057102938112>/FrelonMCR2/FrelonMCR2 : muted in channel Vocal Admin
[20:29:23.878] VOICE STATE UPDATE  by <@178165057102938112>/FrelonMCR2/FrelonMCR2 : unmuted in channel Vocal Admin
[20:29:24.299] VOICE STATE UPDATE  by <@178165057102938112>/FrelonMCR2/FrelonMCR2 : muted in channel Vocal Admin
[20:29:25.302] VOICE STATE UPDATE  by <@178165057102938112>/FrelonMCR2/FrelonMCR2 : muted in channel Salon des modérateurs
[20:29:25.912] VOICE STATE UPDATE  by <@178165057102938112>/FrelonMCR2/FrelonMCR2 : muted in channel Vocal Admin
[20:29:27.617] VOICE STATE UPDATE  by <@178165057102938112>/FrelonMCR2/FrelonMCR2 : disconnection
[20:29:39.856] MESSAGE 421404160945291265 by <@178165057102938112>/FrelonMCR2/FrelonMCR2 in channel "dev_bot" : !log 2018-03-08 voiceupdate
[20:29:40.025] DELETED MESSAGE 421404160945291265 by <@178165057102938112>/FrelonMCR2/FrelonMCR2 : !log 2018-03-08 voiceupdate
[20:31:39.714] MESSAGE 421404663557128193 by <@178165057102938112>/FrelonMCR2/FrelonMCR2 in channel "dev_bot" : !log 2018-03-08 command
[20:31:39.894] DELETED MESSAGE 421404663557128193 by <@178165057102938112>/FrelonMCR2/FrelonMCR2 : !log 2018-03-08 command
[20:32:28.847] MESSAGE 421404869656576011 by <@178165057102938112>/FrelonMCR2/FrelonMCR2 in channel "dev_bot" : !log 2018-03-08 command
[20:32:29.033] DELETED MESSAGE 421404869656576011 by <@178165057102938112>/FrelonMCR2/FrelonMCR2 : !log 2018-03-08 command
[20:33:45.046] MESSAGE 421405189006819343 by <@178165057102938112>/FrelonMCR2/FrelonMCR2 in channel "dev_bot" : !log 2018-03-08 command
[20:33:45.213] DELETED MESSAGE 421405189006819343 by <@178165057102938112>/FrelonMCR2/FrelonMCR2 : !log 2018-03-08 command
[20:34:15.063] MESSAGE 421405314810904577 by <@178165057102938112>/FrelonMCR2/FrelonMCR2 in channel "dev_bot" : !log 2018-03-08 command
[20:34:15.235] DELETED MESSAGE 421405314810904577 by <@178165057102938112>/FrelonMCR2/FrelonMCR2 : !log 2018-03-08 command
[20:34:57.757] MESSAGE 421405494188572673 by <@178165057102938112>/FrelonMCR2/FrelonMCR2 in channel "dev_bot" : !log 2018-03-08 command
[20:34:57.932] DELETED MESSAGE 421405494188572673 by <@178165057102938112>/FrelonMCR2/FrelonMCR2 : !log 2018-03-08 command
[20:35:26.522] MESSAGE 421405614980464650 by <@178165057102938112>/FrelonMCR2/FrelonMCR2 in channel "dev_bot" : !log 2018-03-08 command <@178165057102938112>
[20:35:26.694] DELETED MESSAGE 421405614980464650 by <@178165057102938112>/FrelonMCR2/FrelonMCR2 : !log 2018-03-08 command <@178165057102938112>
[20:35:43.473] MESSAGE 421405685540978690 by <@178165057102938112>/FrelonMCR2/FrelonMCR2 in channel "discussion" : <@238969660765241355> ?
[20:35:56.349] MESSAGE 421405739710414860 by <@178165057102938112>/FrelonMCR2/FrelonMCR2 in channel "discussion" : Fait une commande stp, n'importe laquel
[20:36:29.365] MESSAGE 421405878546071582 by <@178165057102938112>/FrelonMCR2/FrelonMCR2 in channel "discussion" : ty
[20:36:31.309] MESSAGE 421405886242750466 by <@178165057102938112>/FrelonMCR2/FrelonMCR2 in channel "discussion" : thanks
[20:36:46.728] MESSAGE 421405950847483905 by <@178165057102938112>/FrelonMCR2/FrelonMCR2 in channel "dev_bot" : !log 2018-03-08 command <@238969660765241355>
[20:36:46.921] DELETED MESSAGE 421405950847483905 by <@178165057102938112>/FrelonMCR2/FrelonMCR2 : !log 2018-03-08 command <@238969660765241355>
[20:37:39.461] MESSAGE 421406172432695307 by <@178165057102938112>/FrelonMCR2/FrelonMCR2 in channel "dev_bot" : !log 2018-03-08 message <@238969660765241355>
[20:37:39.717] DELETED MESSAGE 421406172432695307 by <@178165057102938112>/FrelonMCR2/FrelonMCR2 : !log 2018-03-08 message <@238969660765241355>
[20:38:28.876] MESSAGE 421406379719262209 by <@178165057102938112>/FrelonMCR2/FrelonMCR2 in channel "discussion" : Aufait, dans les logs les heures sont en GMT et non pas GMT+1, ça permet d'éviter les problèmes avec les heures d'été/hivers et tout ça
[20:39:26.380] MESSAGE 421406620791341057 by <@178165057102938112>/FrelonMCR2/FrelonMCR2 in channel "dev_bot" : !log 2018-03-07 voiceupdate <@178165057102938112>
[20:39:26.543] DELETED MESSAGE 421406620791341057 by <@178165057102938112>/FrelonMCR2/FrelonMCR2 : !log 2018-03-07 voiceupdate <@178165057102938112>
[20:41:41.905] MESSAGE 421407189035515927 by <@178165057102938112>/FrelonMCR2/FrelonMCR2 in channel "dev_bot" : t
[20:42:00.834] MESSAGE 421407268790337572 by <@178165057102938112>/FrelonMCR2/FrelonMCR2 in channel "dev_bot" : !log 2018-03-08 command <@178165057102938112>
[20:42:01.011] DELETED MESSAGE 421407268790337572 by <@178165057102938112>/FrelonMCR2/FrelonMCR2 : !log 2018-03-08 command <@178165057102938112>
[20:47:15.681] MESSAGE 421408589400375296 by <@178165057102938112>/FrelonMCR2/FrelonMCR2 in channel "dev_bot" : !log 2018-03-08 <@238969660765241355>
[20:48:39.860] MESSAGE 421408942430617609 by <@178165057102938112>/FrelonMCR2/FrelonMCR2 in channel "dev_bot" : !log 2018-03-08 <@238969660765241355>
[20:50:22.321] MESSAGE 421409372036661251 by <@178165057102938112>/FrelonMCR2/FrelonMCR2 in channel "dev_bot" : !log 2018-03-08 <@238969660765241355>
[20:50:52.714] MESSAGE 421409499417411586 by <@178165057102938112>/FrelonMCR2/FrelonMCR2 in channel "dev_bot" : !log 2018-03-08 <@238969660765241355>
[20:51:30.025] MESSAGE 421409656099962889 by <@178165057102938112>/FrelonMCR2/FrelonMCR2 in channel "dev_bot" : !log 2018-03-08 <@238969660765241355>
[20:52:37.690] MESSAGE 421409939903479808 by <@178165057102938112>/FrelonMCR2/FrelonMCR2 in channel "dev_bot" : !log 2018-03-08 <@238969660765241355>
[20:53:37.741] MESSAGE 421410191536554009 by <@178165057102938112>/FrelonMCR2/FrelonMCR2 in channel "dev_bot" : !log 2018-03-08 <@238969660765241355>
[20:56:52.520] MESSAGE 421411008482115585 by <@178165057102938112>/FrelonMCR2/FrelonMCR2 in channel "dev_bot" : !log 2018-03-08 <@238969660765241355>
[20:56:52.696] DELETED MESSAGE 421411008482115585 by <@178165057102938112>/FrelonMCR2/FrelonMCR2 : !log 2018-03-08 <@238969660765241355>
[20:57:19.281] MESSAGE 421411120876879903 by <@178165057102938112>/FrelonMCR2/FrelonMCR2 in channel "dev_bot" : !log 2018-03-08
[20:57:19.460] DELETED MESSAGE 421411120876879903 by <@178165057102938112>/FrelonMCR2/FrelonMCR2 : !log 2018-03-08
[20:57:20.915] MESSAGE 421411127780442113 by <@178165057102938112>/FrelonMCR2/FrelonMCR2 in channel "dev_bot" : !log
[20:57:21.085] DELETED MESSAGE 421411127780442113 by <@178165057102938112>/FrelonMCR2/FrelonMCR2 : !log
[20:57:23.851] MESSAGE 421411139881009180 by <@178165057102938112>/FrelonMCR2/FrelonMCR2 in channel "dev_bot" : !log
[20:57:24.045] DELETED MESSAGE 421411139881009180 by <@178165057102938112>/FrelonMCR2/FrelonMCR2 : !log
[20:57:32.897] MESSAGE 421411177915088897 by <@178165057102938112>/FrelonMCR2/FrelonMCR2 in channel "dev_bot" : !log 2018-03-08 <@178165057102938112>
[20:57:33.061] DELETED MESSAGE 421411177915088897 by <@178165057102938112>/FrelonMCR2/FrelonMCR2 : !log 2018-03-08 <@178165057102938112>
[20:59:32.126] MESSAGE 421411678153080843 by <@178165057102938112>/FrelonMCR2/FrelonMCR2 in channel "dev_bot" : !log
[20:59:32.311] DELETED MESSAGE 421411678153080843 by <@178165057102938112>/FrelonMCR2/FrelonMCR2 : !log
[20:59:33.979] MESSAGE 421411685644107777 by <@178165057102938112>/FrelonMCR2/FrelonMCR2 in channel "dev_bot" : !log
[20:59:34.178] DELETED MESSAGE 421411685644107777 by <@178165057102938112>/FrelonMCR2/FrelonMCR2 : !log
[21:00:52.725] MESSAGE 421412016234823690 by <@178165057102938112>/FrelonMCR2/FrelonMCR2 in channel "dev_bot" : !log
[21:00:52.895] DELETED MESSAGE 421412016234823690 by <@178165057102938112>/FrelonMCR2/FrelonMCR2 : !log
[21:02:12.617] MESSAGE 421412351166775300 by <@178165057102938112>/FrelonMCR2/FrelonMCR2 in channel "dev_bot" : !log
[21:02:12.821] DELETED MESSAGE 421412351166775300 by <@178165057102938112>/FrelonMCR2/FrelonMCR2 : !log
[21:03:43.200] MESSAGE 421412731288158228 by <@178165057102938112>/FrelonMCR2/FrelonMCR2 in channel "dev_bot" : !log 2018-03-08
[21:03:43.379] DELETED MESSAGE 421412731288158228 by <@178165057102938112>/FrelonMCR2/FrelonMCR2 : !log 2018-03-08
[21:05:00.517] MESSAGE 421413055457525781 by <@178165057102938112>/FrelonMCR2/FrelonMCR2 in channel "dev_bot" : !log 2018-03-08
[21:05:00.698] DELETED MESSAGE 421413055457525781 by <@178165057102938112>/FrelonMCR2/FrelonMCR2 : !log 2018-03-08
[21:05:35.683] MESSAGE 421413202874597377 by <@178165057102938112>/FrelonMCR2/FrelonMCR2 in channel "dev_bot" : !log
[21:05:35.887] DELETED MESSAGE 421413202874597377 by <@178165057102938112>/FrelonMCR2/FrelonMCR2 : !log
[21:06:02.650] MESSAGE 421413316217536538 by <@178165057102938112>/FrelonMCR2/FrelonMCR2 in channel "dev_bot" : !log 2018-03-07
[21:06:02.898] DELETED MESSAGE 421413316217536538 by <@178165057102938112>/FrelonMCR2/FrelonMCR2 : !log 2018-03-07
[21:07:27.664] MESSAGE 421413672460484610 by <@178165057102938112>/FrelonMCR2/FrelonMCR2 in channel "dev_bot" : !log
[21:07:27.852] DELETED MESSAGE 421413672460484610 by <@178165057102938112>/FrelonMCR2/FrelonMCR2 : !log
[21:08:03.899] MESSAGE 421413824734691338 by <@178165057102938112>/FrelonMCR2/FrelonMCR2 in channel "dev_bot" : !log 2018-03-08
[21:08:04.069] DELETED MESSAGE 421413824734691338 by <@178165057102938112>/FrelonMCR2/FrelonMCR2 : !log 2018-03-08
[21:08:13.010] MESSAGE 421413862991069204 by <@178165057102938112>/FrelonMCR2/FrelonMCR2 in channel "dev_bot" : !log
[21:08:13.216] DELETED MESSAGE 421413862991069204 by <@178165057102938112>/FrelonMCR2/FrelonMCR2 : !log
[21:08:48.695] MESSAGE 421414012648161280 by <@178165057102938112>/FrelonMCR2/FrelonMCR2 in channel "dev_bot" : !log
[21:08:48.861] DELETED MESSAGE 421414012648161280 by <@178165057102938112>/FrelonMCR2/FrelonMCR2 : !log
[21:08:53.085] MESSAGE 421414031002173449 by <@178165057102938112>/FrelonMCR2/FrelonMCR2 in channel "dev_bot" : !log
[21:08:53.321] DELETED MESSAGE 421414031002173449 by <@178165057102938112>/FrelonMCR2/FrelonMCR2 : !log
[21:09:35.736] MESSAGE 421414209948221450 by <@178165057102938112>/FrelonMCR2/FrelonMCR2 in channel "dev_bot" : !log 2018-03-08
[21:09:35.933] DELETED MESSAGE 421414209948221450 by <@178165057102938112>/FrelonMCR2/FrelonMCR2 : !log 2018-03-08
[21:09:36.734] MESSAGE 421414213756649473 by <@178165057102938112>/FrelonMCR2/FrelonMCR2 in channel "dev_bot" : !log
[21:09:36.919] DELETED MESSAGE 421414213756649473 by <@178165057102938112>/FrelonMCR2/FrelonMCR2 : !log
[21:09:45.789] MESSAGE 421414251677089794 by <@178165057102938112>/FrelonMCR2/FrelonMCR2 in channel "dev_bot" : !log
[21:09:45.969] DELETED MESSAGE 421414251677089794 by <@178165057102938112>/FrelonMCR2/FrelonMCR2 : !log
[21:09:47.015] MESSAGE 421414257259839498 by <@178165057102938112>/FrelonMCR2/FrelonMCR2 in channel "dev_bot" : !log
[21:09:47.204] DELETED MESSAGE 421414257259839498 by <@178165057102938112>/FrelonMCR2/FrelonMCR2 : !log
[21:10:14.453] MESSAGE 421414372158734337 by <@178165057102938112>/FrelonMCR2/FrelonMCR2 in channel "dev_bot" : !log
[21:10:14.618] DELETED MESSAGE 421414372158734337 by <@178165057102938112>/FrelonMCR2/FrelonMCR2 : !log
[21:10:15.624] MESSAGE 421414377120333844 by <@178165057102938112>/FrelonMCR2/FrelonMCR2 in channel "dev_bot" : !log
[21:10:15.789] DELETED MESSAGE 421414377120333844 by <@178165057102938112>/FrelonMCR2/FrelonMCR2 : !log
[21:10:22.755] MESSAGE 421414406790971393 by <@178165057102938112>/FrelonMCR2/FrelonMCR2 in channel "dev_bot" : !log t
[21:10:22.933] DELETED MESSAGE 421414406790971393 by <@178165057102938112>/FrelonMCR2/FrelonMCR2 : !log t
[21:12:25.675] MESSAGE 421414922434641931 by <@178165057102938112>/FrelonMCR2/FrelonMCR2 in channel "dev_bot" : \n pouf bug des logs
[21:12:44.131] MESSAGE 421415000071077889 by <@178165057102938112>/FrelonMCR2/FrelonMCR2 in channel "dev_bot" : !log 2018-03-08 <@178165057102938112>
[21:12:44.310] DELETED MESSAGE 421415000071077889 by <@178165057102938112>/FrelonMCR2/FrelonMCR2 : !log 2018-03-08 <@178165057102938112>
[21:13:28.627] MESSAGE 421415186759548938 by <@178165057102938112>/FrelonMCR2/FrelonMCR2 in channel "dev_bot" : !log 2018-03-08 command
[21:13:28.796] DELETED MESSAGE 421415186759548938 by <@178165057102938112>/FrelonMCR2/FrelonMCR2 : !log 2018-03-08 command
[21:14:17.407] DELETED MESSAGE 421414922434641931 by <@178165057102938112>/FrelonMCR2/FrelonMCR2 : \n pouf bug des logs
[21:15:57.317] MESSAGE 421415810393702404 by <@178165057102938112>/FrelonMCR2/FrelonMCR2 in channel "dev_bot" : !log 2018-03-08 <@178165057102938112>
[21:15:57.535] DELETED MESSAGE 421415810393702404 by <@178165057102938112>/FrelonMCR2/FrelonMCR2 : !log 2018-03-08 <@178165057102938112>
[21:16:06.025] MESSAGE 421415846926090240 by <@178165057102938112>/FrelonMCR2/FrelonMCR2 in channel "dev_bot" : !log 2018-03-08 <@178165057102938112>
[21:16:06.205] DELETED MESSAGE 421415846926090240 by <@178165057102938112>/FrelonMCR2/FrelonMCR2 : !log 2018-03-08 <@178165057102938112>
[21:16:33.582] MESSAGE 421415962366050314 by <@178165057102938112>/FrelonMCR2/FrelonMCR2 in channel "dev_bot" : !log 2018-03-08 <@178165057102938112>
