[08:57:04.435] MESSAGE 421229865631612932 by <@178165057102938112>/FrelonMCR2/FrelonMCR2 in channel "notes" : !purge 6
[09:11:30.322] MESSAGE 421233497538035714 by <@178165057102938112>/FrelonMCR2/FrelonMCR2 in channel "dev_bot" : !adminProfil
[09:11:44.514] MESSAGE 421233556971323397 by <@178165057102938112>/FrelonMCR2/FrelonMCR2 in channel "dev_bot" : !adminProfil <@178165057102938112>
[09:11:51.534] MESSAGE 421233586788630548 by <@178165057102938112>/FrelonMCR2/FrelonMCR2 in channel "dev_bot" : !adminProfil <@178165057102938112> 47
[09:12:06.280] MESSAGE 421233648625254400 by <@178165057102938112>/FrelonMCR2/FrelonMCR2 in channel "dev_bot" : !adminProfil erfccger 47
[09:13:19.041] MESSAGE 421233953840562176 by <@178165057102938112>/FrelonMCR2/FrelonMCR2 in channel "dev_bot" : !adminProfil <@178165057102938112> 2
[09:13:33.358] MESSAGE 421234013714513921 by <@178165057102938112>/FrelonMCR2/FrelonMCR2 in channel "dev_bot" : !adminProfil <@178165057102938112> 2
[09:14:12.358] MESSAGE 421234177451753482 by <@178165057102938112>/FrelonMCR2/FrelonMCR2 in channel "dev_bot" : !adminProfil <@178165057102938112> 2
[09:14:33.566] MESSAGE 421234265989054465 by <@178165057102938112>/FrelonMCR2/FrelonMCR2 in channel "dev_bot" : !profil <@178165057102938112>
[09:14:40.528] MESSAGE 421234295630200832 by <@178165057102938112>/FrelonMCR2/FrelonMCR2 in channel "dev_bot" : !adminProfil <@178165057102938112> 1
[09:14:42.360] MESSAGE 421234303268028426 by <@178165057102938112>/FrelonMCR2/FrelonMCR2 in channel "dev_bot" : !profil
[09:16:24.748] MESSAGE 421234732735397908 by <@178165057102938112>/FrelonMCR2/FrelonMCR2 in channel "dev_bot" : !mentionWiloki <@238969660765241355> 6
[09:16:28.516] MESSAGE 421234748199796778 by <@178165057102938112>/FrelonMCR2/FrelonMCR2 in channel "dev_bot" : !profil <@238969660765241355>
[09:16:46.021] MESSAGE 421234821969346570 by <@178165057102938112>/FrelonMCR2/FrelonMCR2 in channel "dev_bot" : !mentionWiloki <@238969660765241355> 0
[09:16:51.567] MESSAGE 421234845075898369 by <@178165057102938112>/FrelonMCR2/FrelonMCR2 in channel "dev_bot" : !profil <@238969660765241355>
[09:17:17.436] MESSAGE 421234953565503490 by <@178165057102938112>/FrelonMCR2/FrelonMCR2 in channel "dev_bot" : !profil <@238969660765241355>
[19:56:24.032] MESSAGE 421395789928071178 by <@178165057102938112>/FrelonMCR2/FrelonMCR2 in channel "dev_bot" : !log 2018-03-08 command
[19:56:59.183] MESSAGE 421395936959266819 by <@178165057102938112>/FrelonMCR2/FrelonMCR2 in channel "dev_bot" : !log 2018-03-08 command
[19:58:08.666] MESSAGE 421396228794875914 by <@178165057102938112>/FrelonMCR2/FrelonMCR2 in channel "dev_bot" : !log 2018-03-08 command
[19:58:58.719] MESSAGE 421396438744956939 by <@178165057102938112>/FrelonMCR2/FrelonMCR2 in channel "dev_bot" : !log 2018-03-08 command
[19:59:46.955] MESSAGE 421396640977649664 by <@178165057102938112>/FrelonMCR2/FrelonMCR2 in channel "dev_bot" : !log 2018-03-08 command
[20:00:10.800] MESSAGE 421396740785307656 by <@178165057102938112>/FrelonMCR2/FrelonMCR2 in channel "dev_bot" : !log 2018-03-08 command
[20:02:08.658] MESSAGE 421397234983239714 by <@178165057102938112>/FrelonMCR2/FrelonMCR2 in channel "dev_bot" : !log 2018-03-08 command
[20:02:48.790] MESSAGE 421397403485339659 by <@178165057102938112>/FrelonMCR2/FrelonMCR2 in channel "dev_bot" : !log 2018-03-08 command
[20:09:31.537] MESSAGE 421399092628029441 by <@178165057102938112>/FrelonMCR2/FrelonMCR2 in channel "dev_bot" : !log 2018-03-08 command
[20:11:33.479] MESSAGE 421399604395769866 by <@178165057102938112>/FrelonMCR2/FrelonMCR2 in channel "dev_bot" : !log 2018-03-08 command
[20:12:04.588] MESSAGE 421399734746349569 by <@178165057102938112>/FrelonMCR2/FrelonMCR2 in channel "dev_bot" : !log 2018-03-08 command
[20:12:30.840] MESSAGE 421399844947623939 by <@178165057102938112>/FrelonMCR2/FrelonMCR2 in channel "dev_bot" : !log 2018-03-08 command
[20:13:11.550] MESSAGE 421400015471378445 by <@178165057102938112>/FrelonMCR2/FrelonMCR2 in channel "dev_bot" : !log 2018-03-08 command
[20:14:46.583] MESSAGE 421400414290968576 by <@178165057102938112>/FrelonMCR2/FrelonMCR2 in channel "dev_bot" : !log 2018-03-08 command
[20:15:20.358] MESSAGE 421400555928289281 by <@178165057102938112>/FrelonMCR2/FrelonMCR2 in channel "dev_bot" : !log 2018-03-08 commabd
[20:15:28.224] MESSAGE 421400588815958017 by <@178165057102938112>/FrelonMCR2/FrelonMCR2 in channel "dev_bot" : !log 2018-03-08 command
[20:16:14.337] MESSAGE 421400782169178125 by <@178165057102938112>/FrelonMCR2/FrelonMCR2 in channel "dev_bot" : !log 2018-03-08 command
[20:18:20.445] MESSAGE 421401311272108053 by <@178165057102938112>/FrelonMCR2/FrelonMCR2 in channel "dev_bot" : !log 2018-03-08 command
[20:19:37.828] MESSAGE 421401635735207946 by <@178165057102938112>/FrelonMCR2/FrelonMCR2 in channel "dev_bot" : !log 2018-03-08 command
[20:21:07.772] MESSAGE 421402012920578049 by <@178165057102938112>/FrelonMCR2/FrelonMCR2 in channel "dev_bot" : !log 2018-03-08 command
[20:21:24.223] MESSAGE 421402081916747807 by <@178165057102938112>/FrelonMCR2/FrelonMCR2 in channel "dev_bot" : !log 2018-03-08 command
[20:22:31.761] MESSAGE 421402365350903818 by <@178165057102938112>/FrelonMCR2/FrelonMCR2 in channel "dev_bot" : !log 2018-03-08 command
[20:23:55.070] MESSAGE 421402714745077760 by <@178165057102938112>/FrelonMCR2/FrelonMCR2 in channel "dev_bot" : !log 2018-03-08 command
[20:25:16.213] MESSAGE 421403055129624596 by <@178165057102938112>/FrelonMCR2/FrelonMCR2 in channel "dev_bot" : !log 2018-13-08 message
[20:25:29.254] MESSAGE 421403109550718977 by <@178165057102938112>/FrelonMCR2/FrelonMCR2 in channel "dev_bot" : !log 2018-03-08 message
[20:28:29.589] MESSAGE 421403866009960458 by <@178165057102938112>/FrelonMCR2/FrelonMCR2 in channel "dev_bot" : !log 2018-03-08 voiceUpdate
[20:28:49.499] MESSAGE 421403949724073994 by <@178165057102938112>/FrelonMCR2/FrelonMCR2 in channel "dev_bot" : !log 2018-03-08 voiceupdate
[20:29:39.856] MESSAGE 421404160945291265 by <@178165057102938112>/FrelonMCR2/FrelonMCR2 in channel "dev_bot" : !log 2018-03-08 voiceupdate
[20:31:39.714] MESSAGE 421404663557128193 by <@178165057102938112>/FrelonMCR2/FrelonMCR2 in channel "dev_bot" : !log 2018-03-08 command
[20:32:28.847] MESSAGE 421404869656576011 by <@178165057102938112>/FrelonMCR2/FrelonMCR2 in channel "dev_bot" : !log 2018-03-08 command
[20:33:45.046] MESSAGE 421405189006819343 by <@178165057102938112>/FrelonMCR2/FrelonMCR2 in channel "dev_bot" : !log 2018-03-08 command
[20:34:15.063] MESSAGE 421405314810904577 by <@178165057102938112>/FrelonMCR2/FrelonMCR2 in channel "dev_bot" : !log 2018-03-08 command
[20:34:57.757] MESSAGE 421405494188572673 by <@178165057102938112>/FrelonMCR2/FrelonMCR2 in channel "dev_bot" : !log 2018-03-08 command
[20:35:26.522] MESSAGE 421405614980464650 by <@178165057102938112>/FrelonMCR2/FrelonMCR2 in channel "dev_bot" : !log 2018-03-08 command <@178165057102938112>
[20:36:46.728] MESSAGE 421405950847483905 by <@178165057102938112>/FrelonMCR2/FrelonMCR2 in channel "dev_bot" : !log 2018-03-08 command <@238969660765241355>
[20:37:39.461] MESSAGE 421406172432695307 by <@178165057102938112>/FrelonMCR2/FrelonMCR2 in channel "dev_bot" : !log 2018-03-08 message <@238969660765241355>
[20:39:26.380] MESSAGE 421406620791341057 by <@178165057102938112>/FrelonMCR2/FrelonMCR2 in channel "dev_bot" : !log 2018-03-07 voiceupdate <@178165057102938112>
[20:42:00.834] MESSAGE 421407268790337572 by <@178165057102938112>/FrelonMCR2/FrelonMCR2 in channel "dev_bot" : !log 2018-03-08 command <@178165057102938112>
